[0.045s] DEBUG:colcon:Command line arguments: ['/usr/bin/colcon', 'build']
[0.045s] DEBUG:colcon:Parsed command line arguments: Namespace(ament_cmake_args=None, base_paths=['.'], build_base='build', catkin_cmake_args=None, catkin_skip_building_tests=False, cmake_args=None, cmake_clean_cache=False, cmake_clean_first=False, cmake_force_configure=False, cmake_target=None, cmake_target_skip_unavailable=False, continue_on_error=False, event_handlers=None, executor='sequential', install_base='install', log_base=None, log_level=None, main=<bound method BuildVerb.main of <colcon_core.verb.build.BuildVerb object at 0xffff8fccfe50>>, merge_install=False, paths=None, symlink_install=False, test_result_base=None, verb_extension=<colcon_core.verb.build.BuildVerb object at 0xffff8fccfe50>, verb_name='build', verb_parser=CustomArgumentParser(prog='colcon build', usage=None, description='Build a set of packages.', formatter_class=<class 'colcon_core.command.CustomFormatter'>, conflict_handler='error', add_help=True))
[0.064s] Level 1:colcon.colcon_core.package_discovery:discover_packages(recursive) check parameters
[0.064s] Level 1:colcon.colcon_core.package_discovery:discover_packages(path) check parameters
[0.064s] Level 1:colcon.colcon_core.package_discovery:discover_packages(recursive) discover
[0.064s] INFO:colcon.colcon_core.package_discovery:Crawling recursively for packages in '/home/lucas/catkin_ws'
[0.065s] Level 1:colcon.colcon_core.package_identification:_identify(.) by extensions ['ignore', 'ignore_ament_install']
[0.065s] Level 1:colcon.colcon_core.package_identification:_identify(.) by extension 'ignore'
[0.065s] Level 1:colcon.colcon_core.package_identification:_identify(.) by extension 'ignore_ament_install'
[0.065s] Level 1:colcon.colcon_core.package_identification:_identify(.) by extensions ['ros']
[0.065s] Level 1:colcon.colcon_core.package_identification:_identify(.) by extension 'ros'
[0.079s] Level 1:colcon.colcon_core.package_identification:_identify(.) by extensions ['cmake', 'python']
[0.079s] Level 1:colcon.colcon_core.package_identification:_identify(.) by extension 'cmake'
[0.080s] Level 1:colcon.colcon_core.package_identification:_identify(.) by extension 'python'
[0.080s] Level 1:colcon.colcon_core.package_identification:_identify(.) by extensions ['python_setup_py']
[0.080s] Level 1:colcon.colcon_core.package_identification:_identify(.) by extension 'python_setup_py'
[0.080s] Level 1:colcon.colcon_core.package_identification:_identify(build) by extensions ['ignore', 'ignore_ament_install']
[0.080s] Level 1:colcon.colcon_core.package_identification:_identify(build) by extension 'ignore'
[0.080s] Level 1:colcon.colcon_core.package_identification:_identify(build) ignored
[0.080s] Level 1:colcon.colcon_core.package_identification:_identify(install) by extensions ['ignore', 'ignore_ament_install']
[0.080s] Level 1:colcon.colcon_core.package_identification:_identify(install) by extension 'ignore'
[0.080s] Level 1:colcon.colcon_core.package_identification:_identify(install) ignored
[0.080s] Level 1:colcon.colcon_core.package_identification:_identify(log) by extensions ['ignore', 'ignore_ament_install']
[0.080s] Level 1:colcon.colcon_core.package_identification:_identify(log) by extension 'ignore'
[0.080s] Level 1:colcon.colcon_core.package_identification:_identify(log) ignored
[0.080s] Level 1:colcon.colcon_core.package_identification:_identify(src) by extensions ['ignore', 'ignore_ament_install']
[0.080s] Level 1:colcon.colcon_core.package_identification:_identify(src) by extension 'ignore'
[0.080s] Level 1:colcon.colcon_core.package_identification:_identify(src) by extension 'ignore_ament_install'
[0.080s] Level 1:colcon.colcon_core.package_identification:_identify(src) by extensions ['ros']
[0.080s] Level 1:colcon.colcon_core.package_identification:_identify(src) by extension 'ros'
[0.080s] Level 1:colcon.colcon_core.package_identification:_identify(src) by extensions ['cmake', 'python']
[0.080s] Level 1:colcon.colcon_core.package_identification:_identify(src) by extension 'cmake'
[0.080s] Level 1:colcon.colcon_core.package_identification:_identify(src) by extension 'python'
[0.080s] Level 1:colcon.colcon_core.package_identification:_identify(src) by extensions ['python_setup_py']
[0.080s] Level 1:colcon.colcon_core.package_identification:_identify(src) by extension 'python_setup_py'
[0.081s] Level 1:colcon.colcon_core.package_identification:_identify(src/learning_action) by extensions ['ignore', 'ignore_ament_install']
[0.081s] Level 1:colcon.colcon_core.package_identification:_identify(src/learning_action) by extension 'ignore'
[0.081s] Level 1:colcon.colcon_core.package_identification:_identify(src/learning_action) by extension 'ignore_ament_install'
[0.081s] Level 1:colcon.colcon_core.package_identification:_identify(src/learning_action) by extensions ['ros']
[0.081s] Level 1:colcon.colcon_core.package_identification:_identify(src/learning_action) by extension 'ros'
[0.082s] DEBUG:colcon.colcon_core.package_identification:Package 'src/learning_action' with type 'ros.ament_python' and name 'learning_action'
[0.082s] Level 1:colcon.colcon_core.package_identification:_identify(src/learning_interface) by extensions ['ignore', 'ignore_ament_install']
[0.082s] Level 1:colcon.colcon_core.package_identification:_identify(src/learning_interface) by extension 'ignore'
[0.082s] Level 1:colcon.colcon_core.package_identification:_identify(src/learning_interface) by extension 'ignore_ament_install'
[0.082s] Level 1:colcon.colcon_core.package_identification:_identify(src/learning_interface) by extensions ['ros']
[0.082s] Level 1:colcon.colcon_core.package_identification:_identify(src/learning_interface) by extension 'ros'
[0.083s] DEBUG:colcon.colcon_core.package_identification:Package 'src/learning_interface' with type 'ros.ament_cmake' and name 'learning_interface'
[0.083s] Level 1:colcon.colcon_core.package_identification:_identify(src/learning_launch) by extensions ['ignore', 'ignore_ament_install']
[0.083s] Level 1:colcon.colcon_core.package_identification:_identify(src/learning_launch) by extension 'ignore'
[0.083s] Level 1:colcon.colcon_core.package_identification:_identify(src/learning_launch) by extension 'ignore_ament_install'
[0.083s] Level 1:colcon.colcon_core.package_identification:_identify(src/learning_launch) by extensions ['ros']
[0.083s] Level 1:colcon.colcon_core.package_identification:_identify(src/learning_launch) by extension 'ros'
[0.083s] DEBUG:colcon.colcon_core.package_identification:Package 'src/learning_launch' with type 'ros.ament_python' and name 'learning_launch'
[0.083s] Level 1:colcon.colcon_core.package_identification:_identify(src/learning_node_python) by extensions ['ignore', 'ignore_ament_install']
[0.083s] Level 1:colcon.colcon_core.package_identification:_identify(src/learning_node_python) by extension 'ignore'
[0.084s] Level 1:colcon.colcon_core.package_identification:_identify(src/learning_node_python) by extension 'ignore_ament_install'
[0.084s] Level 1:colcon.colcon_core.package_identification:_identify(src/learning_node_python) by extensions ['ros']
[0.084s] Level 1:colcon.colcon_core.package_identification:_identify(src/learning_node_python) by extension 'ros'
[0.084s] DEBUG:colcon.colcon_core.package_identification:Package 'src/learning_node_python' with type 'ros.ament_python' and name 'learning_node_python'
[0.084s] Level 1:colcon.colcon_core.package_identification:_identify(src/learning_parameter) by extensions ['ignore', 'ignore_ament_install']
[0.084s] Level 1:colcon.colcon_core.package_identification:_identify(src/learning_parameter) by extension 'ignore'
[0.084s] Level 1:colcon.colcon_core.package_identification:_identify(src/learning_parameter) by extension 'ignore_ament_install'
[0.084s] Level 1:colcon.colcon_core.package_identification:_identify(src/learning_parameter) by extensions ['ros']
[0.084s] Level 1:colcon.colcon_core.package_identification:_identify(src/learning_parameter) by extension 'ros'
[0.084s] DEBUG:colcon.colcon_core.package_identification:Package 'src/learning_parameter' with type 'ros.ament_python' and name 'learning_parameter'
[0.084s] Level 1:colcon.colcon_core.package_identification:_identify(src/learning_pkg_c) by extensions ['ignore', 'ignore_ament_install']
[0.084s] Level 1:colcon.colcon_core.package_identification:_identify(src/learning_pkg_c) by extension 'ignore'
[0.084s] Level 1:colcon.colcon_core.package_identification:_identify(src/learning_pkg_c) by extension 'ignore_ament_install'
[0.085s] Level 1:colcon.colcon_core.package_identification:_identify(src/learning_pkg_c) by extensions ['ros']
[0.085s] Level 1:colcon.colcon_core.package_identification:_identify(src/learning_pkg_c) by extension 'ros'
[0.085s] DEBUG:colcon.colcon_core.package_identification:Package 'src/learning_pkg_c' with type 'ros.ament_cmake' and name 'learning_pkg_c'
[0.085s] Level 1:colcon.colcon_core.package_identification:_identify(src/learning_pkg_python) by extensions ['ignore', 'ignore_ament_install']
[0.085s] Level 1:colcon.colcon_core.package_identification:_identify(src/learning_pkg_python) by extension 'ignore'
[0.085s] Level 1:colcon.colcon_core.package_identification:_identify(src/learning_pkg_python) by extension 'ignore_ament_install'
[0.085s] Level 1:colcon.colcon_core.package_identification:_identify(src/learning_pkg_python) by extensions ['ros']
[0.085s] Level 1:colcon.colcon_core.package_identification:_identify(src/learning_pkg_python) by extension 'ros'
[0.085s] DEBUG:colcon.colcon_core.package_identification:Package 'src/learning_pkg_python' with type 'ros.ament_python' and name 'learning_pkg_python'
[0.085s] Level 1:colcon.colcon_core.package_identification:_identify(src/learning_qos) by extensions ['ignore', 'ignore_ament_install']
[0.085s] Level 1:colcon.colcon_core.package_identification:_identify(src/learning_qos) by extension 'ignore'
[0.085s] Level 1:colcon.colcon_core.package_identification:_identify(src/learning_qos) by extension 'ignore_ament_install'
[0.086s] Level 1:colcon.colcon_core.package_identification:_identify(src/learning_qos) by extensions ['ros']
[0.086s] Level 1:colcon.colcon_core.package_identification:_identify(src/learning_qos) by extension 'ros'
[0.086s] DEBUG:colcon.colcon_core.package_identification:Package 'src/learning_qos' with type 'ros.ament_python' and name 'learning_qos'
[0.086s] Level 1:colcon.colcon_core.package_identification:_identify(src/learning_service) by extensions ['ignore', 'ignore_ament_install']
[0.086s] Level 1:colcon.colcon_core.package_identification:_identify(src/learning_service) by extension 'ignore'
[0.086s] Level 1:colcon.colcon_core.package_identification:_identify(src/learning_service) by extension 'ignore_ament_install'
[0.086s] Level 1:colcon.colcon_core.package_identification:_identify(src/learning_service) by extensions ['ros']
[0.086s] Level 1:colcon.colcon_core.package_identification:_identify(src/learning_service) by extension 'ros'
[0.086s] DEBUG:colcon.colcon_core.package_identification:Package 'src/learning_service' with type 'ros.ament_python' and name 'learning_service'
[0.086s] Level 1:colcon.colcon_core.package_identification:_identify(src/learning_topic) by extensions ['ignore', 'ignore_ament_install']
[0.086s] Level 1:colcon.colcon_core.package_identification:_identify(src/learning_topic) by extension 'ignore'
[0.086s] Level 1:colcon.colcon_core.package_identification:_identify(src/learning_topic) by extension 'ignore_ament_install'
[0.087s] Level 1:colcon.colcon_core.package_identification:_identify(src/learning_topic) by extensions ['ros']
[0.087s] Level 1:colcon.colcon_core.package_identification:_identify(src/learning_topic) by extension 'ros'
[0.087s] DEBUG:colcon.colcon_core.package_identification:Package 'src/learning_topic' with type 'ros.ament_python' and name 'learning_topic'
[0.087s] Level 1:colcon.colcon_core.package_discovery:discover_packages(recursive) using defaults
[0.087s] Level 1:colcon.colcon_core.package_discovery:discover_packages(path) discover
[0.087s] Level 1:colcon.colcon_core.package_discovery:discover_packages(path) using defaults
[0.103s] Level 5:colcon.colcon_core.verb:set package 'learning_action' build argument 'cmake_args' from command line to 'None'
[0.103s] Level 5:colcon.colcon_core.verb:set package 'learning_action' build argument 'cmake_target' from command line to 'None'
[0.103s] Level 5:colcon.colcon_core.verb:set package 'learning_action' build argument 'cmake_target_skip_unavailable' from command line to 'False'
[0.103s] Level 5:colcon.colcon_core.verb:set package 'learning_action' build argument 'cmake_clean_cache' from command line to 'False'
[0.103s] Level 5:colcon.colcon_core.verb:set package 'learning_action' build argument 'cmake_clean_first' from command line to 'False'
[0.103s] Level 5:colcon.colcon_core.verb:set package 'learning_action' build argument 'cmake_force_configure' from command line to 'False'
[0.103s] Level 5:colcon.colcon_core.verb:set package 'learning_action' build argument 'ament_cmake_args' from command line to 'None'
[0.103s] Level 5:colcon.colcon_core.verb:set package 'learning_action' build argument 'catkin_cmake_args' from command line to 'None'
[0.103s] Level 5:colcon.colcon_core.verb:set package 'learning_action' build argument 'catkin_skip_building_tests' from command line to 'False'
[0.103s] DEBUG:colcon.colcon_core.verb:Building package 'learning_action' with the following arguments: {'ament_cmake_args': None, 'build_base': '/home/lucas/catkin_ws/build/learning_action', 'catkin_cmake_args': None, 'catkin_skip_building_tests': False, 'cmake_args': None, 'cmake_clean_cache': False, 'cmake_clean_first': False, 'cmake_force_configure': False, 'cmake_target': None, 'cmake_target_skip_unavailable': False, 'install_base': '/home/lucas/catkin_ws/install/learning_action', 'merge_install': False, 'path': '/home/lucas/catkin_ws/src/learning_action', 'symlink_install': False, 'test_result_base': None}
[0.104s] Level 5:colcon.colcon_core.verb:set package 'learning_interface' build argument 'cmake_args' from command line to 'None'
[0.104s] Level 5:colcon.colcon_core.verb:set package 'learning_interface' build argument 'cmake_target' from command line to 'None'
[0.104s] Level 5:colcon.colcon_core.verb:set package 'learning_interface' build argument 'cmake_target_skip_unavailable' from command line to 'False'
[0.104s] Level 5:colcon.colcon_core.verb:set package 'learning_interface' build argument 'cmake_clean_cache' from command line to 'False'
[0.104s] Level 5:colcon.colcon_core.verb:set package 'learning_interface' build argument 'cmake_clean_first' from command line to 'False'
[0.104s] Level 5:colcon.colcon_core.verb:set package 'learning_interface' build argument 'cmake_force_configure' from command line to 'False'
[0.104s] Level 5:colcon.colcon_core.verb:set package 'learning_interface' build argument 'ament_cmake_args' from command line to 'None'
[0.104s] Level 5:colcon.colcon_core.verb:set package 'learning_interface' build argument 'catkin_cmake_args' from command line to 'None'
[0.104s] Level 5:colcon.colcon_core.verb:set package 'learning_interface' build argument 'catkin_skip_building_tests' from command line to 'False'
[0.104s] DEBUG:colcon.colcon_core.verb:Building package 'learning_interface' with the following arguments: {'ament_cmake_args': None, 'build_base': '/home/lucas/catkin_ws/build/learning_interface', 'catkin_cmake_args': None, 'catkin_skip_building_tests': False, 'cmake_args': None, 'cmake_clean_cache': False, 'cmake_clean_first': False, 'cmake_force_configure': False, 'cmake_target': None, 'cmake_target_skip_unavailable': False, 'install_base': '/home/lucas/catkin_ws/install/learning_interface', 'merge_install': False, 'path': '/home/lucas/catkin_ws/src/learning_interface', 'symlink_install': False, 'test_result_base': None}
[0.104s] Level 5:colcon.colcon_core.verb:set package 'learning_launch' build argument 'cmake_args' from command line to 'None'
[0.104s] Level 5:colcon.colcon_core.verb:set package 'learning_launch' build argument 'cmake_target' from command line to 'None'
[0.104s] Level 5:colcon.colcon_core.verb:set package 'learning_launch' build argument 'cmake_target_skip_unavailable' from command line to 'False'
[0.104s] Level 5:colcon.colcon_core.verb:set package 'learning_launch' build argument 'cmake_clean_cache' from command line to 'False'
[0.104s] Level 5:colcon.colcon_core.verb:set package 'learning_launch' build argument 'cmake_clean_first' from command line to 'False'
[0.104s] Level 5:colcon.colcon_core.verb:set package 'learning_launch' build argument 'cmake_force_configure' from command line to 'False'
[0.104s] Level 5:colcon.colcon_core.verb:set package 'learning_launch' build argument 'ament_cmake_args' from command line to 'None'
[0.104s] Level 5:colcon.colcon_core.verb:set package 'learning_launch' build argument 'catkin_cmake_args' from command line to 'None'
[0.104s] Level 5:colcon.colcon_core.verb:set package 'learning_launch' build argument 'catkin_skip_building_tests' from command line to 'False'
[0.104s] DEBUG:colcon.colcon_core.verb:Building package 'learning_launch' with the following arguments: {'ament_cmake_args': None, 'build_base': '/home/lucas/catkin_ws/build/learning_launch', 'catkin_cmake_args': None, 'catkin_skip_building_tests': False, 'cmake_args': None, 'cmake_clean_cache': False, 'cmake_clean_first': False, 'cmake_force_configure': False, 'cmake_target': None, 'cmake_target_skip_unavailable': False, 'install_base': '/home/lucas/catkin_ws/install/learning_launch', 'merge_install': False, 'path': '/home/lucas/catkin_ws/src/learning_launch', 'symlink_install': False, 'test_result_base': None}
[0.105s] Level 5:colcon.colcon_core.verb:set package 'learning_node_python' build argument 'cmake_args' from command line to 'None'
[0.105s] Level 5:colcon.colcon_core.verb:set package 'learning_node_python' build argument 'cmake_target' from command line to 'None'
[0.105s] Level 5:colcon.colcon_core.verb:set package 'learning_node_python' build argument 'cmake_target_skip_unavailable' from command line to 'False'
[0.105s] Level 5:colcon.colcon_core.verb:set package 'learning_node_python' build argument 'cmake_clean_cache' from command line to 'False'
[0.105s] Level 5:colcon.colcon_core.verb:set package 'learning_node_python' build argument 'cmake_clean_first' from command line to 'False'
[0.105s] Level 5:colcon.colcon_core.verb:set package 'learning_node_python' build argument 'cmake_force_configure' from command line to 'False'
[0.105s] Level 5:colcon.colcon_core.verb:set package 'learning_node_python' build argument 'ament_cmake_args' from command line to 'None'
[0.105s] Level 5:colcon.colcon_core.verb:set package 'learning_node_python' build argument 'catkin_cmake_args' from command line to 'None'
[0.105s] Level 5:colcon.colcon_core.verb:set package 'learning_node_python' build argument 'catkin_skip_building_tests' from command line to 'False'
[0.105s] DEBUG:colcon.colcon_core.verb:Building package 'learning_node_python' with the following arguments: {'ament_cmake_args': None, 'build_base': '/home/lucas/catkin_ws/build/learning_node_python', 'catkin_cmake_args': None, 'catkin_skip_building_tests': False, 'cmake_args': None, 'cmake_clean_cache': False, 'cmake_clean_first': False, 'cmake_force_configure': False, 'cmake_target': None, 'cmake_target_skip_unavailable': False, 'install_base': '/home/lucas/catkin_ws/install/learning_node_python', 'merge_install': False, 'path': '/home/lucas/catkin_ws/src/learning_node_python', 'symlink_install': False, 'test_result_base': None}
[0.105s] Level 5:colcon.colcon_core.verb:set package 'learning_parameter' build argument 'cmake_args' from command line to 'None'
[0.105s] Level 5:colcon.colcon_core.verb:set package 'learning_parameter' build argument 'cmake_target' from command line to 'None'
[0.105s] Level 5:colcon.colcon_core.verb:set package 'learning_parameter' build argument 'cmake_target_skip_unavailable' from command line to 'False'
[0.105s] Level 5:colcon.colcon_core.verb:set package 'learning_parameter' build argument 'cmake_clean_cache' from command line to 'False'
[0.105s] Level 5:colcon.colcon_core.verb:set package 'learning_parameter' build argument 'cmake_clean_first' from command line to 'False'
[0.105s] Level 5:colcon.colcon_core.verb:set package 'learning_parameter' build argument 'cmake_force_configure' from command line to 'False'
[0.105s] Level 5:colcon.colcon_core.verb:set package 'learning_parameter' build argument 'ament_cmake_args' from command line to 'None'
[0.105s] Level 5:colcon.colcon_core.verb:set package 'learning_parameter' build argument 'catkin_cmake_args' from command line to 'None'
[0.105s] Level 5:colcon.colcon_core.verb:set package 'learning_parameter' build argument 'catkin_skip_building_tests' from command line to 'False'
[0.106s] DEBUG:colcon.colcon_core.verb:Building package 'learning_parameter' with the following arguments: {'ament_cmake_args': None, 'build_base': '/home/lucas/catkin_ws/build/learning_parameter', 'catkin_cmake_args': None, 'catkin_skip_building_tests': False, 'cmake_args': None, 'cmake_clean_cache': False, 'cmake_clean_first': False, 'cmake_force_configure': False, 'cmake_target': None, 'cmake_target_skip_unavailable': False, 'install_base': '/home/lucas/catkin_ws/install/learning_parameter', 'merge_install': False, 'path': '/home/lucas/catkin_ws/src/learning_parameter', 'symlink_install': False, 'test_result_base': None}
[0.106s] Level 5:colcon.colcon_core.verb:set package 'learning_pkg_c' build argument 'cmake_args' from command line to 'None'
[0.106s] Level 5:colcon.colcon_core.verb:set package 'learning_pkg_c' build argument 'cmake_target' from command line to 'None'
[0.106s] Level 5:colcon.colcon_core.verb:set package 'learning_pkg_c' build argument 'cmake_target_skip_unavailable' from command line to 'False'
[0.106s] Level 5:colcon.colcon_core.verb:set package 'learning_pkg_c' build argument 'cmake_clean_cache' from command line to 'False'
[0.106s] Level 5:colcon.colcon_core.verb:set package 'learning_pkg_c' build argument 'cmake_clean_first' from command line to 'False'
[0.106s] Level 5:colcon.colcon_core.verb:set package 'learning_pkg_c' build argument 'cmake_force_configure' from command line to 'False'
[0.106s] Level 5:colcon.colcon_core.verb:set package 'learning_pkg_c' build argument 'ament_cmake_args' from command line to 'None'
[0.106s] Level 5:colcon.colcon_core.verb:set package 'learning_pkg_c' build argument 'catkin_cmake_args' from command line to 'None'
[0.106s] Level 5:colcon.colcon_core.verb:set package 'learning_pkg_c' build argument 'catkin_skip_building_tests' from command line to 'False'
[0.106s] DEBUG:colcon.colcon_core.verb:Building package 'learning_pkg_c' with the following arguments: {'ament_cmake_args': None, 'build_base': '/home/lucas/catkin_ws/build/learning_pkg_c', 'catkin_cmake_args': None, 'catkin_skip_building_tests': False, 'cmake_args': None, 'cmake_clean_cache': False, 'cmake_clean_first': False, 'cmake_force_configure': False, 'cmake_target': None, 'cmake_target_skip_unavailable': False, 'install_base': '/home/lucas/catkin_ws/install/learning_pkg_c', 'merge_install': False, 'path': '/home/lucas/catkin_ws/src/learning_pkg_c', 'symlink_install': False, 'test_result_base': None}
[0.106s] Level 5:colcon.colcon_core.verb:set package 'learning_pkg_python' build argument 'cmake_args' from command line to 'None'
[0.106s] Level 5:colcon.colcon_core.verb:set package 'learning_pkg_python' build argument 'cmake_target' from command line to 'None'
[0.106s] Level 5:colcon.colcon_core.verb:set package 'learning_pkg_python' build argument 'cmake_target_skip_unavailable' from command line to 'False'
[0.106s] Level 5:colcon.colcon_core.verb:set package 'learning_pkg_python' build argument 'cmake_clean_cache' from command line to 'False'
[0.106s] Level 5:colcon.colcon_core.verb:set package 'learning_pkg_python' build argument 'cmake_clean_first' from command line to 'False'
[0.107s] Level 5:colcon.colcon_core.verb:set package 'learning_pkg_python' build argument 'cmake_force_configure' from command line to 'False'
[0.107s] Level 5:colcon.colcon_core.verb:set package 'learning_pkg_python' build argument 'ament_cmake_args' from command line to 'None'
[0.107s] Level 5:colcon.colcon_core.verb:set package 'learning_pkg_python' build argument 'catkin_cmake_args' from command line to 'None'
[0.107s] Level 5:colcon.colcon_core.verb:set package 'learning_pkg_python' build argument 'catkin_skip_building_tests' from command line to 'False'
[0.107s] DEBUG:colcon.colcon_core.verb:Building package 'learning_pkg_python' with the following arguments: {'ament_cmake_args': None, 'build_base': '/home/lucas/catkin_ws/build/learning_pkg_python', 'catkin_cmake_args': None, 'catkin_skip_building_tests': False, 'cmake_args': None, 'cmake_clean_cache': False, 'cmake_clean_first': False, 'cmake_force_configure': False, 'cmake_target': None, 'cmake_target_skip_unavailable': False, 'install_base': '/home/lucas/catkin_ws/install/learning_pkg_python', 'merge_install': False, 'path': '/home/lucas/catkin_ws/src/learning_pkg_python', 'symlink_install': False, 'test_result_base': None}
[0.107s] Level 5:colcon.colcon_core.verb:set package 'learning_qos' build argument 'cmake_args' from command line to 'None'
[0.107s] Level 5:colcon.colcon_core.verb:set package 'learning_qos' build argument 'cmake_target' from command line to 'None'
[0.107s] Level 5:colcon.colcon_core.verb:set package 'learning_qos' build argument 'cmake_target_skip_unavailable' from command line to 'False'
[0.107s] Level 5:colcon.colcon_core.verb:set package 'learning_qos' build argument 'cmake_clean_cache' from command line to 'False'
[0.107s] Level 5:colcon.colcon_core.verb:set package 'learning_qos' build argument 'cmake_clean_first' from command line to 'False'
[0.107s] Level 5:colcon.colcon_core.verb:set package 'learning_qos' build argument 'cmake_force_configure' from command line to 'False'
[0.107s] Level 5:colcon.colcon_core.verb:set package 'learning_qos' build argument 'ament_cmake_args' from command line to 'None'
[0.107s] Level 5:colcon.colcon_core.verb:set package 'learning_qos' build argument 'catkin_cmake_args' from command line to 'None'
[0.107s] Level 5:colcon.colcon_core.verb:set package 'learning_qos' build argument 'catkin_skip_building_tests' from command line to 'False'
[0.107s] DEBUG:colcon.colcon_core.verb:Building package 'learning_qos' with the following arguments: {'ament_cmake_args': None, 'build_base': '/home/lucas/catkin_ws/build/learning_qos', 'catkin_cmake_args': None, 'catkin_skip_building_tests': False, 'cmake_args': None, 'cmake_clean_cache': False, 'cmake_clean_first': False, 'cmake_force_configure': False, 'cmake_target': None, 'cmake_target_skip_unavailable': False, 'install_base': '/home/lucas/catkin_ws/install/learning_qos', 'merge_install': False, 'path': '/home/lucas/catkin_ws/src/learning_qos', 'symlink_install': False, 'test_result_base': None}
[0.108s] Level 5:colcon.colcon_core.verb:set package 'learning_topic' build argument 'cmake_args' from command line to 'None'
[0.108s] Level 5:colcon.colcon_core.verb:set package 'learning_topic' build argument 'cmake_target' from command line to 'None'
[0.108s] Level 5:colcon.colcon_core.verb:set package 'learning_topic' build argument 'cmake_target_skip_unavailable' from command line to 'False'
[0.108s] Level 5:colcon.colcon_core.verb:set package 'learning_topic' build argument 'cmake_clean_cache' from command line to 'False'
[0.108s] Level 5:colcon.colcon_core.verb:set package 'learning_topic' build argument 'cmake_clean_first' from command line to 'False'
[0.108s] Level 5:colcon.colcon_core.verb:set package 'learning_topic' build argument 'cmake_force_configure' from command line to 'False'
[0.108s] Level 5:colcon.colcon_core.verb:set package 'learning_topic' build argument 'ament_cmake_args' from command line to 'None'
[0.108s] Level 5:colcon.colcon_core.verb:set package 'learning_topic' build argument 'catkin_cmake_args' from command line to 'None'
[0.108s] Level 5:colcon.colcon_core.verb:set package 'learning_topic' build argument 'catkin_skip_building_tests' from command line to 'False'
[0.108s] DEBUG:colcon.colcon_core.verb:Building package 'learning_topic' with the following arguments: {'ament_cmake_args': None, 'build_base': '/home/lucas/catkin_ws/build/learning_topic', 'catkin_cmake_args': None, 'catkin_skip_building_tests': False, 'cmake_args': None, 'cmake_clean_cache': False, 'cmake_clean_first': False, 'cmake_force_configure': False, 'cmake_target': None, 'cmake_target_skip_unavailable': False, 'install_base': '/home/lucas/catkin_ws/install/learning_topic', 'merge_install': False, 'path': '/home/lucas/catkin_ws/src/learning_topic', 'symlink_install': False, 'test_result_base': None}
[0.108s] Level 5:colcon.colcon_core.verb:set package 'learning_service' build argument 'cmake_args' from command line to 'None'
[0.108s] Level 5:colcon.colcon_core.verb:set package 'learning_service' build argument 'cmake_target' from command line to 'None'
[0.108s] Level 5:colcon.colcon_core.verb:set package 'learning_service' build argument 'cmake_target_skip_unavailable' from command line to 'False'
[0.108s] Level 5:colcon.colcon_core.verb:set package 'learning_service' build argument 'cmake_clean_cache' from command line to 'False'
[0.108s] Level 5:colcon.colcon_core.verb:set package 'learning_service' build argument 'cmake_clean_first' from command line to 'False'
[0.108s] Level 5:colcon.colcon_core.verb:set package 'learning_service' build argument 'cmake_force_configure' from command line to 'False'
[0.108s] Level 5:colcon.colcon_core.verb:set package 'learning_service' build argument 'ament_cmake_args' from command line to 'None'
[0.108s] Level 5:colcon.colcon_core.verb:set package 'learning_service' build argument 'catkin_cmake_args' from command line to 'None'
[0.108s] Level 5:colcon.colcon_core.verb:set package 'learning_service' build argument 'catkin_skip_building_tests' from command line to 'False'
[0.108s] DEBUG:colcon.colcon_core.verb:Building package 'learning_service' with the following arguments: {'ament_cmake_args': None, 'build_base': '/home/lucas/catkin_ws/build/learning_service', 'catkin_cmake_args': None, 'catkin_skip_building_tests': False, 'cmake_args': None, 'cmake_clean_cache': False, 'cmake_clean_first': False, 'cmake_force_configure': False, 'cmake_target': None, 'cmake_target_skip_unavailable': False, 'install_base': '/home/lucas/catkin_ws/install/learning_service', 'merge_install': False, 'path': '/home/lucas/catkin_ws/src/learning_service', 'symlink_install': False, 'test_result_base': None}
[0.108s] INFO:colcon.colcon_core.executor:Executing jobs using 'sequential' executor
[0.109s] DEBUG:colcon.colcon_core.executor.sequential:run_until_complete 'learning_action'
[0.109s] INFO:colcon.colcon_ros.task.ament_python.build:Building ROS package in '/home/lucas/catkin_ws/src/learning_action' with build type 'ament_python'
[0.110s] Level 1:colcon.colcon_core.shell:create_environment_hook('learning_action', 'ament_prefix_path')
[0.112s] INFO:colcon.colcon_core.plugin_system:Skipping extension 'colcon_core.shell.bat': Not used on non-Windows systems
[0.112s] INFO:colcon.colcon_core.shell:Creating environment descriptor '/home/lucas/catkin_ws/install/learning_action/share/learning_action/hook/ament_prefix_path.dsv'
[0.113s] INFO:colcon.colcon_core.shell:Creating environment hook '/home/lucas/catkin_ws/install/learning_action/share/learning_action/hook/ament_prefix_path.sh'
[0.114s] DEBUG:colcon.colcon_core.shell:Skip shell extension 'dsv' for command environment
[0.246s] INFO:colcon.colcon_core.task.python.build:Building Python package in '/home/lucas/catkin_ws/src/learning_action'
[0.247s] DEBUG:colcon.colcon_core.shell:Skip shell extension 'dsv' for command environment
[0.462s] DEBUG:colcon.colcon_core.event_handler.log_command:Invoking command in '/home/lucas/catkin_ws/src/learning_action': PYTHONPATH=/home/lucas/catkin_ws/install/learning_action/lib/python3.8/site-packages:${PYTHONPATH} /usr/bin/python3 setup.py egg_info --egg-base ../../build/learning_action build --build-base /home/lucas/catkin_ws/build/learning_action/build install --prefix /home/lucas/catkin_ws/install/learning_action --record /home/lucas/catkin_ws/build/learning_action/install.log --single-version-externally-managed
[0.605s] DEBUG:colcon.colcon_core.event_handler.log_command:Invoked command in '/home/lucas/catkin_ws/src/learning_action' returned '0': PYTHONPATH=/home/lucas/catkin_ws/install/learning_action/lib/python3.8/site-packages:${PYTHONPATH} /usr/bin/python3 setup.py egg_info --egg-base ../../build/learning_action build --build-base /home/lucas/catkin_ws/build/learning_action/build install --prefix /home/lucas/catkin_ws/install/learning_action --record /home/lucas/catkin_ws/build/learning_action/install.log --single-version-externally-managed
[0.608s] Level 1:colcon.colcon_core.environment:checking '/home/lucas/catkin_ws/install/learning_action' for CMake module files
[0.608s] Level 1:colcon.colcon_core.environment:checking '/home/lucas/catkin_ws/install/learning_action' for CMake config files
[0.609s] Level 1:colcon.colcon_core.environment:checking '/home/lucas/catkin_ws/install/learning_action/lib'
[0.609s] Level 1:colcon.colcon_core.environment:checking '/home/lucas/catkin_ws/install/learning_action/bin'
[0.609s] Level 1:colcon.colcon_core.environment:checking '/home/lucas/catkin_ws/install/learning_action/lib/pkgconfig/learning_action.pc'
[0.609s] Level 1:colcon.colcon_core.environment:checking '/home/lucas/catkin_ws/install/learning_action/lib/python3.8/site-packages'
[0.609s] Level 1:colcon.colcon_core.shell:create_environment_hook('learning_action', 'pythonpath')
[0.610s] INFO:colcon.colcon_core.shell:Creating environment descriptor '/home/lucas/catkin_ws/install/learning_action/share/learning_action/hook/pythonpath.dsv'
[0.610s] INFO:colcon.colcon_core.shell:Creating environment hook '/home/lucas/catkin_ws/install/learning_action/share/learning_action/hook/pythonpath.sh'
[0.610s] Level 1:colcon.colcon_core.environment:checking '/home/lucas/catkin_ws/install/learning_action/bin'
[0.610s] Level 1:colcon.colcon_core.environment:create_environment_scripts_only(learning_action)
[0.611s] INFO:colcon.colcon_core.shell:Creating package descriptor '/home/lucas/catkin_ws/install/learning_action/share/learning_action/package.dsv'
[0.611s] INFO:colcon.colcon_core.shell:Creating package script '/home/lucas/catkin_ws/install/learning_action/share/learning_action/package.sh'
[0.611s] Level 1:colcon.colcon_core.environment:create_file_with_runtime_dependencies(/home/lucas/catkin_ws/install/learning_action/share/colcon-core/packages/learning_action)
[0.612s] DEBUG:colcon.colcon_core.executor.sequential:run_until_complete 'learning_action' finished with '0'
[0.612s] DEBUG:colcon.colcon_core.executor.sequential:run_until_complete 'learning_interface'
[0.612s] INFO:colcon.colcon_ros.task.ament_cmake.build:Building ROS package in '/home/lucas/catkin_ws/src/learning_interface' with build type 'ament_cmake'
[0.612s] INFO:colcon.colcon_cmake.task.cmake.build:Building CMake package in '/home/lucas/catkin_ws/src/learning_interface'
[0.612s] DEBUG:colcon.colcon_core.shell:Skip shell extension 'dsv' for command environment
[0.619s] DEBUG:colcon.colcon_core.event_handler.log_command:Invoking command in '/home/lucas/catkin_ws/build/learning_interface': CMAKE_PREFIX_PATH=${CMAKE_PREFIX_PATH}:/home/lucas/catkin_ws/install/learning_launch:/home/lucas/catkin_ws/install/learning_topic:/home/lucas/catkin_ws/install/learning_service:/home/lucas/catkin_ws/install/learning_qos:/home/lucas/catkin_ws/install/learning_pkg_python:/home/lucas/catkin_ws/install/learning_parameter:/home/lucas/catkin_ws/install/learning_node_python:/home/lucas/catkin_ws/install/learning_action:/opt/ros/foxy /usr/bin/cmake --build /home/lucas/catkin_ws/build/learning_interface -- -j2 -l2
[1.013s] DEBUG:colcon.colcon_core.event_handler.log_command:Invoked command in '/home/lucas/catkin_ws/build/learning_interface' returned '0': CMAKE_PREFIX_PATH=${CMAKE_PREFIX_PATH}:/home/lucas/catkin_ws/install/learning_launch:/home/lucas/catkin_ws/install/learning_topic:/home/lucas/catkin_ws/install/learning_service:/home/lucas/catkin_ws/install/learning_qos:/home/lucas/catkin_ws/install/learning_pkg_python:/home/lucas/catkin_ws/install/learning_parameter:/home/lucas/catkin_ws/install/learning_node_python:/home/lucas/catkin_ws/install/learning_action:/opt/ros/foxy /usr/bin/cmake --build /home/lucas/catkin_ws/build/learning_interface -- -j2 -l2
[1.116s] DEBUG:colcon.colcon_core.event_handler.log_command:Invoking command in '/home/lucas/catkin_ws/build/learning_interface': CMAKE_PREFIX_PATH=${CMAKE_PREFIX_PATH}:/home/lucas/catkin_ws/install/learning_launch:/home/lucas/catkin_ws/install/learning_topic:/home/lucas/catkin_ws/install/learning_service:/home/lucas/catkin_ws/install/learning_qos:/home/lucas/catkin_ws/install/learning_pkg_python:/home/lucas/catkin_ws/install/learning_parameter:/home/lucas/catkin_ws/install/learning_node_python:/home/lucas/catkin_ws/install/learning_action:/opt/ros/foxy /usr/bin/cmake --install /home/lucas/catkin_ws/build/learning_interface
[1.166s] Level 1:colcon.colcon_core.environment:create_environment_scripts_only(learning_interface)
[1.167s] Level 1:colcon.colcon_core.environment:checking '/home/lucas/catkin_ws/install/learning_interface' for CMake module files
[1.167s] Level 1:colcon.colcon_core.environment:checking '/home/lucas/catkin_ws/install/learning_interface' for CMake config files
[1.168s] Level 1:colcon.colcon_core.shell:create_environment_hook('learning_interface', 'cmake_prefix_path')
[1.168s] INFO:colcon.colcon_core.shell:Creating environment descriptor '/home/lucas/catkin_ws/install/learning_interface/share/learning_interface/hook/cmake_prefix_path.dsv'
[1.168s] INFO:colcon.colcon_core.shell:Creating environment hook '/home/lucas/catkin_ws/install/learning_interface/share/learning_interface/hook/cmake_prefix_path.sh'
[1.169s] Level 1:colcon.colcon_core.environment:checking '/home/lucas/catkin_ws/install/learning_interface/lib'
[1.169s] Level 1:colcon.colcon_core.shell:create_environment_hook('learning_interface', 'ld_library_path_lib')
[1.169s] INFO:colcon.colcon_core.shell:Creating environment descriptor '/home/lucas/catkin_ws/install/learning_interface/share/learning_interface/hook/ld_library_path_lib.dsv'
[1.170s] INFO:colcon.colcon_core.shell:Creating environment hook '/home/lucas/catkin_ws/install/learning_interface/share/learning_interface/hook/ld_library_path_lib.sh'
[1.171s] Level 1:colcon.colcon_core.environment:checking '/home/lucas/catkin_ws/install/learning_interface/bin'
[1.171s] Level 1:colcon.colcon_core.environment:checking '/home/lucas/catkin_ws/install/learning_interface/lib/pkgconfig/learning_interface.pc'
[1.171s] DEBUG:colcon.colcon_core.event_handler.log_command:Invoked command in '/home/lucas/catkin_ws/build/learning_interface' returned '0': CMAKE_PREFIX_PATH=${CMAKE_PREFIX_PATH}:/home/lucas/catkin_ws/install/learning_launch:/home/lucas/catkin_ws/install/learning_topic:/home/lucas/catkin_ws/install/learning_service:/home/lucas/catkin_ws/install/learning_qos:/home/lucas/catkin_ws/install/learning_pkg_python:/home/lucas/catkin_ws/install/learning_parameter:/home/lucas/catkin_ws/install/learning_node_python:/home/lucas/catkin_ws/install/learning_action:/opt/ros/foxy /usr/bin/cmake --install /home/lucas/catkin_ws/build/learning_interface
[1.171s] Level 1:colcon.colcon_core.environment:checking '/home/lucas/catkin_ws/install/learning_interface/lib/python3.8/site-packages'
[1.171s] Level 1:colcon.colcon_core.shell:create_environment_hook('learning_interface', 'pythonpath')
[1.171s] INFO:colcon.colcon_core.shell:Creating environment descriptor '/home/lucas/catkin_ws/install/learning_interface/share/learning_interface/hook/pythonpath.dsv'
[1.172s] INFO:colcon.colcon_core.shell:Creating environment hook '/home/lucas/catkin_ws/install/learning_interface/share/learning_interface/hook/pythonpath.sh'
[1.172s] Level 1:colcon.colcon_core.environment:checking '/home/lucas/catkin_ws/install/learning_interface/bin'
[1.173s] INFO:colcon.colcon_core.shell:Creating package descriptor '/home/lucas/catkin_ws/install/learning_interface/share/learning_interface/package.dsv'
[1.173s] INFO:colcon.colcon_core.shell:Creating package script '/home/lucas/catkin_ws/install/learning_interface/share/learning_interface/package.sh'
[1.173s] Level 1:colcon.colcon_core.environment:create_file_with_runtime_dependencies(/home/lucas/catkin_ws/install/learning_interface/share/colcon-core/packages/learning_interface)
[1.242s] Level 1:colcon.colcon_core.environment:create_environment_scripts_only(learning_interface)
[1.243s] Level 1:colcon.colcon_core.environment:checking '/home/lucas/catkin_ws/install/learning_interface' for CMake module files
[1.244s] Level 1:colcon.colcon_core.environment:checking '/home/lucas/catkin_ws/install/learning_interface' for CMake config files
[1.244s] Level 1:colcon.colcon_core.shell:create_environment_hook('learning_interface', 'cmake_prefix_path')
[1.244s] INFO:colcon.colcon_core.shell:Creating environment descriptor '/home/lucas/catkin_ws/install/learning_interface/share/learning_interface/hook/cmake_prefix_path.dsv'
[1.245s] INFO:colcon.colcon_core.shell:Creating environment hook '/home/lucas/catkin_ws/install/learning_interface/share/learning_interface/hook/cmake_prefix_path.sh'
[1.245s] Level 1:colcon.colcon_core.environment:checking '/home/lucas/catkin_ws/install/learning_interface/lib'
[1.245s] Level 1:colcon.colcon_core.shell:create_environment_hook('learning_interface', 'ld_library_path_lib')
[1.245s] INFO:colcon.colcon_core.shell:Creating environment descriptor '/home/lucas/catkin_ws/install/learning_interface/share/learning_interface/hook/ld_library_path_lib.dsv'
[1.246s] INFO:colcon.colcon_core.shell:Creating environment hook '/home/lucas/catkin_ws/install/learning_interface/share/learning_interface/hook/ld_library_path_lib.sh'
[1.246s] Level 1:colcon.colcon_core.environment:checking '/home/lucas/catkin_ws/install/learning_interface/bin'
[1.246s] Level 1:colcon.colcon_core.environment:checking '/home/lucas/catkin_ws/install/learning_interface/lib/pkgconfig/learning_interface.pc'
[1.246s] Level 1:colcon.colcon_core.environment:checking '/home/lucas/catkin_ws/install/learning_interface/lib/python3.8/site-packages'
[1.246s] Level 1:colcon.colcon_core.shell:create_environment_hook('learning_interface', 'pythonpath')
[1.246s] INFO:colcon.colcon_core.shell:Creating environment descriptor '/home/lucas/catkin_ws/install/learning_interface/share/learning_interface/hook/pythonpath.dsv'
[1.247s] INFO:colcon.colcon_core.shell:Creating environment hook '/home/lucas/catkin_ws/install/learning_interface/share/learning_interface/hook/pythonpath.sh'
[1.247s] Level 1:colcon.colcon_core.environment:checking '/home/lucas/catkin_ws/install/learning_interface/bin'
[1.247s] INFO:colcon.colcon_core.shell:Creating package descriptor '/home/lucas/catkin_ws/install/learning_interface/share/learning_interface/package.dsv'
[1.250s] INFO:colcon.colcon_core.shell:Creating package script '/home/lucas/catkin_ws/install/learning_interface/share/learning_interface/package.sh'
[1.250s] Level 1:colcon.colcon_core.environment:create_file_with_runtime_dependencies(/home/lucas/catkin_ws/install/learning_interface/share/colcon-core/packages/learning_interface)
[1.251s] DEBUG:colcon.colcon_core.executor.sequential:run_until_complete 'learning_interface' finished with '0'
[1.251s] DEBUG:colcon.colcon_core.executor.sequential:run_until_complete 'learning_launch'
[1.251s] INFO:colcon.colcon_ros.task.ament_python.build:Building ROS package in '/home/lucas/catkin_ws/src/learning_launch' with build type 'ament_python'
[1.251s] Level 1:colcon.colcon_core.shell:create_environment_hook('learning_launch', 'ament_prefix_path')
[1.251s] INFO:colcon.colcon_core.shell:Creating environment descriptor '/home/lucas/catkin_ws/install/learning_launch/share/learning_launch/hook/ament_prefix_path.dsv'
[1.251s] INFO:colcon.colcon_core.shell:Creating environment hook '/home/lucas/catkin_ws/install/learning_launch/share/learning_launch/hook/ament_prefix_path.sh'
[1.252s] DEBUG:colcon.colcon_core.shell:Skip shell extension 'dsv' for command environment
[1.436s] INFO:colcon.colcon_core.task.python.build:Building Python package in '/home/lucas/catkin_ws/src/learning_launch'
[1.437s] DEBUG:colcon.colcon_core.shell:Skip shell extension 'dsv' for command environment
[1.815s] DEBUG:colcon.colcon_core.event_handler.log_command:Invoking command in '/home/lucas/catkin_ws/src/learning_launch': PYTHONPATH=/home/lucas/catkin_ws/install/learning_launch/lib/python3.8/site-packages:${PYTHONPATH} /usr/bin/python3 setup.py egg_info --egg-base ../../build/learning_launch build --build-base /home/lucas/catkin_ws/build/learning_launch/build install --prefix /home/lucas/catkin_ws/install/learning_launch --record /home/lucas/catkin_ws/build/learning_launch/install.log --single-version-externally-managed
[1.968s] Level 1:colcon.colcon_core.environment:checking '/home/lucas/catkin_ws/install/learning_launch' for CMake module files
[1.968s] Level 1:colcon.colcon_core.environment:checking '/home/lucas/catkin_ws/install/learning_launch' for CMake config files
[1.969s] Level 1:colcon.colcon_core.environment:checking '/home/lucas/catkin_ws/install/learning_launch/lib'
[1.969s] Level 1:colcon.colcon_core.environment:checking '/home/lucas/catkin_ws/install/learning_launch/bin'
[1.969s] Level 1:colcon.colcon_core.environment:checking '/home/lucas/catkin_ws/install/learning_launch/lib/pkgconfig/learning_launch.pc'
[1.969s] Level 1:colcon.colcon_core.environment:checking '/home/lucas/catkin_ws/install/learning_launch/lib/python3.8/site-packages'
[1.969s] Level 1:colcon.colcon_core.shell:create_environment_hook('learning_launch', 'pythonpath')
[1.969s] INFO:colcon.colcon_core.shell:Creating environment descriptor '/home/lucas/catkin_ws/install/learning_launch/share/learning_launch/hook/pythonpath.dsv'
[1.970s] INFO:colcon.colcon_core.shell:Creating environment hook '/home/lucas/catkin_ws/install/learning_launch/share/learning_launch/hook/pythonpath.sh'
[1.970s] DEBUG:colcon.colcon_core.event_handler.log_command:Invoked command in '/home/lucas/catkin_ws/src/learning_launch' returned '0': PYTHONPATH=/home/lucas/catkin_ws/install/learning_launch/lib/python3.8/site-packages:${PYTHONPATH} /usr/bin/python3 setup.py egg_info --egg-base ../../build/learning_launch build --build-base /home/lucas/catkin_ws/build/learning_launch/build install --prefix /home/lucas/catkin_ws/install/learning_launch --record /home/lucas/catkin_ws/build/learning_launch/install.log --single-version-externally-managed
[1.970s] Level 1:colcon.colcon_core.environment:checking '/home/lucas/catkin_ws/install/learning_launch/bin'
[1.970s] Level 1:colcon.colcon_core.environment:create_environment_scripts_only(learning_launch)
[1.971s] INFO:colcon.colcon_core.shell:Creating package descriptor '/home/lucas/catkin_ws/install/learning_launch/share/learning_launch/package.dsv'
[1.971s] INFO:colcon.colcon_core.shell:Creating package script '/home/lucas/catkin_ws/install/learning_launch/share/learning_launch/package.sh'
[1.971s] Level 1:colcon.colcon_core.environment:create_file_with_runtime_dependencies(/home/lucas/catkin_ws/install/learning_launch/share/colcon-core/packages/learning_launch)
[1.971s] DEBUG:colcon.colcon_core.executor.sequential:run_until_complete 'learning_launch' finished with '0'
[1.971s] DEBUG:colcon.colcon_core.executor.sequential:run_until_complete 'learning_node_python'
[1.971s] INFO:colcon.colcon_ros.task.ament_python.build:Building ROS package in '/home/lucas/catkin_ws/src/learning_node_python' with build type 'ament_python'
[1.971s] Level 1:colcon.colcon_core.shell:create_environment_hook('learning_node_python', 'ament_prefix_path')
[1.972s] INFO:colcon.colcon_core.shell:Creating environment descriptor '/home/lucas/catkin_ws/install/learning_node_python/share/learning_node_python/hook/ament_prefix_path.dsv'
[1.972s] INFO:colcon.colcon_core.shell:Creating environment hook '/home/lucas/catkin_ws/install/learning_node_python/share/learning_node_python/hook/ament_prefix_path.sh'
[1.972s] DEBUG:colcon.colcon_core.shell:Skip shell extension 'dsv' for command environment
[2.100s] INFO:colcon.colcon_core.task.python.build:Building Python package in '/home/lucas/catkin_ws/src/learning_node_python'
[2.101s] DEBUG:colcon.colcon_core.shell:Skip shell extension 'dsv' for command environment
[2.338s] DEBUG:colcon.colcon_core.event_handler.log_command:Invoking command in '/home/lucas/catkin_ws/src/learning_node_python': PYTHONPATH=/home/lucas/catkin_ws/install/learning_node_python/lib/python3.8/site-packages:${PYTHONPATH} /usr/bin/python3 setup.py egg_info --egg-base ../../build/learning_node_python build --build-base /home/lucas/catkin_ws/build/learning_node_python/build install --prefix /home/lucas/catkin_ws/install/learning_node_python --record /home/lucas/catkin_ws/build/learning_node_python/install.log --single-version-externally-managed
[2.502s] Level 1:colcon.colcon_core.environment:checking '/home/lucas/catkin_ws/install/learning_node_python' for CMake module files
[2.502s] Level 1:colcon.colcon_core.environment:checking '/home/lucas/catkin_ws/install/learning_node_python' for CMake config files
[2.502s] Level 1:colcon.colcon_core.environment:checking '/home/lucas/catkin_ws/install/learning_node_python/lib'
[2.503s] Level 1:colcon.colcon_core.environment:checking '/home/lucas/catkin_ws/install/learning_node_python/bin'
[2.503s] Level 1:colcon.colcon_core.environment:checking '/home/lucas/catkin_ws/install/learning_node_python/lib/pkgconfig/learning_node_python.pc'
[2.503s] Level 1:colcon.colcon_core.environment:checking '/home/lucas/catkin_ws/install/learning_node_python/lib/python3.8/site-packages'
[2.503s] Level 1:colcon.colcon_core.shell:create_environment_hook('learning_node_python', 'pythonpath')
[2.503s] INFO:colcon.colcon_core.shell:Creating environment descriptor '/home/lucas/catkin_ws/install/learning_node_python/share/learning_node_python/hook/pythonpath.dsv'
[2.504s] INFO:colcon.colcon_core.shell:Creating environment hook '/home/lucas/catkin_ws/install/learning_node_python/share/learning_node_python/hook/pythonpath.sh'
[2.504s] Level 1:colcon.colcon_core.environment:checking '/home/lucas/catkin_ws/install/learning_node_python/bin'
[2.504s] Level 1:colcon.colcon_core.environment:create_environment_scripts_only(learning_node_python)
[2.504s] INFO:colcon.colcon_core.shell:Creating package descriptor '/home/lucas/catkin_ws/install/learning_node_python/share/learning_node_python/package.dsv'
[2.505s] INFO:colcon.colcon_core.shell:Creating package script '/home/lucas/catkin_ws/install/learning_node_python/share/learning_node_python/package.sh'
[2.505s] Level 1:colcon.colcon_core.environment:create_file_with_runtime_dependencies(/home/lucas/catkin_ws/install/learning_node_python/share/colcon-core/packages/learning_node_python)
[2.505s] DEBUG:colcon.colcon_core.executor.sequential:run_until_complete 'learning_node_python' finished with '0'
[2.505s] DEBUG:colcon.colcon_core.executor.sequential:run_until_complete 'learning_parameter'
[2.505s] INFO:colcon.colcon_ros.task.ament_python.build:Building ROS package in '/home/lucas/catkin_ws/src/learning_parameter' with build type 'ament_python'
[2.505s] Level 1:colcon.colcon_core.shell:create_environment_hook('learning_parameter', 'ament_prefix_path')
[2.505s] INFO:colcon.colcon_core.shell:Creating environment descriptor '/home/lucas/catkin_ws/install/learning_parameter/share/learning_parameter/hook/ament_prefix_path.dsv'
[2.506s] INFO:colcon.colcon_core.shell:Creating environment hook '/home/lucas/catkin_ws/install/learning_parameter/share/learning_parameter/hook/ament_prefix_path.sh'
[2.506s] DEBUG:colcon.colcon_core.shell:Skip shell extension 'dsv' for command environment
[2.508s] DEBUG:colcon.colcon_core.event_handler.log_command:Invoked command in '/home/lucas/catkin_ws/src/learning_node_python' returned '0': PYTHONPATH=/home/lucas/catkin_ws/install/learning_node_python/lib/python3.8/site-packages:${PYTHONPATH} /usr/bin/python3 setup.py egg_info --egg-base ../../build/learning_node_python build --build-base /home/lucas/catkin_ws/build/learning_node_python/build install --prefix /home/lucas/catkin_ws/install/learning_node_python --record /home/lucas/catkin_ws/build/learning_node_python/install.log --single-version-externally-managed
[2.680s] INFO:colcon.colcon_core.task.python.build:Building Python package in '/home/lucas/catkin_ws/src/learning_parameter'
[2.681s] DEBUG:colcon.colcon_core.shell:Skip shell extension 'dsv' for command environment
[2.921s] DEBUG:colcon.colcon_core.event_handler.log_command:Invoking command in '/home/lucas/catkin_ws/src/learning_parameter': PYTHONPATH=/home/lucas/catkin_ws/install/learning_parameter/lib/python3.8/site-packages:${PYTHONPATH} /usr/bin/python3 setup.py egg_info --egg-base ../../build/learning_parameter build --build-base /home/lucas/catkin_ws/build/learning_parameter/build install --prefix /home/lucas/catkin_ws/install/learning_parameter --record /home/lucas/catkin_ws/build/learning_parameter/install.log --single-version-externally-managed
[3.073s] Level 1:colcon.colcon_core.environment:checking '/home/lucas/catkin_ws/install/learning_parameter' for CMake module files
[3.073s] DEBUG:colcon.colcon_core.event_handler.log_command:Invoked command in '/home/lucas/catkin_ws/src/learning_parameter' returned '0': PYTHONPATH=/home/lucas/catkin_ws/install/learning_parameter/lib/python3.8/site-packages:${PYTHONPATH} /usr/bin/python3 setup.py egg_info --egg-base ../../build/learning_parameter build --build-base /home/lucas/catkin_ws/build/learning_parameter/build install --prefix /home/lucas/catkin_ws/install/learning_parameter --record /home/lucas/catkin_ws/build/learning_parameter/install.log --single-version-externally-managed
[3.073s] Level 1:colcon.colcon_core.environment:checking '/home/lucas/catkin_ws/install/learning_parameter' for CMake config files
[3.073s] Level 1:colcon.colcon_core.environment:checking '/home/lucas/catkin_ws/install/learning_parameter/lib'
[3.073s] Level 1:colcon.colcon_core.environment:checking '/home/lucas/catkin_ws/install/learning_parameter/bin'
[3.073s] Level 1:colcon.colcon_core.environment:checking '/home/lucas/catkin_ws/install/learning_parameter/lib/pkgconfig/learning_parameter.pc'
[3.074s] Level 1:colcon.colcon_core.environment:checking '/home/lucas/catkin_ws/install/learning_parameter/lib/python3.8/site-packages'
[3.074s] Level 1:colcon.colcon_core.shell:create_environment_hook('learning_parameter', 'pythonpath')
[3.074s] INFO:colcon.colcon_core.shell:Creating environment descriptor '/home/lucas/catkin_ws/install/learning_parameter/share/learning_parameter/hook/pythonpath.dsv'
[3.074s] INFO:colcon.colcon_core.shell:Creating environment hook '/home/lucas/catkin_ws/install/learning_parameter/share/learning_parameter/hook/pythonpath.sh'
[3.075s] Level 1:colcon.colcon_core.environment:checking '/home/lucas/catkin_ws/install/learning_parameter/bin'
[3.075s] Level 1:colcon.colcon_core.environment:create_environment_scripts_only(learning_parameter)
[3.075s] INFO:colcon.colcon_core.shell:Creating package descriptor '/home/lucas/catkin_ws/install/learning_parameter/share/learning_parameter/package.dsv'
[3.075s] INFO:colcon.colcon_core.shell:Creating package script '/home/lucas/catkin_ws/install/learning_parameter/share/learning_parameter/package.sh'
[3.075s] Level 1:colcon.colcon_core.environment:create_file_with_runtime_dependencies(/home/lucas/catkin_ws/install/learning_parameter/share/colcon-core/packages/learning_parameter)
[3.076s] DEBUG:colcon.colcon_core.executor.sequential:run_until_complete 'learning_parameter' finished with '0'
[3.076s] DEBUG:colcon.colcon_core.executor.sequential:run_until_complete 'learning_pkg_c'
[3.076s] INFO:colcon.colcon_ros.task.ament_cmake.build:Building ROS package in '/home/lucas/catkin_ws/src/learning_pkg_c' with build type 'ament_cmake'
[3.076s] INFO:colcon.colcon_cmake.task.cmake.build:Building CMake package in '/home/lucas/catkin_ws/src/learning_pkg_c'
[3.076s] DEBUG:colcon.colcon_core.shell:Skip shell extension 'dsv' for command environment
[3.082s] DEBUG:colcon.colcon_core.event_handler.log_command:Invoking command in '/home/lucas/catkin_ws/build/learning_pkg_c': CMAKE_PREFIX_PATH=${CMAKE_PREFIX_PATH}:/home/lucas/catkin_ws/install/learning_launch:/home/lucas/catkin_ws/install/learning_topic:/home/lucas/catkin_ws/install/learning_service:/home/lucas/catkin_ws/install/learning_qos:/home/lucas/catkin_ws/install/learning_pkg_python:/home/lucas/catkin_ws/install/learning_parameter:/home/lucas/catkin_ws/install/learning_node_python:/home/lucas/catkin_ws/install/learning_action:/opt/ros/foxy /usr/bin/cmake --build /home/lucas/catkin_ws/build/learning_pkg_c -- -j2 -l2
[3.114s] DEBUG:colcon.colcon_core.event_handler.log_command:Invoked command in '/home/lucas/catkin_ws/build/learning_pkg_c' returned '0': CMAKE_PREFIX_PATH=${CMAKE_PREFIX_PATH}:/home/lucas/catkin_ws/install/learning_launch:/home/lucas/catkin_ws/install/learning_topic:/home/lucas/catkin_ws/install/learning_service:/home/lucas/catkin_ws/install/learning_qos:/home/lucas/catkin_ws/install/learning_pkg_python:/home/lucas/catkin_ws/install/learning_parameter:/home/lucas/catkin_ws/install/learning_node_python:/home/lucas/catkin_ws/install/learning_action:/opt/ros/foxy /usr/bin/cmake --build /home/lucas/catkin_ws/build/learning_pkg_c -- -j2 -l2
[3.131s] DEBUG:colcon.colcon_core.event_handler.log_command:Invoking command in '/home/lucas/catkin_ws/build/learning_pkg_c': CMAKE_PREFIX_PATH=${CMAKE_PREFIX_PATH}:/home/lucas/catkin_ws/install/learning_launch:/home/lucas/catkin_ws/install/learning_topic:/home/lucas/catkin_ws/install/learning_service:/home/lucas/catkin_ws/install/learning_qos:/home/lucas/catkin_ws/install/learning_pkg_python:/home/lucas/catkin_ws/install/learning_parameter:/home/lucas/catkin_ws/install/learning_node_python:/home/lucas/catkin_ws/install/learning_action:/opt/ros/foxy /usr/bin/cmake --install /home/lucas/catkin_ws/build/learning_pkg_c
[3.141s] Level 1:colcon.colcon_core.environment:create_environment_scripts_only(learning_pkg_c)
[3.142s] Level 1:colcon.colcon_core.environment:checking '/home/lucas/catkin_ws/install/learning_pkg_c' for CMake module files
[3.142s] DEBUG:colcon.colcon_core.event_handler.log_command:Invoked command in '/home/lucas/catkin_ws/build/learning_pkg_c' returned '0': CMAKE_PREFIX_PATH=${CMAKE_PREFIX_PATH}:/home/lucas/catkin_ws/install/learning_launch:/home/lucas/catkin_ws/install/learning_topic:/home/lucas/catkin_ws/install/learning_service:/home/lucas/catkin_ws/install/learning_qos:/home/lucas/catkin_ws/install/learning_pkg_python:/home/lucas/catkin_ws/install/learning_parameter:/home/lucas/catkin_ws/install/learning_node_python:/home/lucas/catkin_ws/install/learning_action:/opt/ros/foxy /usr/bin/cmake --install /home/lucas/catkin_ws/build/learning_pkg_c
[3.142s] Level 1:colcon.colcon_core.environment:checking '/home/lucas/catkin_ws/install/learning_pkg_c' for CMake config files
[3.142s] Level 1:colcon.colcon_core.shell:create_environment_hook('learning_pkg_c', 'cmake_prefix_path')
[3.143s] INFO:colcon.colcon_core.shell:Creating environment descriptor '/home/lucas/catkin_ws/install/learning_pkg_c/share/learning_pkg_c/hook/cmake_prefix_path.dsv'
[3.143s] INFO:colcon.colcon_core.shell:Creating environment hook '/home/lucas/catkin_ws/install/learning_pkg_c/share/learning_pkg_c/hook/cmake_prefix_path.sh'
[3.143s] Level 1:colcon.colcon_core.environment:checking '/home/lucas/catkin_ws/install/learning_pkg_c/bin'
[3.143s] Level 1:colcon.colcon_core.environment:checking '/home/lucas/catkin_ws/install/learning_pkg_c/lib/pkgconfig/learning_pkg_c.pc'
[3.143s] Level 1:colcon.colcon_core.environment:checking '/home/lucas/catkin_ws/install/learning_pkg_c/lib/python3.8/site-packages'
[3.144s] Level 1:colcon.colcon_core.environment:checking '/home/lucas/catkin_ws/install/learning_pkg_c/bin'
[3.144s] INFO:colcon.colcon_core.shell:Creating package descriptor '/home/lucas/catkin_ws/install/learning_pkg_c/share/learning_pkg_c/package.dsv'
[3.144s] INFO:colcon.colcon_core.shell:Creating package script '/home/lucas/catkin_ws/install/learning_pkg_c/share/learning_pkg_c/package.sh'
[3.144s] Level 1:colcon.colcon_core.environment:create_file_with_runtime_dependencies(/home/lucas/catkin_ws/install/learning_pkg_c/share/colcon-core/packages/learning_pkg_c)
[3.162s] Level 1:colcon.colcon_core.environment:create_environment_scripts_only(learning_pkg_c)
[3.163s] Level 1:colcon.colcon_core.environment:checking '/home/lucas/catkin_ws/install/learning_pkg_c' for CMake module files
[3.163s] Level 1:colcon.colcon_core.environment:checking '/home/lucas/catkin_ws/install/learning_pkg_c' for CMake config files
[3.163s] Level 1:colcon.colcon_core.shell:create_environment_hook('learning_pkg_c', 'cmake_prefix_path')
[3.163s] INFO:colcon.colcon_core.shell:Creating environment descriptor '/home/lucas/catkin_ws/install/learning_pkg_c/share/learning_pkg_c/hook/cmake_prefix_path.dsv'
[3.164s] INFO:colcon.colcon_core.shell:Creating environment hook '/home/lucas/catkin_ws/install/learning_pkg_c/share/learning_pkg_c/hook/cmake_prefix_path.sh'
[3.164s] Level 1:colcon.colcon_core.environment:checking '/home/lucas/catkin_ws/install/learning_pkg_c/bin'
[3.164s] Level 1:colcon.colcon_core.environment:checking '/home/lucas/catkin_ws/install/learning_pkg_c/lib/pkgconfig/learning_pkg_c.pc'
[3.164s] Level 1:colcon.colcon_core.environment:checking '/home/lucas/catkin_ws/install/learning_pkg_c/lib/python3.8/site-packages'
[3.164s] Level 1:colcon.colcon_core.environment:checking '/home/lucas/catkin_ws/install/learning_pkg_c/bin'
[3.165s] INFO:colcon.colcon_core.shell:Creating package descriptor '/home/lucas/catkin_ws/install/learning_pkg_c/share/learning_pkg_c/package.dsv'
[3.165s] INFO:colcon.colcon_core.shell:Creating package script '/home/lucas/catkin_ws/install/learning_pkg_c/share/learning_pkg_c/package.sh'
[3.165s] Level 1:colcon.colcon_core.environment:create_file_with_runtime_dependencies(/home/lucas/catkin_ws/install/learning_pkg_c/share/colcon-core/packages/learning_pkg_c)
[3.165s] DEBUG:colcon.colcon_core.executor.sequential:run_until_complete 'learning_pkg_c' finished with '0'
[3.166s] DEBUG:colcon.colcon_core.executor.sequential:run_until_complete 'learning_pkg_python'
[3.166s] INFO:colcon.colcon_ros.task.ament_python.build:Building ROS package in '/home/lucas/catkin_ws/src/learning_pkg_python' with build type 'ament_python'
[3.166s] Level 1:colcon.colcon_core.shell:create_environment_hook('learning_pkg_python', 'ament_prefix_path')
[3.166s] INFO:colcon.colcon_core.shell:Creating environment descriptor '/home/lucas/catkin_ws/install/learning_pkg_python/share/learning_pkg_python/hook/ament_prefix_path.dsv'
[3.166s] INFO:colcon.colcon_core.shell:Creating environment hook '/home/lucas/catkin_ws/install/learning_pkg_python/share/learning_pkg_python/hook/ament_prefix_path.sh'
[3.167s] DEBUG:colcon.colcon_core.shell:Skip shell extension 'dsv' for command environment
[3.280s] INFO:colcon.colcon_core.task.python.build:Building Python package in '/home/lucas/catkin_ws/src/learning_pkg_python'
[3.281s] DEBUG:colcon.colcon_core.shell:Skip shell extension 'dsv' for command environment
[3.492s] DEBUG:colcon.colcon_core.event_handler.log_command:Invoking command in '/home/lucas/catkin_ws/src/learning_pkg_python': PYTHONPATH=/home/lucas/catkin_ws/install/learning_pkg_python/lib/python3.8/site-packages:${PYTHONPATH} /usr/bin/python3 setup.py egg_info --egg-base ../../build/learning_pkg_python build --build-base /home/lucas/catkin_ws/build/learning_pkg_python/build install --prefix /home/lucas/catkin_ws/install/learning_pkg_python --record /home/lucas/catkin_ws/build/learning_pkg_python/install.log --single-version-externally-managed
[3.717s] Level 1:colcon.colcon_core.environment:checking '/home/lucas/catkin_ws/install/learning_pkg_python' for CMake module files
[3.717s] Level 1:colcon.colcon_core.environment:checking '/home/lucas/catkin_ws/install/learning_pkg_python' for CMake config files
[3.717s] Level 1:colcon.colcon_core.environment:checking '/home/lucas/catkin_ws/install/learning_pkg_python/lib'
[3.717s] Level 1:colcon.colcon_core.environment:checking '/home/lucas/catkin_ws/install/learning_pkg_python/bin'
[3.717s] Level 1:colcon.colcon_core.environment:checking '/home/lucas/catkin_ws/install/learning_pkg_python/lib/pkgconfig/learning_pkg_python.pc'
[3.718s] Level 1:colcon.colcon_core.environment:checking '/home/lucas/catkin_ws/install/learning_pkg_python/lib/python3.8/site-packages'
[3.718s] Level 1:colcon.colcon_core.shell:create_environment_hook('learning_pkg_python', 'pythonpath')
[3.718s] INFO:colcon.colcon_core.shell:Creating environment descriptor '/home/lucas/catkin_ws/install/learning_pkg_python/share/learning_pkg_python/hook/pythonpath.dsv'
[3.719s] DEBUG:colcon.colcon_core.event_handler.log_command:Invoked command in '/home/lucas/catkin_ws/src/learning_pkg_python' returned '0': PYTHONPATH=/home/lucas/catkin_ws/install/learning_pkg_python/lib/python3.8/site-packages:${PYTHONPATH} /usr/bin/python3 setup.py egg_info --egg-base ../../build/learning_pkg_python build --build-base /home/lucas/catkin_ws/build/learning_pkg_python/build install --prefix /home/lucas/catkin_ws/install/learning_pkg_python --record /home/lucas/catkin_ws/build/learning_pkg_python/install.log --single-version-externally-managed
[3.721s] INFO:colcon.colcon_core.shell:Creating environment hook '/home/lucas/catkin_ws/install/learning_pkg_python/share/learning_pkg_python/hook/pythonpath.sh'
[3.723s] Level 1:colcon.colcon_core.environment:checking '/home/lucas/catkin_ws/install/learning_pkg_python/bin'
[3.723s] Level 1:colcon.colcon_core.environment:create_environment_scripts_only(learning_pkg_python)
[3.724s] INFO:colcon.colcon_core.shell:Creating package descriptor '/home/lucas/catkin_ws/install/learning_pkg_python/share/learning_pkg_python/package.dsv'
[3.724s] INFO:colcon.colcon_core.shell:Creating package script '/home/lucas/catkin_ws/install/learning_pkg_python/share/learning_pkg_python/package.sh'
[3.724s] Level 1:colcon.colcon_core.environment:create_file_with_runtime_dependencies(/home/lucas/catkin_ws/install/learning_pkg_python/share/colcon-core/packages/learning_pkg_python)
[3.725s] DEBUG:colcon.colcon_core.executor.sequential:run_until_complete 'learning_pkg_python' finished with '0'
[3.725s] DEBUG:colcon.colcon_core.executor.sequential:run_until_complete 'learning_qos'
[3.725s] INFO:colcon.colcon_ros.task.ament_python.build:Building ROS package in '/home/lucas/catkin_ws/src/learning_qos' with build type 'ament_python'
[3.725s] Level 1:colcon.colcon_core.shell:create_environment_hook('learning_qos', 'ament_prefix_path')
[3.725s] INFO:colcon.colcon_core.shell:Creating environment descriptor '/home/lucas/catkin_ws/install/learning_qos/share/learning_qos/hook/ament_prefix_path.dsv'
[3.725s] INFO:colcon.colcon_core.shell:Creating environment hook '/home/lucas/catkin_ws/install/learning_qos/share/learning_qos/hook/ament_prefix_path.sh'
[3.726s] DEBUG:colcon.colcon_core.shell:Skip shell extension 'dsv' for command environment
[3.854s] INFO:colcon.colcon_core.task.python.build:Building Python package in '/home/lucas/catkin_ws/src/learning_qos'
[3.854s] DEBUG:colcon.colcon_core.shell:Skip shell extension 'dsv' for command environment
[4.093s] DEBUG:colcon.colcon_core.event_handler.log_command:Invoking command in '/home/lucas/catkin_ws/src/learning_qos': PYTHONPATH=/home/lucas/catkin_ws/install/learning_qos/lib/python3.8/site-packages:${PYTHONPATH} /usr/bin/python3 setup.py egg_info --egg-base ../../build/learning_qos build --build-base /home/lucas/catkin_ws/build/learning_qos/build install --prefix /home/lucas/catkin_ws/install/learning_qos --record /home/lucas/catkin_ws/build/learning_qos/install.log --single-version-externally-managed
[4.234s] Level 1:colcon.colcon_core.environment:checking '/home/lucas/catkin_ws/install/learning_qos' for CMake module files
[4.234s] Level 1:colcon.colcon_core.environment:checking '/home/lucas/catkin_ws/install/learning_qos' for CMake config files
[4.235s] Level 1:colcon.colcon_core.environment:checking '/home/lucas/catkin_ws/install/learning_qos/lib'
[4.235s] Level 1:colcon.colcon_core.environment:checking '/home/lucas/catkin_ws/install/learning_qos/bin'
[4.235s] Level 1:colcon.colcon_core.environment:checking '/home/lucas/catkin_ws/install/learning_qos/lib/pkgconfig/learning_qos.pc'
[4.235s] Level 1:colcon.colcon_core.environment:checking '/home/lucas/catkin_ws/install/learning_qos/lib/python3.8/site-packages'
[4.235s] Level 1:colcon.colcon_core.shell:create_environment_hook('learning_qos', 'pythonpath')
[4.236s] INFO:colcon.colcon_core.shell:Creating environment descriptor '/home/lucas/catkin_ws/install/learning_qos/share/learning_qos/hook/pythonpath.dsv'
[4.236s] INFO:colcon.colcon_core.shell:Creating environment hook '/home/lucas/catkin_ws/install/learning_qos/share/learning_qos/hook/pythonpath.sh'
[4.237s] Level 1:colcon.colcon_core.environment:checking '/home/lucas/catkin_ws/install/learning_qos/bin'
[4.237s] Level 1:colcon.colcon_core.environment:create_environment_scripts_only(learning_qos)
[4.237s] INFO:colcon.colcon_core.shell:Creating package descriptor '/home/lucas/catkin_ws/install/learning_qos/share/learning_qos/package.dsv'
[4.237s] INFO:colcon.colcon_core.shell:Creating package script '/home/lucas/catkin_ws/install/learning_qos/share/learning_qos/package.sh'
[4.238s] Level 1:colcon.colcon_core.environment:create_file_with_runtime_dependencies(/home/lucas/catkin_ws/install/learning_qos/share/colcon-core/packages/learning_qos)
[4.238s] DEBUG:colcon.colcon_core.executor.sequential:run_until_complete 'learning_qos' finished with '0'
[4.238s] DEBUG:colcon.colcon_core.executor.sequential:run_until_complete 'learning_topic'
[4.238s] INFO:colcon.colcon_ros.task.ament_python.build:Building ROS package in '/home/lucas/catkin_ws/src/learning_topic' with build type 'ament_python'
[4.238s] Level 1:colcon.colcon_core.shell:create_environment_hook('learning_topic', 'ament_prefix_path')
[4.238s] INFO:colcon.colcon_core.shell:Creating environment descriptor '/home/lucas/catkin_ws/install/learning_topic/share/learning_topic/hook/ament_prefix_path.dsv'
[4.238s] INFO:colcon.colcon_core.shell:Creating environment hook '/home/lucas/catkin_ws/install/learning_topic/share/learning_topic/hook/ament_prefix_path.sh'
[4.239s] DEBUG:colcon.colcon_core.shell:Skip shell extension 'dsv' for command environment
[4.241s] DEBUG:colcon.colcon_core.event_handler.log_command:Invoked command in '/home/lucas/catkin_ws/src/learning_qos' returned '0': PYTHONPATH=/home/lucas/catkin_ws/install/learning_qos/lib/python3.8/site-packages:${PYTHONPATH} /usr/bin/python3 setup.py egg_info --egg-base ../../build/learning_qos build --build-base /home/lucas/catkin_ws/build/learning_qos/build install --prefix /home/lucas/catkin_ws/install/learning_qos --record /home/lucas/catkin_ws/build/learning_qos/install.log --single-version-externally-managed
[4.358s] INFO:colcon.colcon_core.task.python.build:Building Python package in '/home/lucas/catkin_ws/src/learning_topic'
[4.358s] DEBUG:colcon.colcon_core.shell:Skip shell extension 'dsv' for command environment
[4.561s] DEBUG:colcon.colcon_core.event_handler.log_command:Invoking command in '/home/lucas/catkin_ws/src/learning_topic': PYTHONPATH=/home/lucas/catkin_ws/install/learning_topic/lib/python3.8/site-packages:${PYTHONPATH} /usr/bin/python3 setup.py egg_info --egg-base ../../build/learning_topic build --build-base /home/lucas/catkin_ws/build/learning_topic/build install --prefix /home/lucas/catkin_ws/install/learning_topic --record /home/lucas/catkin_ws/build/learning_topic/install.log --single-version-externally-managed
[4.699s] Level 1:colcon.colcon_core.environment:checking '/home/lucas/catkin_ws/install/learning_topic' for CMake module files
[4.699s] DEBUG:colcon.colcon_core.event_handler.log_command:Invoked command in '/home/lucas/catkin_ws/src/learning_topic' returned '0': PYTHONPATH=/home/lucas/catkin_ws/install/learning_topic/lib/python3.8/site-packages:${PYTHONPATH} /usr/bin/python3 setup.py egg_info --egg-base ../../build/learning_topic build --build-base /home/lucas/catkin_ws/build/learning_topic/build install --prefix /home/lucas/catkin_ws/install/learning_topic --record /home/lucas/catkin_ws/build/learning_topic/install.log --single-version-externally-managed
[4.699s] Level 1:colcon.colcon_core.environment:checking '/home/lucas/catkin_ws/install/learning_topic' for CMake config files
[4.699s] Level 1:colcon.colcon_core.environment:checking '/home/lucas/catkin_ws/install/learning_topic/lib'
[4.699s] Level 1:colcon.colcon_core.environment:checking '/home/lucas/catkin_ws/install/learning_topic/bin'
[4.699s] Level 1:colcon.colcon_core.environment:checking '/home/lucas/catkin_ws/install/learning_topic/lib/pkgconfig/learning_topic.pc'
[4.700s] Level 1:colcon.colcon_core.environment:checking '/home/lucas/catkin_ws/install/learning_topic/lib/python3.8/site-packages'
[4.700s] Level 1:colcon.colcon_core.shell:create_environment_hook('learning_topic', 'pythonpath')
[4.700s] INFO:colcon.colcon_core.shell:Creating environment descriptor '/home/lucas/catkin_ws/install/learning_topic/share/learning_topic/hook/pythonpath.dsv'
[4.700s] INFO:colcon.colcon_core.shell:Creating environment hook '/home/lucas/catkin_ws/install/learning_topic/share/learning_topic/hook/pythonpath.sh'
[4.701s] Level 1:colcon.colcon_core.environment:checking '/home/lucas/catkin_ws/install/learning_topic/bin'
[4.701s] Level 1:colcon.colcon_core.environment:create_environment_scripts_only(learning_topic)
[4.701s] INFO:colcon.colcon_core.shell:Creating package descriptor '/home/lucas/catkin_ws/install/learning_topic/share/learning_topic/package.dsv'
[4.701s] INFO:colcon.colcon_core.shell:Creating package script '/home/lucas/catkin_ws/install/learning_topic/share/learning_topic/package.sh'
[4.701s] Level 1:colcon.colcon_core.environment:create_file_with_runtime_dependencies(/home/lucas/catkin_ws/install/learning_topic/share/colcon-core/packages/learning_topic)
[4.702s] DEBUG:colcon.colcon_core.executor.sequential:run_until_complete 'learning_topic' finished with '0'
[4.702s] DEBUG:colcon.colcon_core.executor.sequential:run_until_complete 'learning_service'
[4.702s] INFO:colcon.colcon_ros.task.ament_python.build:Building ROS package in '/home/lucas/catkin_ws/src/learning_service' with build type 'ament_python'
[4.702s] Level 1:colcon.colcon_core.shell:create_environment_hook('learning_service', 'ament_prefix_path')
[4.702s] INFO:colcon.colcon_core.shell:Creating environment descriptor '/home/lucas/catkin_ws/install/learning_service/share/learning_service/hook/ament_prefix_path.dsv'
[4.702s] INFO:colcon.colcon_core.shell:Creating environment hook '/home/lucas/catkin_ws/install/learning_service/share/learning_service/hook/ament_prefix_path.sh'
[4.703s] DEBUG:colcon.colcon_core.shell:Skip shell extension 'dsv' for command environment
[4.813s] INFO:colcon.colcon_core.task.python.build:Building Python package in '/home/lucas/catkin_ws/src/learning_service'
[4.814s] DEBUG:colcon.colcon_core.shell:Skip shell extension 'dsv' for command environment
[5.019s] DEBUG:colcon.colcon_core.event_handler.log_command:Invoking command in '/home/lucas/catkin_ws/src/learning_service': CMAKE_PREFIX_PATH=/home/lucas/catkin_ws/install/learning_interface:/home/lucas/catkin_ws/install/learning_pkg_c PYTHONPATH=/home/lucas/catkin_ws/install/learning_service/lib/python3.8/site-packages:/home/lucas/catkin_ws/install/learning_interface/lib/python3.8/site-packages:/home/lucas/catkin_ws/install/learning_launch/lib/python3.8/site-packages:/home/lucas/catkin_ws/install/learning_topic/lib/python3.8/site-packages:/home/lucas/catkin_ws/install/learning_service/lib/python3.8/site-packages:/home/lucas/catkin_ws/install/learning_qos/lib/python3.8/site-packages:/home/lucas/catkin_ws/install/learning_pkg_python/lib/python3.8/site-packages:/home/lucas/catkin_ws/install/learning_parameter/lib/python3.8/site-packages:/home/lucas/catkin_ws/install/learning_node_python/lib/python3.8/site-packages:/home/lucas/catkin_ws/install/learning_action/lib/python3.8/site-packages:/opt/ros/foxy/lib/python3.8/site-packages /usr/bin/python3 setup.py egg_info --egg-base ../../build/learning_service build --build-base /home/lucas/catkin_ws/build/learning_service/build install --prefix /home/lucas/catkin_ws/install/learning_service --record /home/lucas/catkin_ws/build/learning_service/install.log --single-version-externally-managed
[5.161s] Level 1:colcon.colcon_core.environment:checking '/home/lucas/catkin_ws/install/learning_service' for CMake module files
[5.161s] Level 1:colcon.colcon_core.environment:checking '/home/lucas/catkin_ws/install/learning_service' for CMake config files
[5.161s] Level 1:colcon.colcon_core.environment:checking '/home/lucas/catkin_ws/install/learning_service/lib'
[5.161s] Level 1:colcon.colcon_core.environment:checking '/home/lucas/catkin_ws/install/learning_service/bin'
[5.162s] Level 1:colcon.colcon_core.environment:checking '/home/lucas/catkin_ws/install/learning_service/lib/pkgconfig/learning_service.pc'
[5.162s] Level 1:colcon.colcon_core.environment:checking '/home/lucas/catkin_ws/install/learning_service/lib/python3.8/site-packages'
[5.162s] Level 1:colcon.colcon_core.shell:create_environment_hook('learning_service', 'pythonpath')
[5.162s] INFO:colcon.colcon_core.shell:Creating environment descriptor '/home/lucas/catkin_ws/install/learning_service/share/learning_service/hook/pythonpath.dsv'
[5.162s] INFO:colcon.colcon_core.shell:Creating environment hook '/home/lucas/catkin_ws/install/learning_service/share/learning_service/hook/pythonpath.sh'
[5.163s] Level 1:colcon.colcon_core.environment:checking '/home/lucas/catkin_ws/install/learning_service/bin'
[5.163s] Level 1:colcon.colcon_core.environment:create_environment_scripts_only(learning_service)
[5.163s] INFO:colcon.colcon_core.shell:Creating package descriptor '/home/lucas/catkin_ws/install/learning_service/share/learning_service/package.dsv'
[5.164s] INFO:colcon.colcon_core.shell:Creating package script '/home/lucas/catkin_ws/install/learning_service/share/learning_service/package.sh'
[5.164s] Level 1:colcon.colcon_core.environment:create_file_with_runtime_dependencies(/home/lucas/catkin_ws/install/learning_service/share/colcon-core/packages/learning_service)
[5.164s] DEBUG:colcon.colcon_core.executor.sequential:run_until_complete 'learning_service' finished with '0'
[5.164s] DEBUG:colcon.colcon_core.executor.sequential:closing loop
[5.165s] DEBUG:colcon.colcon_core.executor.sequential:loop closed
[5.165s] DEBUG:colcon.colcon_core.event_reactor:joining thread
[5.165s] DEBUG:colcon.colcon_core.event_handler.log_command:Invoked command in '/home/lucas/catkin_ws/src/learning_service' returned '0': CMAKE_PREFIX_PATH=/home/lucas/catkin_ws/install/learning_interface:/home/lucas/catkin_ws/install/learning_pkg_c PYTHONPATH=/home/lucas/catkin_ws/install/learning_service/lib/python3.8/site-packages:/home/lucas/catkin_ws/install/learning_interface/lib/python3.8/site-packages:/home/lucas/catkin_ws/install/learning_launch/lib/python3.8/site-packages:/home/lucas/catkin_ws/install/learning_topic/lib/python3.8/site-packages:/home/lucas/catkin_ws/install/learning_service/lib/python3.8/site-packages:/home/lucas/catkin_ws/install/learning_qos/lib/python3.8/site-packages:/home/lucas/catkin_ws/install/learning_pkg_python/lib/python3.8/site-packages:/home/lucas/catkin_ws/install/learning_parameter/lib/python3.8/site-packages:/home/lucas/catkin_ws/install/learning_node_python/lib/python3.8/site-packages:/home/lucas/catkin_ws/install/learning_action/lib/python3.8/site-packages:/opt/ros/foxy/lib/python3.8/site-packages /usr/bin/python3 setup.py egg_info --egg-base ../../build/learning_service build --build-base /home/lucas/catkin_ws/build/learning_service/build install --prefix /home/lucas/catkin_ws/install/learning_service --record /home/lucas/catkin_ws/build/learning_service/install.log --single-version-externally-managed
[5.165s] DEBUG:colcon.colcon_core.event_reactor:joined thread
[5.166s] INFO:colcon.colcon_core.shell:Creating prefix script '/home/lucas/catkin_ws/install/local_setup.sh'
[5.166s] INFO:colcon.colcon_core.shell:Creating prefix util module '/home/lucas/catkin_ws/install/_local_setup_util_sh.py'
[5.167s] INFO:colcon.colcon_core.shell:Creating prefix chain script '/home/lucas/catkin_ws/install/setup.sh'
