[0.042s] DEBUG:colcon:Command line arguments: ['/usr/bin/colcon', 'build']
[0.042s] DEBUG:colcon:Parsed command line arguments: Namespace(ament_cmake_args=None, base_paths=['.'], build_base='build', catkin_cmake_args=None, catkin_skip_building_tests=False, cmake_args=None, cmake_clean_cache=False, cmake_clean_first=False, cmake_force_configure=False, cmake_target=None, cmake_target_skip_unavailable=False, continue_on_error=False, event_handlers=None, executor='sequential', install_base='install', log_base=None, log_level=None, main=<bound method BuildVerb.main of <colcon_core.verb.build.BuildVerb object at 0xffff9acbd5b0>>, merge_install=False, paths=None, symlink_install=False, test_result_base=None, verb_extension=<colcon_core.verb.build.BuildVerb object at 0xffff9acbd5b0>, verb_name='build', verb_parser=CustomArgumentParser(prog='colcon build', usage=None, description='Build a set of packages.', formatter_class=<class 'colcon_core.command.CustomFormatter'>, conflict_handler='error', add_help=True))
[0.058s] Level 1:colcon.colcon_core.package_discovery:discover_packages(recursive) check parameters
[0.058s] Level 1:colcon.colcon_core.package_discovery:discover_packages(path) check parameters
[0.058s] Level 1:colcon.colcon_core.package_discovery:discover_packages(recursive) discover
[0.058s] INFO:colcon.colcon_core.package_discovery:Crawling recursively for packages in '/home/lucas/catkin_ws'
[0.058s] Level 1:colcon.colcon_core.package_identification:_identify(.) by extensions ['ignore', 'ignore_ament_install']
[0.058s] Level 1:colcon.colcon_core.package_identification:_identify(.) by extension 'ignore'
[0.058s] Level 1:colcon.colcon_core.package_identification:_identify(.) by extension 'ignore_ament_install'
[0.058s] Level 1:colcon.colcon_core.package_identification:_identify(.) by extensions ['ros']
[0.059s] Level 1:colcon.colcon_core.package_identification:_identify(.) by extension 'ros'
[0.067s] Level 1:colcon.colcon_core.package_identification:_identify(.) by extensions ['cmake', 'python']
[0.067s] Level 1:colcon.colcon_core.package_identification:_identify(.) by extension 'cmake'
[0.067s] Level 1:colcon.colcon_core.package_identification:_identify(.) by extension 'python'
[0.067s] Level 1:colcon.colcon_core.package_identification:_identify(.) by extensions ['python_setup_py']
[0.067s] Level 1:colcon.colcon_core.package_identification:_identify(.) by extension 'python_setup_py'
[0.067s] Level 1:colcon.colcon_core.package_identification:_identify(build) by extensions ['ignore', 'ignore_ament_install']
[0.067s] Level 1:colcon.colcon_core.package_identification:_identify(build) by extension 'ignore'
[0.067s] Level 1:colcon.colcon_core.package_identification:_identify(build) ignored
[0.067s] Level 1:colcon.colcon_core.package_identification:_identify(install) by extensions ['ignore', 'ignore_ament_install']
[0.067s] Level 1:colcon.colcon_core.package_identification:_identify(install) by extension 'ignore'
[0.067s] Level 1:colcon.colcon_core.package_identification:_identify(install) ignored
[0.067s] Level 1:colcon.colcon_core.package_identification:_identify(log) by extensions ['ignore', 'ignore_ament_install']
[0.067s] Level 1:colcon.colcon_core.package_identification:_identify(log) by extension 'ignore'
[0.067s] Level 1:colcon.colcon_core.package_identification:_identify(log) ignored
[0.067s] Level 1:colcon.colcon_core.package_identification:_identify(src) by extensions ['ignore', 'ignore_ament_install']
[0.068s] Level 1:colcon.colcon_core.package_identification:_identify(src) by extension 'ignore'
[0.068s] Level 1:colcon.colcon_core.package_identification:_identify(src) by extension 'ignore_ament_install'
[0.068s] Level 1:colcon.colcon_core.package_identification:_identify(src) by extensions ['ros']
[0.068s] Level 1:colcon.colcon_core.package_identification:_identify(src) by extension 'ros'
[0.068s] Level 1:colcon.colcon_core.package_identification:_identify(src) by extensions ['cmake', 'python']
[0.068s] Level 1:colcon.colcon_core.package_identification:_identify(src) by extension 'cmake'
[0.068s] Level 1:colcon.colcon_core.package_identification:_identify(src) by extension 'python'
[0.068s] Level 1:colcon.colcon_core.package_identification:_identify(src) by extensions ['python_setup_py']
[0.068s] Level 1:colcon.colcon_core.package_identification:_identify(src) by extension 'python_setup_py'
[0.068s] Level 1:colcon.colcon_core.package_identification:_identify(src/learning_action) by extensions ['ignore', 'ignore_ament_install']
[0.068s] Level 1:colcon.colcon_core.package_identification:_identify(src/learning_action) by extension 'ignore'
[0.068s] Level 1:colcon.colcon_core.package_identification:_identify(src/learning_action) by extension 'ignore_ament_install'
[0.068s] Level 1:colcon.colcon_core.package_identification:_identify(src/learning_action) by extensions ['ros']
[0.068s] Level 1:colcon.colcon_core.package_identification:_identify(src/learning_action) by extension 'ros'
[0.069s] DEBUG:colcon.colcon_core.package_identification:Package 'src/learning_action' with type 'ros.ament_python' and name 'learning_action'
[0.070s] Level 1:colcon.colcon_core.package_identification:_identify(src/learning_interface) by extensions ['ignore', 'ignore_ament_install']
[0.070s] Level 1:colcon.colcon_core.package_identification:_identify(src/learning_interface) by extension 'ignore'
[0.070s] Level 1:colcon.colcon_core.package_identification:_identify(src/learning_interface) by extension 'ignore_ament_install'
[0.070s] Level 1:colcon.colcon_core.package_identification:_identify(src/learning_interface) by extensions ['ros']
[0.070s] Level 1:colcon.colcon_core.package_identification:_identify(src/learning_interface) by extension 'ros'
[0.070s] DEBUG:colcon.colcon_core.package_identification:Package 'src/learning_interface' with type 'ros.ament_cmake' and name 'learning_interface'
[0.070s] Level 1:colcon.colcon_core.package_identification:_identify(src/learning_launch) by extensions ['ignore', 'ignore_ament_install']
[0.070s] Level 1:colcon.colcon_core.package_identification:_identify(src/learning_launch) by extension 'ignore'
[0.070s] Level 1:colcon.colcon_core.package_identification:_identify(src/learning_launch) by extension 'ignore_ament_install'
[0.070s] Level 1:colcon.colcon_core.package_identification:_identify(src/learning_launch) by extensions ['ros']
[0.070s] Level 1:colcon.colcon_core.package_identification:_identify(src/learning_launch) by extension 'ros'
[0.071s] DEBUG:colcon.colcon_core.package_identification:Package 'src/learning_launch' with type 'ros.ament_python' and name 'learning_launch'
[0.071s] Level 1:colcon.colcon_core.package_identification:_identify(src/learning_node_python) by extensions ['ignore', 'ignore_ament_install']
[0.071s] Level 1:colcon.colcon_core.package_identification:_identify(src/learning_node_python) by extension 'ignore'
[0.071s] Level 1:colcon.colcon_core.package_identification:_identify(src/learning_node_python) by extension 'ignore_ament_install'
[0.071s] Level 1:colcon.colcon_core.package_identification:_identify(src/learning_node_python) by extensions ['ros']
[0.071s] Level 1:colcon.colcon_core.package_identification:_identify(src/learning_node_python) by extension 'ros'
[0.071s] DEBUG:colcon.colcon_core.package_identification:Package 'src/learning_node_python' with type 'ros.ament_python' and name 'learning_node_python'
[0.071s] Level 1:colcon.colcon_core.package_identification:_identify(src/learning_parameter) by extensions ['ignore', 'ignore_ament_install']
[0.071s] Level 1:colcon.colcon_core.package_identification:_identify(src/learning_parameter) by extension 'ignore'
[0.071s] Level 1:colcon.colcon_core.package_identification:_identify(src/learning_parameter) by extension 'ignore_ament_install'
[0.071s] Level 1:colcon.colcon_core.package_identification:_identify(src/learning_parameter) by extensions ['ros']
[0.071s] Level 1:colcon.colcon_core.package_identification:_identify(src/learning_parameter) by extension 'ros'
[0.072s] DEBUG:colcon.colcon_core.package_identification:Package 'src/learning_parameter' with type 'ros.ament_python' and name 'learning_parameter'
[0.072s] Level 1:colcon.colcon_core.package_identification:_identify(src/learning_pkg_c) by extensions ['ignore', 'ignore_ament_install']
[0.072s] Level 1:colcon.colcon_core.package_identification:_identify(src/learning_pkg_c) by extension 'ignore'
[0.072s] Level 1:colcon.colcon_core.package_identification:_identify(src/learning_pkg_c) by extension 'ignore_ament_install'
[0.072s] Level 1:colcon.colcon_core.package_identification:_identify(src/learning_pkg_c) by extensions ['ros']
[0.072s] Level 1:colcon.colcon_core.package_identification:_identify(src/learning_pkg_c) by extension 'ros'
[0.072s] DEBUG:colcon.colcon_core.package_identification:Package 'src/learning_pkg_c' with type 'ros.ament_cmake' and name 'learning_pkg_c'
[0.072s] Level 1:colcon.colcon_core.package_identification:_identify(src/learning_pkg_python) by extensions ['ignore', 'ignore_ament_install']
[0.072s] Level 1:colcon.colcon_core.package_identification:_identify(src/learning_pkg_python) by extension 'ignore'
[0.072s] Level 1:colcon.colcon_core.package_identification:_identify(src/learning_pkg_python) by extension 'ignore_ament_install'
[0.072s] Level 1:colcon.colcon_core.package_identification:_identify(src/learning_pkg_python) by extensions ['ros']
[0.072s] Level 1:colcon.colcon_core.package_identification:_identify(src/learning_pkg_python) by extension 'ros'
[0.072s] DEBUG:colcon.colcon_core.package_identification:Package 'src/learning_pkg_python' with type 'ros.ament_python' and name 'learning_pkg_python'
[0.073s] Level 1:colcon.colcon_core.package_identification:_identify(src/learning_qos) by extensions ['ignore', 'ignore_ament_install']
[0.073s] Level 1:colcon.colcon_core.package_identification:_identify(src/learning_qos) by extension 'ignore'
[0.073s] Level 1:colcon.colcon_core.package_identification:_identify(src/learning_qos) by extension 'ignore_ament_install'
[0.073s] Level 1:colcon.colcon_core.package_identification:_identify(src/learning_qos) by extensions ['ros']
[0.073s] Level 1:colcon.colcon_core.package_identification:_identify(src/learning_qos) by extension 'ros'
[0.073s] DEBUG:colcon.colcon_core.package_identification:Package 'src/learning_qos' with type 'ros.ament_python' and name 'learning_qos'
[0.073s] Level 1:colcon.colcon_core.package_identification:_identify(src/learning_service) by extensions ['ignore', 'ignore_ament_install']
[0.073s] Level 1:colcon.colcon_core.package_identification:_identify(src/learning_service) by extension 'ignore'
[0.073s] Level 1:colcon.colcon_core.package_identification:_identify(src/learning_service) by extension 'ignore_ament_install'
[0.073s] Level 1:colcon.colcon_core.package_identification:_identify(src/learning_service) by extensions ['ros']
[0.073s] Level 1:colcon.colcon_core.package_identification:_identify(src/learning_service) by extension 'ros'
[0.073s] DEBUG:colcon.colcon_core.package_identification:Package 'src/learning_service' with type 'ros.ament_python' and name 'learning_service'
[0.074s] Level 1:colcon.colcon_core.package_identification:_identify(src/learning_tf) by extensions ['ignore', 'ignore_ament_install']
[0.074s] Level 1:colcon.colcon_core.package_identification:_identify(src/learning_tf) by extension 'ignore'
[0.074s] Level 1:colcon.colcon_core.package_identification:_identify(src/learning_tf) by extension 'ignore_ament_install'
[0.074s] Level 1:colcon.colcon_core.package_identification:_identify(src/learning_tf) by extensions ['ros']
[0.074s] Level 1:colcon.colcon_core.package_identification:_identify(src/learning_tf) by extension 'ros'
[0.074s] DEBUG:colcon.colcon_core.package_identification:Package 'src/learning_tf' with type 'ros.ament_python' and name 'learning_tf'
[0.074s] Level 1:colcon.colcon_core.package_identification:_identify(src/learning_topic) by extensions ['ignore', 'ignore_ament_install']
[0.074s] Level 1:colcon.colcon_core.package_identification:_identify(src/learning_topic) by extension 'ignore'
[0.074s] Level 1:colcon.colcon_core.package_identification:_identify(src/learning_topic) by extension 'ignore_ament_install'
[0.074s] Level 1:colcon.colcon_core.package_identification:_identify(src/learning_topic) by extensions ['ros']
[0.074s] Level 1:colcon.colcon_core.package_identification:_identify(src/learning_topic) by extension 'ros'
[0.074s] DEBUG:colcon.colcon_core.package_identification:Package 'src/learning_topic' with type 'ros.ament_python' and name 'learning_topic'
[0.075s] Level 1:colcon.colcon_core.package_discovery:discover_packages(recursive) using defaults
[0.075s] Level 1:colcon.colcon_core.package_discovery:discover_packages(path) discover
[0.075s] Level 1:colcon.colcon_core.package_discovery:discover_packages(path) using defaults
[0.096s] Level 5:colcon.colcon_core.verb:set package 'learning_action' build argument 'cmake_args' from command line to 'None'
[0.096s] Level 5:colcon.colcon_core.verb:set package 'learning_action' build argument 'cmake_target' from command line to 'None'
[0.096s] Level 5:colcon.colcon_core.verb:set package 'learning_action' build argument 'cmake_target_skip_unavailable' from command line to 'False'
[0.096s] Level 5:colcon.colcon_core.verb:set package 'learning_action' build argument 'cmake_clean_cache' from command line to 'False'
[0.096s] Level 5:colcon.colcon_core.verb:set package 'learning_action' build argument 'cmake_clean_first' from command line to 'False'
[0.096s] Level 5:colcon.colcon_core.verb:set package 'learning_action' build argument 'cmake_force_configure' from command line to 'False'
[0.096s] Level 5:colcon.colcon_core.verb:set package 'learning_action' build argument 'ament_cmake_args' from command line to 'None'
[0.096s] Level 5:colcon.colcon_core.verb:set package 'learning_action' build argument 'catkin_cmake_args' from command line to 'None'
[0.096s] Level 5:colcon.colcon_core.verb:set package 'learning_action' build argument 'catkin_skip_building_tests' from command line to 'False'
[0.096s] DEBUG:colcon.colcon_core.verb:Building package 'learning_action' with the following arguments: {'ament_cmake_args': None, 'build_base': '/home/lucas/catkin_ws/build/learning_action', 'catkin_cmake_args': None, 'catkin_skip_building_tests': False, 'cmake_args': None, 'cmake_clean_cache': False, 'cmake_clean_first': False, 'cmake_force_configure': False, 'cmake_target': None, 'cmake_target_skip_unavailable': False, 'install_base': '/home/lucas/catkin_ws/install/learning_action', 'merge_install': False, 'path': '/home/lucas/catkin_ws/src/learning_action', 'symlink_install': False, 'test_result_base': None}
[0.096s] Level 5:colcon.colcon_core.verb:set package 'learning_interface' build argument 'cmake_args' from command line to 'None'
[0.096s] Level 5:colcon.colcon_core.verb:set package 'learning_interface' build argument 'cmake_target' from command line to 'None'
[0.096s] Level 5:colcon.colcon_core.verb:set package 'learning_interface' build argument 'cmake_target_skip_unavailable' from command line to 'False'
[0.096s] Level 5:colcon.colcon_core.verb:set package 'learning_interface' build argument 'cmake_clean_cache' from command line to 'False'
[0.096s] Level 5:colcon.colcon_core.verb:set package 'learning_interface' build argument 'cmake_clean_first' from command line to 'False'
[0.096s] Level 5:colcon.colcon_core.verb:set package 'learning_interface' build argument 'cmake_force_configure' from command line to 'False'
[0.096s] Level 5:colcon.colcon_core.verb:set package 'learning_interface' build argument 'ament_cmake_args' from command line to 'None'
[0.096s] Level 5:colcon.colcon_core.verb:set package 'learning_interface' build argument 'catkin_cmake_args' from command line to 'None'
[0.096s] Level 5:colcon.colcon_core.verb:set package 'learning_interface' build argument 'catkin_skip_building_tests' from command line to 'False'
[0.096s] DEBUG:colcon.colcon_core.verb:Building package 'learning_interface' with the following arguments: {'ament_cmake_args': None, 'build_base': '/home/lucas/catkin_ws/build/learning_interface', 'catkin_cmake_args': None, 'catkin_skip_building_tests': False, 'cmake_args': None, 'cmake_clean_cache': False, 'cmake_clean_first': False, 'cmake_force_configure': False, 'cmake_target': None, 'cmake_target_skip_unavailable': False, 'install_base': '/home/lucas/catkin_ws/install/learning_interface', 'merge_install': False, 'path': '/home/lucas/catkin_ws/src/learning_interface', 'symlink_install': False, 'test_result_base': None}
[0.097s] Level 5:colcon.colcon_core.verb:set package 'learning_launch' build argument 'cmake_args' from command line to 'None'
[0.097s] Level 5:colcon.colcon_core.verb:set package 'learning_launch' build argument 'cmake_target' from command line to 'None'
[0.097s] Level 5:colcon.colcon_core.verb:set package 'learning_launch' build argument 'cmake_target_skip_unavailable' from command line to 'False'
[0.097s] Level 5:colcon.colcon_core.verb:set package 'learning_launch' build argument 'cmake_clean_cache' from command line to 'False'
[0.097s] Level 5:colcon.colcon_core.verb:set package 'learning_launch' build argument 'cmake_clean_first' from command line to 'False'
[0.097s] Level 5:colcon.colcon_core.verb:set package 'learning_launch' build argument 'cmake_force_configure' from command line to 'False'
[0.097s] Level 5:colcon.colcon_core.verb:set package 'learning_launch' build argument 'ament_cmake_args' from command line to 'None'
[0.097s] Level 5:colcon.colcon_core.verb:set package 'learning_launch' build argument 'catkin_cmake_args' from command line to 'None'
[0.097s] Level 5:colcon.colcon_core.verb:set package 'learning_launch' build argument 'catkin_skip_building_tests' from command line to 'False'
[0.097s] DEBUG:colcon.colcon_core.verb:Building package 'learning_launch' with the following arguments: {'ament_cmake_args': None, 'build_base': '/home/lucas/catkin_ws/build/learning_launch', 'catkin_cmake_args': None, 'catkin_skip_building_tests': False, 'cmake_args': None, 'cmake_clean_cache': False, 'cmake_clean_first': False, 'cmake_force_configure': False, 'cmake_target': None, 'cmake_target_skip_unavailable': False, 'install_base': '/home/lucas/catkin_ws/install/learning_launch', 'merge_install': False, 'path': '/home/lucas/catkin_ws/src/learning_launch', 'symlink_install': False, 'test_result_base': None}
[0.098s] Level 5:colcon.colcon_core.verb:set package 'learning_node_python' build argument 'cmake_args' from command line to 'None'
[0.098s] Level 5:colcon.colcon_core.verb:set package 'learning_node_python' build argument 'cmake_target' from command line to 'None'
[0.098s] Level 5:colcon.colcon_core.verb:set package 'learning_node_python' build argument 'cmake_target_skip_unavailable' from command line to 'False'
[0.098s] Level 5:colcon.colcon_core.verb:set package 'learning_node_python' build argument 'cmake_clean_cache' from command line to 'False'
[0.098s] Level 5:colcon.colcon_core.verb:set package 'learning_node_python' build argument 'cmake_clean_first' from command line to 'False'
[0.098s] Level 5:colcon.colcon_core.verb:set package 'learning_node_python' build argument 'cmake_force_configure' from command line to 'False'
[0.098s] Level 5:colcon.colcon_core.verb:set package 'learning_node_python' build argument 'ament_cmake_args' from command line to 'None'
[0.098s] Level 5:colcon.colcon_core.verb:set package 'learning_node_python' build argument 'catkin_cmake_args' from command line to 'None'
[0.098s] Level 5:colcon.colcon_core.verb:set package 'learning_node_python' build argument 'catkin_skip_building_tests' from command line to 'False'
[0.098s] DEBUG:colcon.colcon_core.verb:Building package 'learning_node_python' with the following arguments: {'ament_cmake_args': None, 'build_base': '/home/lucas/catkin_ws/build/learning_node_python', 'catkin_cmake_args': None, 'catkin_skip_building_tests': False, 'cmake_args': None, 'cmake_clean_cache': False, 'cmake_clean_first': False, 'cmake_force_configure': False, 'cmake_target': None, 'cmake_target_skip_unavailable': False, 'install_base': '/home/lucas/catkin_ws/install/learning_node_python', 'merge_install': False, 'path': '/home/lucas/catkin_ws/src/learning_node_python', 'symlink_install': False, 'test_result_base': None}
[0.098s] Level 5:colcon.colcon_core.verb:set package 'learning_parameter' build argument 'cmake_args' from command line to 'None'
[0.098s] Level 5:colcon.colcon_core.verb:set package 'learning_parameter' build argument 'cmake_target' from command line to 'None'
[0.098s] Level 5:colcon.colcon_core.verb:set package 'learning_parameter' build argument 'cmake_target_skip_unavailable' from command line to 'False'
[0.098s] Level 5:colcon.colcon_core.verb:set package 'learning_parameter' build argument 'cmake_clean_cache' from command line to 'False'
[0.098s] Level 5:colcon.colcon_core.verb:set package 'learning_parameter' build argument 'cmake_clean_first' from command line to 'False'
[0.098s] Level 5:colcon.colcon_core.verb:set package 'learning_parameter' build argument 'cmake_force_configure' from command line to 'False'
[0.098s] Level 5:colcon.colcon_core.verb:set package 'learning_parameter' build argument 'ament_cmake_args' from command line to 'None'
[0.098s] Level 5:colcon.colcon_core.verb:set package 'learning_parameter' build argument 'catkin_cmake_args' from command line to 'None'
[0.098s] Level 5:colcon.colcon_core.verb:set package 'learning_parameter' build argument 'catkin_skip_building_tests' from command line to 'False'
[0.098s] DEBUG:colcon.colcon_core.verb:Building package 'learning_parameter' with the following arguments: {'ament_cmake_args': None, 'build_base': '/home/lucas/catkin_ws/build/learning_parameter', 'catkin_cmake_args': None, 'catkin_skip_building_tests': False, 'cmake_args': None, 'cmake_clean_cache': False, 'cmake_clean_first': False, 'cmake_force_configure': False, 'cmake_target': None, 'cmake_target_skip_unavailable': False, 'install_base': '/home/lucas/catkin_ws/install/learning_parameter', 'merge_install': False, 'path': '/home/lucas/catkin_ws/src/learning_parameter', 'symlink_install': False, 'test_result_base': None}
[0.099s] Level 5:colcon.colcon_core.verb:set package 'learning_pkg_c' build argument 'cmake_args' from command line to 'None'
[0.099s] Level 5:colcon.colcon_core.verb:set package 'learning_pkg_c' build argument 'cmake_target' from command line to 'None'
[0.099s] Level 5:colcon.colcon_core.verb:set package 'learning_pkg_c' build argument 'cmake_target_skip_unavailable' from command line to 'False'
[0.099s] Level 5:colcon.colcon_core.verb:set package 'learning_pkg_c' build argument 'cmake_clean_cache' from command line to 'False'
[0.099s] Level 5:colcon.colcon_core.verb:set package 'learning_pkg_c' build argument 'cmake_clean_first' from command line to 'False'
[0.099s] Level 5:colcon.colcon_core.verb:set package 'learning_pkg_c' build argument 'cmake_force_configure' from command line to 'False'
[0.099s] Level 5:colcon.colcon_core.verb:set package 'learning_pkg_c' build argument 'ament_cmake_args' from command line to 'None'
[0.099s] Level 5:colcon.colcon_core.verb:set package 'learning_pkg_c' build argument 'catkin_cmake_args' from command line to 'None'
[0.099s] Level 5:colcon.colcon_core.verb:set package 'learning_pkg_c' build argument 'catkin_skip_building_tests' from command line to 'False'
[0.099s] DEBUG:colcon.colcon_core.verb:Building package 'learning_pkg_c' with the following arguments: {'ament_cmake_args': None, 'build_base': '/home/lucas/catkin_ws/build/learning_pkg_c', 'catkin_cmake_args': None, 'catkin_skip_building_tests': False, 'cmake_args': None, 'cmake_clean_cache': False, 'cmake_clean_first': False, 'cmake_force_configure': False, 'cmake_target': None, 'cmake_target_skip_unavailable': False, 'install_base': '/home/lucas/catkin_ws/install/learning_pkg_c', 'merge_install': False, 'path': '/home/lucas/catkin_ws/src/learning_pkg_c', 'symlink_install': False, 'test_result_base': None}
[0.099s] Level 5:colcon.colcon_core.verb:set package 'learning_pkg_python' build argument 'cmake_args' from command line to 'None'
[0.099s] Level 5:colcon.colcon_core.verb:set package 'learning_pkg_python' build argument 'cmake_target' from command line to 'None'
[0.099s] Level 5:colcon.colcon_core.verb:set package 'learning_pkg_python' build argument 'cmake_target_skip_unavailable' from command line to 'False'
[0.099s] Level 5:colcon.colcon_core.verb:set package 'learning_pkg_python' build argument 'cmake_clean_cache' from command line to 'False'
[0.099s] Level 5:colcon.colcon_core.verb:set package 'learning_pkg_python' build argument 'cmake_clean_first' from command line to 'False'
[0.099s] Level 5:colcon.colcon_core.verb:set package 'learning_pkg_python' build argument 'cmake_force_configure' from command line to 'False'
[0.099s] Level 5:colcon.colcon_core.verb:set package 'learning_pkg_python' build argument 'ament_cmake_args' from command line to 'None'
[0.099s] Level 5:colcon.colcon_core.verb:set package 'learning_pkg_python' build argument 'catkin_cmake_args' from command line to 'None'
[0.099s] Level 5:colcon.colcon_core.verb:set package 'learning_pkg_python' build argument 'catkin_skip_building_tests' from command line to 'False'
[0.099s] DEBUG:colcon.colcon_core.verb:Building package 'learning_pkg_python' with the following arguments: {'ament_cmake_args': None, 'build_base': '/home/lucas/catkin_ws/build/learning_pkg_python', 'catkin_cmake_args': None, 'catkin_skip_building_tests': False, 'cmake_args': None, 'cmake_clean_cache': False, 'cmake_clean_first': False, 'cmake_force_configure': False, 'cmake_target': None, 'cmake_target_skip_unavailable': False, 'install_base': '/home/lucas/catkin_ws/install/learning_pkg_python', 'merge_install': False, 'path': '/home/lucas/catkin_ws/src/learning_pkg_python', 'symlink_install': False, 'test_result_base': None}
[0.100s] Level 5:colcon.colcon_core.verb:set package 'learning_qos' build argument 'cmake_args' from command line to 'None'
[0.100s] Level 5:colcon.colcon_core.verb:set package 'learning_qos' build argument 'cmake_target' from command line to 'None'
[0.100s] Level 5:colcon.colcon_core.verb:set package 'learning_qos' build argument 'cmake_target_skip_unavailable' from command line to 'False'
[0.100s] Level 5:colcon.colcon_core.verb:set package 'learning_qos' build argument 'cmake_clean_cache' from command line to 'False'
[0.100s] Level 5:colcon.colcon_core.verb:set package 'learning_qos' build argument 'cmake_clean_first' from command line to 'False'
[0.100s] Level 5:colcon.colcon_core.verb:set package 'learning_qos' build argument 'cmake_force_configure' from command line to 'False'
[0.100s] Level 5:colcon.colcon_core.verb:set package 'learning_qos' build argument 'ament_cmake_args' from command line to 'None'
[0.100s] Level 5:colcon.colcon_core.verb:set package 'learning_qos' build argument 'catkin_cmake_args' from command line to 'None'
[0.100s] Level 5:colcon.colcon_core.verb:set package 'learning_qos' build argument 'catkin_skip_building_tests' from command line to 'False'
[0.100s] DEBUG:colcon.colcon_core.verb:Building package 'learning_qos' with the following arguments: {'ament_cmake_args': None, 'build_base': '/home/lucas/catkin_ws/build/learning_qos', 'catkin_cmake_args': None, 'catkin_skip_building_tests': False, 'cmake_args': None, 'cmake_clean_cache': False, 'cmake_clean_first': False, 'cmake_force_configure': False, 'cmake_target': None, 'cmake_target_skip_unavailable': False, 'install_base': '/home/lucas/catkin_ws/install/learning_qos', 'merge_install': False, 'path': '/home/lucas/catkin_ws/src/learning_qos', 'symlink_install': False, 'test_result_base': None}
[0.100s] Level 5:colcon.colcon_core.verb:set package 'learning_tf' build argument 'cmake_args' from command line to 'None'
[0.100s] Level 5:colcon.colcon_core.verb:set package 'learning_tf' build argument 'cmake_target' from command line to 'None'
[0.100s] Level 5:colcon.colcon_core.verb:set package 'learning_tf' build argument 'cmake_target_skip_unavailable' from command line to 'False'
[0.100s] Level 5:colcon.colcon_core.verb:set package 'learning_tf' build argument 'cmake_clean_cache' from command line to 'False'
[0.100s] Level 5:colcon.colcon_core.verb:set package 'learning_tf' build argument 'cmake_clean_first' from command line to 'False'
[0.100s] Level 5:colcon.colcon_core.verb:set package 'learning_tf' build argument 'cmake_force_configure' from command line to 'False'
[0.100s] Level 5:colcon.colcon_core.verb:set package 'learning_tf' build argument 'ament_cmake_args' from command line to 'None'
[0.100s] Level 5:colcon.colcon_core.verb:set package 'learning_tf' build argument 'catkin_cmake_args' from command line to 'None'
[0.100s] Level 5:colcon.colcon_core.verb:set package 'learning_tf' build argument 'catkin_skip_building_tests' from command line to 'False'
[0.100s] DEBUG:colcon.colcon_core.verb:Building package 'learning_tf' with the following arguments: {'ament_cmake_args': None, 'build_base': '/home/lucas/catkin_ws/build/learning_tf', 'catkin_cmake_args': None, 'catkin_skip_building_tests': False, 'cmake_args': None, 'cmake_clean_cache': False, 'cmake_clean_first': False, 'cmake_force_configure': False, 'cmake_target': None, 'cmake_target_skip_unavailable': False, 'install_base': '/home/lucas/catkin_ws/install/learning_tf', 'merge_install': False, 'path': '/home/lucas/catkin_ws/src/learning_tf', 'symlink_install': False, 'test_result_base': None}
[0.101s] Level 5:colcon.colcon_core.verb:set package 'learning_topic' build argument 'cmake_args' from command line to 'None'
[0.101s] Level 5:colcon.colcon_core.verb:set package 'learning_topic' build argument 'cmake_target' from command line to 'None'
[0.101s] Level 5:colcon.colcon_core.verb:set package 'learning_topic' build argument 'cmake_target_skip_unavailable' from command line to 'False'
[0.101s] Level 5:colcon.colcon_core.verb:set package 'learning_topic' build argument 'cmake_clean_cache' from command line to 'False'
[0.101s] Level 5:colcon.colcon_core.verb:set package 'learning_topic' build argument 'cmake_clean_first' from command line to 'False'
[0.101s] Level 5:colcon.colcon_core.verb:set package 'learning_topic' build argument 'cmake_force_configure' from command line to 'False'
[0.101s] Level 5:colcon.colcon_core.verb:set package 'learning_topic' build argument 'ament_cmake_args' from command line to 'None'
[0.101s] Level 5:colcon.colcon_core.verb:set package 'learning_topic' build argument 'catkin_cmake_args' from command line to 'None'
[0.101s] Level 5:colcon.colcon_core.verb:set package 'learning_topic' build argument 'catkin_skip_building_tests' from command line to 'False'
[0.101s] DEBUG:colcon.colcon_core.verb:Building package 'learning_topic' with the following arguments: {'ament_cmake_args': None, 'build_base': '/home/lucas/catkin_ws/build/learning_topic', 'catkin_cmake_args': None, 'catkin_skip_building_tests': False, 'cmake_args': None, 'cmake_clean_cache': False, 'cmake_clean_first': False, 'cmake_force_configure': False, 'cmake_target': None, 'cmake_target_skip_unavailable': False, 'install_base': '/home/lucas/catkin_ws/install/learning_topic', 'merge_install': False, 'path': '/home/lucas/catkin_ws/src/learning_topic', 'symlink_install': False, 'test_result_base': None}
[0.101s] Level 5:colcon.colcon_core.verb:set package 'learning_service' build argument 'cmake_args' from command line to 'None'
[0.101s] Level 5:colcon.colcon_core.verb:set package 'learning_service' build argument 'cmake_target' from command line to 'None'
[0.101s] Level 5:colcon.colcon_core.verb:set package 'learning_service' build argument 'cmake_target_skip_unavailable' from command line to 'False'
[0.101s] Level 5:colcon.colcon_core.verb:set package 'learning_service' build argument 'cmake_clean_cache' from command line to 'False'
[0.102s] Level 5:colcon.colcon_core.verb:set package 'learning_service' build argument 'cmake_clean_first' from command line to 'False'
[0.102s] Level 5:colcon.colcon_core.verb:set package 'learning_service' build argument 'cmake_force_configure' from command line to 'False'
[0.102s] Level 5:colcon.colcon_core.verb:set package 'learning_service' build argument 'ament_cmake_args' from command line to 'None'
[0.102s] Level 5:colcon.colcon_core.verb:set package 'learning_service' build argument 'catkin_cmake_args' from command line to 'None'
[0.102s] Level 5:colcon.colcon_core.verb:set package 'learning_service' build argument 'catkin_skip_building_tests' from command line to 'False'
[0.102s] DEBUG:colcon.colcon_core.verb:Building package 'learning_service' with the following arguments: {'ament_cmake_args': None, 'build_base': '/home/lucas/catkin_ws/build/learning_service', 'catkin_cmake_args': None, 'catkin_skip_building_tests': False, 'cmake_args': None, 'cmake_clean_cache': False, 'cmake_clean_first': False, 'cmake_force_configure': False, 'cmake_target': None, 'cmake_target_skip_unavailable': False, 'install_base': '/home/lucas/catkin_ws/install/learning_service', 'merge_install': False, 'path': '/home/lucas/catkin_ws/src/learning_service', 'symlink_install': False, 'test_result_base': None}
[0.102s] INFO:colcon.colcon_core.executor:Executing jobs using 'sequential' executor
[0.103s] DEBUG:colcon.colcon_core.executor.sequential:run_until_complete 'learning_action'
[0.103s] INFO:colcon.colcon_ros.task.ament_python.build:Building ROS package in '/home/lucas/catkin_ws/src/learning_action' with build type 'ament_python'
[0.103s] Level 1:colcon.colcon_core.shell:create_environment_hook('learning_action', 'ament_prefix_path')
[0.105s] INFO:colcon.colcon_core.plugin_system:Skipping extension 'colcon_core.shell.bat': Not used on non-Windows systems
[0.106s] INFO:colcon.colcon_core.shell:Creating environment descriptor '/home/lucas/catkin_ws/install/learning_action/share/learning_action/hook/ament_prefix_path.dsv'
[0.106s] INFO:colcon.colcon_core.shell:Creating environment hook '/home/lucas/catkin_ws/install/learning_action/share/learning_action/hook/ament_prefix_path.sh'
[0.107s] DEBUG:colcon.colcon_core.shell:Skip shell extension 'dsv' for command environment
[0.247s] INFO:colcon.colcon_core.task.python.build:Building Python package in '/home/lucas/catkin_ws/src/learning_action'
[0.247s] DEBUG:colcon.colcon_core.shell:Skip shell extension 'dsv' for command environment
[0.480s] DEBUG:colcon.colcon_core.event_handler.log_command:Invoking command in '/home/lucas/catkin_ws/src/learning_action': PYTHONPATH=/home/lucas/catkin_ws/install/learning_action/lib/python3.8/site-packages:${PYTHONPATH} /usr/bin/python3 setup.py egg_info --egg-base ../../build/learning_action build --build-base /home/lucas/catkin_ws/build/learning_action/build install --prefix /home/lucas/catkin_ws/install/learning_action --record /home/lucas/catkin_ws/build/learning_action/install.log --single-version-externally-managed
[0.625s] DEBUG:colcon.colcon_core.event_handler.log_command:Invoked command in '/home/lucas/catkin_ws/src/learning_action' returned '0': PYTHONPATH=/home/lucas/catkin_ws/install/learning_action/lib/python3.8/site-packages:${PYTHONPATH} /usr/bin/python3 setup.py egg_info --egg-base ../../build/learning_action build --build-base /home/lucas/catkin_ws/build/learning_action/build install --prefix /home/lucas/catkin_ws/install/learning_action --record /home/lucas/catkin_ws/build/learning_action/install.log --single-version-externally-managed
[0.628s] Level 1:colcon.colcon_core.environment:checking '/home/lucas/catkin_ws/install/learning_action' for CMake module files
[0.629s] Level 1:colcon.colcon_core.environment:checking '/home/lucas/catkin_ws/install/learning_action' for CMake config files
[0.629s] Level 1:colcon.colcon_core.environment:checking '/home/lucas/catkin_ws/install/learning_action/lib'
[0.629s] Level 1:colcon.colcon_core.environment:checking '/home/lucas/catkin_ws/install/learning_action/bin'
[0.629s] Level 1:colcon.colcon_core.environment:checking '/home/lucas/catkin_ws/install/learning_action/lib/pkgconfig/learning_action.pc'
[0.629s] Level 1:colcon.colcon_core.environment:checking '/home/lucas/catkin_ws/install/learning_action/lib/python3.8/site-packages'
[0.629s] Level 1:colcon.colcon_core.shell:create_environment_hook('learning_action', 'pythonpath')
[0.630s] INFO:colcon.colcon_core.shell:Creating environment descriptor '/home/lucas/catkin_ws/install/learning_action/share/learning_action/hook/pythonpath.dsv'
[0.630s] INFO:colcon.colcon_core.shell:Creating environment hook '/home/lucas/catkin_ws/install/learning_action/share/learning_action/hook/pythonpath.sh'
[0.630s] Level 1:colcon.colcon_core.environment:checking '/home/lucas/catkin_ws/install/learning_action/bin'
[0.630s] Level 1:colcon.colcon_core.environment:create_environment_scripts_only(learning_action)
[0.631s] INFO:colcon.colcon_core.shell:Creating package descriptor '/home/lucas/catkin_ws/install/learning_action/share/learning_action/package.dsv'
[0.631s] INFO:colcon.colcon_core.shell:Creating package script '/home/lucas/catkin_ws/install/learning_action/share/learning_action/package.sh'
[0.632s] Level 1:colcon.colcon_core.environment:create_file_with_runtime_dependencies(/home/lucas/catkin_ws/install/learning_action/share/colcon-core/packages/learning_action)
[0.632s] DEBUG:colcon.colcon_core.executor.sequential:run_until_complete 'learning_action' finished with '0'
[0.632s] DEBUG:colcon.colcon_core.executor.sequential:run_until_complete 'learning_interface'
[0.632s] INFO:colcon.colcon_ros.task.ament_cmake.build:Building ROS package in '/home/lucas/catkin_ws/src/learning_interface' with build type 'ament_cmake'
[0.632s] INFO:colcon.colcon_cmake.task.cmake.build:Building CMake package in '/home/lucas/catkin_ws/src/learning_interface'
[0.632s] DEBUG:colcon.colcon_core.shell:Skip shell extension 'dsv' for command environment
[0.645s] DEBUG:colcon.colcon_core.event_handler.log_command:Invoking command in '/home/lucas/catkin_ws/build/learning_interface': CMAKE_PREFIX_PATH=${CMAKE_PREFIX_PATH}:/home/lucas/catkin_ws/install/learning_launch:/home/lucas/catkin_ws/install/learning_topic:/home/lucas/catkin_ws/install/learning_service:/home/lucas/catkin_ws/install/learning_qos:/home/lucas/catkin_ws/install/learning_pkg_python:/home/lucas/catkin_ws/install/learning_parameter:/home/lucas/catkin_ws/install/learning_node_python:/home/lucas/catkin_ws/install/learning_action:/opt/ros/foxy /usr/bin/cmake --build /home/lucas/catkin_ws/build/learning_interface -- -j2 -l2
[1.019s] DEBUG:colcon.colcon_core.event_handler.log_command:Invoked command in '/home/lucas/catkin_ws/build/learning_interface' returned '0': CMAKE_PREFIX_PATH=${CMAKE_PREFIX_PATH}:/home/lucas/catkin_ws/install/learning_launch:/home/lucas/catkin_ws/install/learning_topic:/home/lucas/catkin_ws/install/learning_service:/home/lucas/catkin_ws/install/learning_qos:/home/lucas/catkin_ws/install/learning_pkg_python:/home/lucas/catkin_ws/install/learning_parameter:/home/lucas/catkin_ws/install/learning_node_python:/home/lucas/catkin_ws/install/learning_action:/opt/ros/foxy /usr/bin/cmake --build /home/lucas/catkin_ws/build/learning_interface -- -j2 -l2
[1.085s] DEBUG:colcon.colcon_core.event_handler.log_command:Invoking command in '/home/lucas/catkin_ws/build/learning_interface': CMAKE_PREFIX_PATH=${CMAKE_PREFIX_PATH}:/home/lucas/catkin_ws/install/learning_launch:/home/lucas/catkin_ws/install/learning_topic:/home/lucas/catkin_ws/install/learning_service:/home/lucas/catkin_ws/install/learning_qos:/home/lucas/catkin_ws/install/learning_pkg_python:/home/lucas/catkin_ws/install/learning_parameter:/home/lucas/catkin_ws/install/learning_node_python:/home/lucas/catkin_ws/install/learning_action:/opt/ros/foxy /usr/bin/cmake --install /home/lucas/catkin_ws/build/learning_interface
[1.128s] Level 1:colcon.colcon_core.environment:create_environment_scripts_only(learning_interface)
[1.129s] Level 1:colcon.colcon_core.environment:checking '/home/lucas/catkin_ws/install/learning_interface' for CMake module files
[1.130s] Level 1:colcon.colcon_core.environment:checking '/home/lucas/catkin_ws/install/learning_interface' for CMake config files
[1.130s] Level 1:colcon.colcon_core.shell:create_environment_hook('learning_interface', 'cmake_prefix_path')
[1.131s] INFO:colcon.colcon_core.shell:Creating environment descriptor '/home/lucas/catkin_ws/install/learning_interface/share/learning_interface/hook/cmake_prefix_path.dsv'
[1.130s] DEBUG:colcon.colcon_core.event_handler.log_command:Invoked command in '/home/lucas/catkin_ws/build/learning_interface' returned '0': CMAKE_PREFIX_PATH=${CMAKE_PREFIX_PATH}:/home/lucas/catkin_ws/install/learning_launch:/home/lucas/catkin_ws/install/learning_topic:/home/lucas/catkin_ws/install/learning_service:/home/lucas/catkin_ws/install/learning_qos:/home/lucas/catkin_ws/install/learning_pkg_python:/home/lucas/catkin_ws/install/learning_parameter:/home/lucas/catkin_ws/install/learning_node_python:/home/lucas/catkin_ws/install/learning_action:/opt/ros/foxy /usr/bin/cmake --install /home/lucas/catkin_ws/build/learning_interface
[1.131s] INFO:colcon.colcon_core.shell:Creating environment hook '/home/lucas/catkin_ws/install/learning_interface/share/learning_interface/hook/cmake_prefix_path.sh'
[1.132s] Level 1:colcon.colcon_core.environment:checking '/home/lucas/catkin_ws/install/learning_interface/lib'
[1.132s] Level 1:colcon.colcon_core.shell:create_environment_hook('learning_interface', 'ld_library_path_lib')
[1.132s] INFO:colcon.colcon_core.shell:Creating environment descriptor '/home/lucas/catkin_ws/install/learning_interface/share/learning_interface/hook/ld_library_path_lib.dsv'
[1.132s] INFO:colcon.colcon_core.shell:Creating environment hook '/home/lucas/catkin_ws/install/learning_interface/share/learning_interface/hook/ld_library_path_lib.sh'
[1.132s] Level 1:colcon.colcon_core.environment:checking '/home/lucas/catkin_ws/install/learning_interface/bin'
[1.132s] Level 1:colcon.colcon_core.environment:checking '/home/lucas/catkin_ws/install/learning_interface/lib/pkgconfig/learning_interface.pc'
[1.132s] Level 1:colcon.colcon_core.environment:checking '/home/lucas/catkin_ws/install/learning_interface/lib/python3.8/site-packages'
[1.133s] Level 1:colcon.colcon_core.shell:create_environment_hook('learning_interface', 'pythonpath')
[1.133s] INFO:colcon.colcon_core.shell:Creating environment descriptor '/home/lucas/catkin_ws/install/learning_interface/share/learning_interface/hook/pythonpath.dsv'
[1.133s] INFO:colcon.colcon_core.shell:Creating environment hook '/home/lucas/catkin_ws/install/learning_interface/share/learning_interface/hook/pythonpath.sh'
[1.133s] Level 1:colcon.colcon_core.environment:checking '/home/lucas/catkin_ws/install/learning_interface/bin'
[1.134s] INFO:colcon.colcon_core.shell:Creating package descriptor '/home/lucas/catkin_ws/install/learning_interface/share/learning_interface/package.dsv'
[1.134s] INFO:colcon.colcon_core.shell:Creating package script '/home/lucas/catkin_ws/install/learning_interface/share/learning_interface/package.sh'
[1.134s] Level 1:colcon.colcon_core.environment:create_file_with_runtime_dependencies(/home/lucas/catkin_ws/install/learning_interface/share/colcon-core/packages/learning_interface)
[1.202s] Level 1:colcon.colcon_core.environment:create_environment_scripts_only(learning_interface)
[1.203s] Level 1:colcon.colcon_core.environment:checking '/home/lucas/catkin_ws/install/learning_interface' for CMake module files
[1.203s] Level 1:colcon.colcon_core.environment:checking '/home/lucas/catkin_ws/install/learning_interface' for CMake config files
[1.204s] Level 1:colcon.colcon_core.shell:create_environment_hook('learning_interface', 'cmake_prefix_path')
[1.204s] INFO:colcon.colcon_core.shell:Creating environment descriptor '/home/lucas/catkin_ws/install/learning_interface/share/learning_interface/hook/cmake_prefix_path.dsv'
[1.204s] INFO:colcon.colcon_core.shell:Creating environment hook '/home/lucas/catkin_ws/install/learning_interface/share/learning_interface/hook/cmake_prefix_path.sh'
[1.205s] Level 1:colcon.colcon_core.environment:checking '/home/lucas/catkin_ws/install/learning_interface/lib'
[1.205s] Level 1:colcon.colcon_core.shell:create_environment_hook('learning_interface', 'ld_library_path_lib')
[1.205s] INFO:colcon.colcon_core.shell:Creating environment descriptor '/home/lucas/catkin_ws/install/learning_interface/share/learning_interface/hook/ld_library_path_lib.dsv'
[1.205s] INFO:colcon.colcon_core.shell:Creating environment hook '/home/lucas/catkin_ws/install/learning_interface/share/learning_interface/hook/ld_library_path_lib.sh'
[1.206s] Level 1:colcon.colcon_core.environment:checking '/home/lucas/catkin_ws/install/learning_interface/bin'
[1.206s] Level 1:colcon.colcon_core.environment:checking '/home/lucas/catkin_ws/install/learning_interface/lib/pkgconfig/learning_interface.pc'
[1.206s] Level 1:colcon.colcon_core.environment:checking '/home/lucas/catkin_ws/install/learning_interface/lib/python3.8/site-packages'
[1.206s] Level 1:colcon.colcon_core.shell:create_environment_hook('learning_interface', 'pythonpath')
[1.206s] INFO:colcon.colcon_core.shell:Creating environment descriptor '/home/lucas/catkin_ws/install/learning_interface/share/learning_interface/hook/pythonpath.dsv'
[1.206s] INFO:colcon.colcon_core.shell:Creating environment hook '/home/lucas/catkin_ws/install/learning_interface/share/learning_interface/hook/pythonpath.sh'
[1.207s] Level 1:colcon.colcon_core.environment:checking '/home/lucas/catkin_ws/install/learning_interface/bin'
[1.207s] INFO:colcon.colcon_core.shell:Creating package descriptor '/home/lucas/catkin_ws/install/learning_interface/share/learning_interface/package.dsv'
[1.207s] INFO:colcon.colcon_core.shell:Creating package script '/home/lucas/catkin_ws/install/learning_interface/share/learning_interface/package.sh'
[1.208s] Level 1:colcon.colcon_core.environment:create_file_with_runtime_dependencies(/home/lucas/catkin_ws/install/learning_interface/share/colcon-core/packages/learning_interface)
[1.208s] DEBUG:colcon.colcon_core.executor.sequential:run_until_complete 'learning_interface' finished with '0'
[1.208s] DEBUG:colcon.colcon_core.executor.sequential:run_until_complete 'learning_launch'
[1.208s] INFO:colcon.colcon_ros.task.ament_python.build:Building ROS package in '/home/lucas/catkin_ws/src/learning_launch' with build type 'ament_python'
[1.208s] Level 1:colcon.colcon_core.shell:create_environment_hook('learning_launch', 'ament_prefix_path')
[1.209s] INFO:colcon.colcon_core.shell:Creating environment descriptor '/home/lucas/catkin_ws/install/learning_launch/share/learning_launch/hook/ament_prefix_path.dsv'
[1.210s] INFO:colcon.colcon_core.shell:Creating environment hook '/home/lucas/catkin_ws/install/learning_launch/share/learning_launch/hook/ament_prefix_path.sh'
[1.211s] DEBUG:colcon.colcon_core.shell:Skip shell extension 'dsv' for command environment
[1.369s] INFO:colcon.colcon_core.task.python.build:Building Python package in '/home/lucas/catkin_ws/src/learning_launch'
[1.370s] DEBUG:colcon.colcon_core.shell:Skip shell extension 'dsv' for command environment
[1.638s] DEBUG:colcon.colcon_core.event_handler.log_command:Invoking command in '/home/lucas/catkin_ws/src/learning_launch': PYTHONPATH=/home/lucas/catkin_ws/install/learning_launch/lib/python3.8/site-packages:${PYTHONPATH} /usr/bin/python3 setup.py egg_info --egg-base ../../build/learning_launch build --build-base /home/lucas/catkin_ws/build/learning_launch/build install --prefix /home/lucas/catkin_ws/install/learning_launch --record /home/lucas/catkin_ws/build/learning_launch/install.log --single-version-externally-managed
[1.983s] Level 1:colcon.colcon_core.environment:checking '/home/lucas/catkin_ws/install/learning_launch' for CMake module files
[1.983s] DEBUG:colcon.colcon_core.event_handler.log_command:Invoked command in '/home/lucas/catkin_ws/src/learning_launch' returned '0': PYTHONPATH=/home/lucas/catkin_ws/install/learning_launch/lib/python3.8/site-packages:${PYTHONPATH} /usr/bin/python3 setup.py egg_info --egg-base ../../build/learning_launch build --build-base /home/lucas/catkin_ws/build/learning_launch/build install --prefix /home/lucas/catkin_ws/install/learning_launch --record /home/lucas/catkin_ws/build/learning_launch/install.log --single-version-externally-managed
[1.984s] Level 1:colcon.colcon_core.environment:checking '/home/lucas/catkin_ws/install/learning_launch' for CMake config files
[1.984s] Level 1:colcon.colcon_core.environment:checking '/home/lucas/catkin_ws/install/learning_launch/lib'
[1.984s] Level 1:colcon.colcon_core.environment:checking '/home/lucas/catkin_ws/install/learning_launch/bin'
[1.984s] Level 1:colcon.colcon_core.environment:checking '/home/lucas/catkin_ws/install/learning_launch/lib/pkgconfig/learning_launch.pc'
[1.984s] Level 1:colcon.colcon_core.environment:checking '/home/lucas/catkin_ws/install/learning_launch/lib/python3.8/site-packages'
[1.984s] Level 1:colcon.colcon_core.shell:create_environment_hook('learning_launch', 'pythonpath')
[1.985s] INFO:colcon.colcon_core.shell:Creating environment descriptor '/home/lucas/catkin_ws/install/learning_launch/share/learning_launch/hook/pythonpath.dsv'
[1.985s] INFO:colcon.colcon_core.shell:Creating environment hook '/home/lucas/catkin_ws/install/learning_launch/share/learning_launch/hook/pythonpath.sh'
[1.986s] Level 1:colcon.colcon_core.environment:checking '/home/lucas/catkin_ws/install/learning_launch/bin'
[1.986s] Level 1:colcon.colcon_core.environment:create_environment_scripts_only(learning_launch)
[1.986s] INFO:colcon.colcon_core.shell:Creating package descriptor '/home/lucas/catkin_ws/install/learning_launch/share/learning_launch/package.dsv'
[1.986s] INFO:colcon.colcon_core.shell:Creating package script '/home/lucas/catkin_ws/install/learning_launch/share/learning_launch/package.sh'
[1.987s] Level 1:colcon.colcon_core.environment:create_file_with_runtime_dependencies(/home/lucas/catkin_ws/install/learning_launch/share/colcon-core/packages/learning_launch)
[1.987s] DEBUG:colcon.colcon_core.executor.sequential:run_until_complete 'learning_launch' finished with '0'
[1.987s] DEBUG:colcon.colcon_core.executor.sequential:run_until_complete 'learning_node_python'
[1.988s] INFO:colcon.colcon_ros.task.ament_python.build:Building ROS package in '/home/lucas/catkin_ws/src/learning_node_python' with build type 'ament_python'
[1.988s] Level 1:colcon.colcon_core.shell:create_environment_hook('learning_node_python', 'ament_prefix_path')
[1.988s] INFO:colcon.colcon_core.shell:Creating environment descriptor '/home/lucas/catkin_ws/install/learning_node_python/share/learning_node_python/hook/ament_prefix_path.dsv'
[1.988s] INFO:colcon.colcon_core.shell:Creating environment hook '/home/lucas/catkin_ws/install/learning_node_python/share/learning_node_python/hook/ament_prefix_path.sh'
[1.989s] DEBUG:colcon.colcon_core.shell:Skip shell extension 'dsv' for command environment
[2.137s] INFO:colcon.colcon_core.task.python.build:Building Python package in '/home/lucas/catkin_ws/src/learning_node_python'
[2.138s] DEBUG:colcon.colcon_core.shell:Skip shell extension 'dsv' for command environment
[2.494s] DEBUG:colcon.colcon_core.event_handler.log_command:Invoking command in '/home/lucas/catkin_ws/src/learning_node_python': PYTHONPATH=/home/lucas/catkin_ws/install/learning_node_python/lib/python3.8/site-packages:${PYTHONPATH} /usr/bin/python3 setup.py egg_info --egg-base ../../build/learning_node_python build --build-base /home/lucas/catkin_ws/build/learning_node_python/build install --prefix /home/lucas/catkin_ws/install/learning_node_python --record /home/lucas/catkin_ws/build/learning_node_python/install.log --single-version-externally-managed
[2.664s] Level 1:colcon.colcon_core.environment:checking '/home/lucas/catkin_ws/install/learning_node_python' for CMake module files
[2.665s] Level 1:colcon.colcon_core.environment:checking '/home/lucas/catkin_ws/install/learning_node_python' for CMake config files
[2.665s] Level 1:colcon.colcon_core.environment:checking '/home/lucas/catkin_ws/install/learning_node_python/lib'
[2.665s] Level 1:colcon.colcon_core.environment:checking '/home/lucas/catkin_ws/install/learning_node_python/bin'
[2.665s] Level 1:colcon.colcon_core.environment:checking '/home/lucas/catkin_ws/install/learning_node_python/lib/pkgconfig/learning_node_python.pc'
[2.665s] Level 1:colcon.colcon_core.environment:checking '/home/lucas/catkin_ws/install/learning_node_python/lib/python3.8/site-packages'
[2.665s] Level 1:colcon.colcon_core.shell:create_environment_hook('learning_node_python', 'pythonpath')
[2.666s] INFO:colcon.colcon_core.shell:Creating environment descriptor '/home/lucas/catkin_ws/install/learning_node_python/share/learning_node_python/hook/pythonpath.dsv'
[2.666s] DEBUG:colcon.colcon_core.event_handler.log_command:Invoked command in '/home/lucas/catkin_ws/src/learning_node_python' returned '0': PYTHONPATH=/home/lucas/catkin_ws/install/learning_node_python/lib/python3.8/site-packages:${PYTHONPATH} /usr/bin/python3 setup.py egg_info --egg-base ../../build/learning_node_python build --build-base /home/lucas/catkin_ws/build/learning_node_python/build install --prefix /home/lucas/catkin_ws/install/learning_node_python --record /home/lucas/catkin_ws/build/learning_node_python/install.log --single-version-externally-managed
[2.666s] INFO:colcon.colcon_core.shell:Creating environment hook '/home/lucas/catkin_ws/install/learning_node_python/share/learning_node_python/hook/pythonpath.sh'
[2.666s] Level 1:colcon.colcon_core.environment:checking '/home/lucas/catkin_ws/install/learning_node_python/bin'
[2.666s] Level 1:colcon.colcon_core.environment:create_environment_scripts_only(learning_node_python)
[2.668s] INFO:colcon.colcon_core.shell:Creating package descriptor '/home/lucas/catkin_ws/install/learning_node_python/share/learning_node_python/package.dsv'
[2.668s] INFO:colcon.colcon_core.shell:Creating package script '/home/lucas/catkin_ws/install/learning_node_python/share/learning_node_python/package.sh'
[2.668s] Level 1:colcon.colcon_core.environment:create_file_with_runtime_dependencies(/home/lucas/catkin_ws/install/learning_node_python/share/colcon-core/packages/learning_node_python)
[2.669s] DEBUG:colcon.colcon_core.executor.sequential:run_until_complete 'learning_node_python' finished with '0'
[2.669s] DEBUG:colcon.colcon_core.executor.sequential:run_until_complete 'learning_parameter'
[2.669s] INFO:colcon.colcon_ros.task.ament_python.build:Building ROS package in '/home/lucas/catkin_ws/src/learning_parameter' with build type 'ament_python'
[2.669s] Level 1:colcon.colcon_core.shell:create_environment_hook('learning_parameter', 'ament_prefix_path')
[2.669s] INFO:colcon.colcon_core.shell:Creating environment descriptor '/home/lucas/catkin_ws/install/learning_parameter/share/learning_parameter/hook/ament_prefix_path.dsv'
[2.669s] INFO:colcon.colcon_core.shell:Creating environment hook '/home/lucas/catkin_ws/install/learning_parameter/share/learning_parameter/hook/ament_prefix_path.sh'
[2.670s] DEBUG:colcon.colcon_core.shell:Skip shell extension 'dsv' for command environment
[2.822s] INFO:colcon.colcon_core.task.python.build:Building Python package in '/home/lucas/catkin_ws/src/learning_parameter'
[2.823s] DEBUG:colcon.colcon_core.shell:Skip shell extension 'dsv' for command environment
[3.066s] DEBUG:colcon.colcon_core.event_handler.log_command:Invoking command in '/home/lucas/catkin_ws/src/learning_parameter': PYTHONPATH=/home/lucas/catkin_ws/install/learning_parameter/lib/python3.8/site-packages:${PYTHONPATH} /usr/bin/python3 setup.py egg_info --egg-base ../../build/learning_parameter build --build-base /home/lucas/catkin_ws/build/learning_parameter/build install --prefix /home/lucas/catkin_ws/install/learning_parameter --record /home/lucas/catkin_ws/build/learning_parameter/install.log --single-version-externally-managed
[3.331s] Level 1:colcon.colcon_core.environment:checking '/home/lucas/catkin_ws/install/learning_parameter' for CMake module files
[3.332s] DEBUG:colcon.colcon_core.event_handler.log_command:Invoked command in '/home/lucas/catkin_ws/src/learning_parameter' returned '0': PYTHONPATH=/home/lucas/catkin_ws/install/learning_parameter/lib/python3.8/site-packages:${PYTHONPATH} /usr/bin/python3 setup.py egg_info --egg-base ../../build/learning_parameter build --build-base /home/lucas/catkin_ws/build/learning_parameter/build install --prefix /home/lucas/catkin_ws/install/learning_parameter --record /home/lucas/catkin_ws/build/learning_parameter/install.log --single-version-externally-managed
[3.332s] Level 1:colcon.colcon_core.environment:checking '/home/lucas/catkin_ws/install/learning_parameter' for CMake config files
[3.332s] Level 1:colcon.colcon_core.environment:checking '/home/lucas/catkin_ws/install/learning_parameter/lib'
[3.332s] Level 1:colcon.colcon_core.environment:checking '/home/lucas/catkin_ws/install/learning_parameter/bin'
[3.332s] Level 1:colcon.colcon_core.environment:checking '/home/lucas/catkin_ws/install/learning_parameter/lib/pkgconfig/learning_parameter.pc'
[3.333s] Level 1:colcon.colcon_core.environment:checking '/home/lucas/catkin_ws/install/learning_parameter/lib/python3.8/site-packages'
[3.333s] Level 1:colcon.colcon_core.shell:create_environment_hook('learning_parameter', 'pythonpath')
[3.333s] INFO:colcon.colcon_core.shell:Creating environment descriptor '/home/lucas/catkin_ws/install/learning_parameter/share/learning_parameter/hook/pythonpath.dsv'
[3.334s] INFO:colcon.colcon_core.shell:Creating environment hook '/home/lucas/catkin_ws/install/learning_parameter/share/learning_parameter/hook/pythonpath.sh'
[3.334s] Level 1:colcon.colcon_core.environment:checking '/home/lucas/catkin_ws/install/learning_parameter/bin'
[3.334s] Level 1:colcon.colcon_core.environment:create_environment_scripts_only(learning_parameter)
[3.334s] INFO:colcon.colcon_core.shell:Creating package descriptor '/home/lucas/catkin_ws/install/learning_parameter/share/learning_parameter/package.dsv'
[3.335s] INFO:colcon.colcon_core.shell:Creating package script '/home/lucas/catkin_ws/install/learning_parameter/share/learning_parameter/package.sh'
[3.335s] Level 1:colcon.colcon_core.environment:create_file_with_runtime_dependencies(/home/lucas/catkin_ws/install/learning_parameter/share/colcon-core/packages/learning_parameter)
[3.335s] DEBUG:colcon.colcon_core.executor.sequential:run_until_complete 'learning_parameter' finished with '0'
[3.335s] DEBUG:colcon.colcon_core.executor.sequential:run_until_complete 'learning_pkg_c'
[3.335s] INFO:colcon.colcon_ros.task.ament_cmake.build:Building ROS package in '/home/lucas/catkin_ws/src/learning_pkg_c' with build type 'ament_cmake'
[3.335s] INFO:colcon.colcon_cmake.task.cmake.build:Building CMake package in '/home/lucas/catkin_ws/src/learning_pkg_c'
[3.336s] DEBUG:colcon.colcon_core.shell:Skip shell extension 'dsv' for command environment
[3.352s] DEBUG:colcon.colcon_core.event_handler.log_command:Invoking command in '/home/lucas/catkin_ws/build/learning_pkg_c': CMAKE_PREFIX_PATH=${CMAKE_PREFIX_PATH}:/home/lucas/catkin_ws/install/learning_launch:/home/lucas/catkin_ws/install/learning_topic:/home/lucas/catkin_ws/install/learning_service:/home/lucas/catkin_ws/install/learning_qos:/home/lucas/catkin_ws/install/learning_pkg_python:/home/lucas/catkin_ws/install/learning_parameter:/home/lucas/catkin_ws/install/learning_node_python:/home/lucas/catkin_ws/install/learning_action:/opt/ros/foxy /usr/bin/cmake --build /home/lucas/catkin_ws/build/learning_pkg_c -- -j2 -l2
[3.403s] DEBUG:colcon.colcon_core.event_handler.log_command:Invoked command in '/home/lucas/catkin_ws/build/learning_pkg_c' returned '0': CMAKE_PREFIX_PATH=${CMAKE_PREFIX_PATH}:/home/lucas/catkin_ws/install/learning_launch:/home/lucas/catkin_ws/install/learning_topic:/home/lucas/catkin_ws/install/learning_service:/home/lucas/catkin_ws/install/learning_qos:/home/lucas/catkin_ws/install/learning_pkg_python:/home/lucas/catkin_ws/install/learning_parameter:/home/lucas/catkin_ws/install/learning_node_python:/home/lucas/catkin_ws/install/learning_action:/opt/ros/foxy /usr/bin/cmake --build /home/lucas/catkin_ws/build/learning_pkg_c -- -j2 -l2
[3.437s] DEBUG:colcon.colcon_core.event_handler.log_command:Invoking command in '/home/lucas/catkin_ws/build/learning_pkg_c': CMAKE_PREFIX_PATH=${CMAKE_PREFIX_PATH}:/home/lucas/catkin_ws/install/learning_launch:/home/lucas/catkin_ws/install/learning_topic:/home/lucas/catkin_ws/install/learning_service:/home/lucas/catkin_ws/install/learning_qos:/home/lucas/catkin_ws/install/learning_pkg_python:/home/lucas/catkin_ws/install/learning_parameter:/home/lucas/catkin_ws/install/learning_node_python:/home/lucas/catkin_ws/install/learning_action:/opt/ros/foxy /usr/bin/cmake --install /home/lucas/catkin_ws/build/learning_pkg_c
[3.447s] Level 1:colcon.colcon_core.environment:create_environment_scripts_only(learning_pkg_c)
[3.448s] Level 1:colcon.colcon_core.environment:checking '/home/lucas/catkin_ws/install/learning_pkg_c' for CMake module files
[3.448s] DEBUG:colcon.colcon_core.event_handler.log_command:Invoked command in '/home/lucas/catkin_ws/build/learning_pkg_c' returned '0': CMAKE_PREFIX_PATH=${CMAKE_PREFIX_PATH}:/home/lucas/catkin_ws/install/learning_launch:/home/lucas/catkin_ws/install/learning_topic:/home/lucas/catkin_ws/install/learning_service:/home/lucas/catkin_ws/install/learning_qos:/home/lucas/catkin_ws/install/learning_pkg_python:/home/lucas/catkin_ws/install/learning_parameter:/home/lucas/catkin_ws/install/learning_node_python:/home/lucas/catkin_ws/install/learning_action:/opt/ros/foxy /usr/bin/cmake --install /home/lucas/catkin_ws/build/learning_pkg_c
[3.448s] Level 1:colcon.colcon_core.environment:checking '/home/lucas/catkin_ws/install/learning_pkg_c' for CMake config files
[3.448s] Level 1:colcon.colcon_core.shell:create_environment_hook('learning_pkg_c', 'cmake_prefix_path')
[3.449s] INFO:colcon.colcon_core.shell:Creating environment descriptor '/home/lucas/catkin_ws/install/learning_pkg_c/share/learning_pkg_c/hook/cmake_prefix_path.dsv'
[3.449s] INFO:colcon.colcon_core.shell:Creating environment hook '/home/lucas/catkin_ws/install/learning_pkg_c/share/learning_pkg_c/hook/cmake_prefix_path.sh'
[3.449s] Level 1:colcon.colcon_core.environment:checking '/home/lucas/catkin_ws/install/learning_pkg_c/bin'
[3.450s] Level 1:colcon.colcon_core.environment:checking '/home/lucas/catkin_ws/install/learning_pkg_c/lib/pkgconfig/learning_pkg_c.pc'
[3.450s] Level 1:colcon.colcon_core.environment:checking '/home/lucas/catkin_ws/install/learning_pkg_c/lib/python3.8/site-packages'
[3.450s] Level 1:colcon.colcon_core.environment:checking '/home/lucas/catkin_ws/install/learning_pkg_c/bin'
[3.450s] INFO:colcon.colcon_core.shell:Creating package descriptor '/home/lucas/catkin_ws/install/learning_pkg_c/share/learning_pkg_c/package.dsv'
[3.450s] INFO:colcon.colcon_core.shell:Creating package script '/home/lucas/catkin_ws/install/learning_pkg_c/share/learning_pkg_c/package.sh'
[3.450s] Level 1:colcon.colcon_core.environment:create_file_with_runtime_dependencies(/home/lucas/catkin_ws/install/learning_pkg_c/share/colcon-core/packages/learning_pkg_c)
[3.475s] Level 1:colcon.colcon_core.environment:create_environment_scripts_only(learning_pkg_c)
[3.476s] Level 1:colcon.colcon_core.environment:checking '/home/lucas/catkin_ws/install/learning_pkg_c' for CMake module files
[3.476s] Level 1:colcon.colcon_core.environment:checking '/home/lucas/catkin_ws/install/learning_pkg_c' for CMake config files
[3.477s] Level 1:colcon.colcon_core.shell:create_environment_hook('learning_pkg_c', 'cmake_prefix_path')
[3.477s] INFO:colcon.colcon_core.shell:Creating environment descriptor '/home/lucas/catkin_ws/install/learning_pkg_c/share/learning_pkg_c/hook/cmake_prefix_path.dsv'
[3.477s] INFO:colcon.colcon_core.shell:Creating environment hook '/home/lucas/catkin_ws/install/learning_pkg_c/share/learning_pkg_c/hook/cmake_prefix_path.sh'
[3.477s] Level 1:colcon.colcon_core.environment:checking '/home/lucas/catkin_ws/install/learning_pkg_c/bin'
[3.478s] Level 1:colcon.colcon_core.environment:checking '/home/lucas/catkin_ws/install/learning_pkg_c/lib/pkgconfig/learning_pkg_c.pc'
[3.478s] Level 1:colcon.colcon_core.environment:checking '/home/lucas/catkin_ws/install/learning_pkg_c/lib/python3.8/site-packages'
[3.478s] Level 1:colcon.colcon_core.environment:checking '/home/lucas/catkin_ws/install/learning_pkg_c/bin'
[3.478s] INFO:colcon.colcon_core.shell:Creating package descriptor '/home/lucas/catkin_ws/install/learning_pkg_c/share/learning_pkg_c/package.dsv'
[3.478s] INFO:colcon.colcon_core.shell:Creating package script '/home/lucas/catkin_ws/install/learning_pkg_c/share/learning_pkg_c/package.sh'
[3.479s] Level 1:colcon.colcon_core.environment:create_file_with_runtime_dependencies(/home/lucas/catkin_ws/install/learning_pkg_c/share/colcon-core/packages/learning_pkg_c)
[3.479s] DEBUG:colcon.colcon_core.executor.sequential:run_until_complete 'learning_pkg_c' finished with '0'
[3.479s] DEBUG:colcon.colcon_core.executor.sequential:run_until_complete 'learning_pkg_python'
[3.479s] INFO:colcon.colcon_ros.task.ament_python.build:Building ROS package in '/home/lucas/catkin_ws/src/learning_pkg_python' with build type 'ament_python'
[3.479s] Level 1:colcon.colcon_core.shell:create_environment_hook('learning_pkg_python', 'ament_prefix_path')
[3.479s] INFO:colcon.colcon_core.shell:Creating environment descriptor '/home/lucas/catkin_ws/install/learning_pkg_python/share/learning_pkg_python/hook/ament_prefix_path.dsv'
[3.479s] INFO:colcon.colcon_core.shell:Creating environment hook '/home/lucas/catkin_ws/install/learning_pkg_python/share/learning_pkg_python/hook/ament_prefix_path.sh'
[3.480s] DEBUG:colcon.colcon_core.shell:Skip shell extension 'dsv' for command environment
[3.614s] INFO:colcon.colcon_core.task.python.build:Building Python package in '/home/lucas/catkin_ws/src/learning_pkg_python'
[3.615s] DEBUG:colcon.colcon_core.shell:Skip shell extension 'dsv' for command environment
[3.831s] DEBUG:colcon.colcon_core.event_handler.log_command:Invoking command in '/home/lucas/catkin_ws/src/learning_pkg_python': PYTHONPATH=/home/lucas/catkin_ws/install/learning_pkg_python/lib/python3.8/site-packages:${PYTHONPATH} /usr/bin/python3 setup.py egg_info --egg-base ../../build/learning_pkg_python build --build-base /home/lucas/catkin_ws/build/learning_pkg_python/build install --prefix /home/lucas/catkin_ws/install/learning_pkg_python --record /home/lucas/catkin_ws/build/learning_pkg_python/install.log --single-version-externally-managed
[4.018s] Level 1:colcon.colcon_core.environment:checking '/home/lucas/catkin_ws/install/learning_pkg_python' for CMake module files
[4.018s] DEBUG:colcon.colcon_core.event_handler.log_command:Invoked command in '/home/lucas/catkin_ws/src/learning_pkg_python' returned '0': PYTHONPATH=/home/lucas/catkin_ws/install/learning_pkg_python/lib/python3.8/site-packages:${PYTHONPATH} /usr/bin/python3 setup.py egg_info --egg-base ../../build/learning_pkg_python build --build-base /home/lucas/catkin_ws/build/learning_pkg_python/build install --prefix /home/lucas/catkin_ws/install/learning_pkg_python --record /home/lucas/catkin_ws/build/learning_pkg_python/install.log --single-version-externally-managed
[4.018s] Level 1:colcon.colcon_core.environment:checking '/home/lucas/catkin_ws/install/learning_pkg_python' for CMake config files
[4.019s] Level 1:colcon.colcon_core.environment:checking '/home/lucas/catkin_ws/install/learning_pkg_python/lib'
[4.019s] Level 1:colcon.colcon_core.environment:checking '/home/lucas/catkin_ws/install/learning_pkg_python/bin'
[4.019s] Level 1:colcon.colcon_core.environment:checking '/home/lucas/catkin_ws/install/learning_pkg_python/lib/pkgconfig/learning_pkg_python.pc'
[4.019s] Level 1:colcon.colcon_core.environment:checking '/home/lucas/catkin_ws/install/learning_pkg_python/lib/python3.8/site-packages'
[4.019s] Level 1:colcon.colcon_core.shell:create_environment_hook('learning_pkg_python', 'pythonpath')
[4.019s] INFO:colcon.colcon_core.shell:Creating environment descriptor '/home/lucas/catkin_ws/install/learning_pkg_python/share/learning_pkg_python/hook/pythonpath.dsv'
[4.019s] INFO:colcon.colcon_core.shell:Creating environment hook '/home/lucas/catkin_ws/install/learning_pkg_python/share/learning_pkg_python/hook/pythonpath.sh'
[4.020s] Level 1:colcon.colcon_core.environment:checking '/home/lucas/catkin_ws/install/learning_pkg_python/bin'
[4.020s] Level 1:colcon.colcon_core.environment:create_environment_scripts_only(learning_pkg_python)
[4.020s] INFO:colcon.colcon_core.shell:Creating package descriptor '/home/lucas/catkin_ws/install/learning_pkg_python/share/learning_pkg_python/package.dsv'
[4.020s] INFO:colcon.colcon_core.shell:Creating package script '/home/lucas/catkin_ws/install/learning_pkg_python/share/learning_pkg_python/package.sh'
[4.021s] Level 1:colcon.colcon_core.environment:create_file_with_runtime_dependencies(/home/lucas/catkin_ws/install/learning_pkg_python/share/colcon-core/packages/learning_pkg_python)
[4.021s] DEBUG:colcon.colcon_core.executor.sequential:run_until_complete 'learning_pkg_python' finished with '0'
[4.021s] DEBUG:colcon.colcon_core.executor.sequential:run_until_complete 'learning_qos'
[4.021s] INFO:colcon.colcon_ros.task.ament_python.build:Building ROS package in '/home/lucas/catkin_ws/src/learning_qos' with build type 'ament_python'
[4.021s] Level 1:colcon.colcon_core.shell:create_environment_hook('learning_qos', 'ament_prefix_path')
[4.021s] INFO:colcon.colcon_core.shell:Creating environment descriptor '/home/lucas/catkin_ws/install/learning_qos/share/learning_qos/hook/ament_prefix_path.dsv'
[4.022s] INFO:colcon.colcon_core.shell:Creating environment hook '/home/lucas/catkin_ws/install/learning_qos/share/learning_qos/hook/ament_prefix_path.sh'
[4.022s] DEBUG:colcon.colcon_core.shell:Skip shell extension 'dsv' for command environment
[4.189s] INFO:colcon.colcon_core.task.python.build:Building Python package in '/home/lucas/catkin_ws/src/learning_qos'
[4.190s] DEBUG:colcon.colcon_core.shell:Skip shell extension 'dsv' for command environment
[4.510s] DEBUG:colcon.colcon_core.event_handler.log_command:Invoking command in '/home/lucas/catkin_ws/src/learning_qos': PYTHONPATH=/home/lucas/catkin_ws/install/learning_qos/lib/python3.8/site-packages:${PYTHONPATH} /usr/bin/python3 setup.py egg_info --egg-base ../../build/learning_qos build --build-base /home/lucas/catkin_ws/build/learning_qos/build install --prefix /home/lucas/catkin_ws/install/learning_qos --record /home/lucas/catkin_ws/build/learning_qos/install.log --single-version-externally-managed
[4.674s] Level 1:colcon.colcon_core.environment:checking '/home/lucas/catkin_ws/install/learning_qos' for CMake module files
[4.675s] Level 1:colcon.colcon_core.environment:checking '/home/lucas/catkin_ws/install/learning_qos' for CMake config files
[4.675s] Level 1:colcon.colcon_core.environment:checking '/home/lucas/catkin_ws/install/learning_qos/lib'
[4.675s] Level 1:colcon.colcon_core.environment:checking '/home/lucas/catkin_ws/install/learning_qos/bin'
[4.675s] Level 1:colcon.colcon_core.environment:checking '/home/lucas/catkin_ws/install/learning_qos/lib/pkgconfig/learning_qos.pc'
[4.675s] Level 1:colcon.colcon_core.environment:checking '/home/lucas/catkin_ws/install/learning_qos/lib/python3.8/site-packages'
[4.675s] Level 1:colcon.colcon_core.shell:create_environment_hook('learning_qos', 'pythonpath')
[4.676s] INFO:colcon.colcon_core.shell:Creating environment descriptor '/home/lucas/catkin_ws/install/learning_qos/share/learning_qos/hook/pythonpath.dsv'
[4.676s] INFO:colcon.colcon_core.shell:Creating environment hook '/home/lucas/catkin_ws/install/learning_qos/share/learning_qos/hook/pythonpath.sh'
[4.676s] Level 1:colcon.colcon_core.environment:checking '/home/lucas/catkin_ws/install/learning_qos/bin'
[4.676s] Level 1:colcon.colcon_core.environment:create_environment_scripts_only(learning_qos)
[4.677s] INFO:colcon.colcon_core.shell:Creating package descriptor '/home/lucas/catkin_ws/install/learning_qos/share/learning_qos/package.dsv'
[4.677s] INFO:colcon.colcon_core.shell:Creating package script '/home/lucas/catkin_ws/install/learning_qos/share/learning_qos/package.sh'
[4.677s] Level 1:colcon.colcon_core.environment:create_file_with_runtime_dependencies(/home/lucas/catkin_ws/install/learning_qos/share/colcon-core/packages/learning_qos)
[4.677s] DEBUG:colcon.colcon_core.executor.sequential:run_until_complete 'learning_qos' finished with '0'
[4.677s] DEBUG:colcon.colcon_core.executor.sequential:run_until_complete 'learning_tf'
[4.677s] INFO:colcon.colcon_ros.task.ament_python.build:Building ROS package in '/home/lucas/catkin_ws/src/learning_tf' with build type 'ament_python'
[4.677s] Level 1:colcon.colcon_core.shell:create_environment_hook('learning_tf', 'ament_prefix_path')
[4.678s] INFO:colcon.colcon_core.shell:Creating environment descriptor '/home/lucas/catkin_ws/install/learning_tf/share/learning_tf/hook/ament_prefix_path.dsv'
[4.678s] DEBUG:colcon.colcon_core.event_handler.log_command:Invoked command in '/home/lucas/catkin_ws/src/learning_qos' returned '0': PYTHONPATH=/home/lucas/catkin_ws/install/learning_qos/lib/python3.8/site-packages:${PYTHONPATH} /usr/bin/python3 setup.py egg_info --egg-base ../../build/learning_qos build --build-base /home/lucas/catkin_ws/build/learning_qos/build install --prefix /home/lucas/catkin_ws/install/learning_qos --record /home/lucas/catkin_ws/build/learning_qos/install.log --single-version-externally-managed
[4.678s] INFO:colcon.colcon_core.shell:Creating environment hook '/home/lucas/catkin_ws/install/learning_tf/share/learning_tf/hook/ament_prefix_path.sh'
[4.679s] DEBUG:colcon.colcon_core.shell:Skip shell extension 'dsv' for command environment
[4.866s] INFO:colcon.colcon_core.task.python.build:Building Python package in '/home/lucas/catkin_ws/src/learning_tf'
[4.868s] DEBUG:colcon.colcon_core.shell:Skip shell extension 'dsv' for command environment
[5.092s] DEBUG:colcon.colcon_core.event_handler.log_command:Invoking command in '/home/lucas/catkin_ws/src/learning_tf': PYTHONPATH=/home/lucas/catkin_ws/install/learning_tf/lib/python3.8/site-packages:${PYTHONPATH} /usr/bin/python3 setup.py egg_info --egg-base ../../build/learning_tf build --build-base /home/lucas/catkin_ws/build/learning_tf/build install --prefix /home/lucas/catkin_ws/install/learning_tf --record /home/lucas/catkin_ws/build/learning_tf/install.log --single-version-externally-managed
[5.347s] Level 1:colcon.colcon_core.environment:checking '/home/lucas/catkin_ws/install/learning_tf' for CMake module files
[5.348s] Level 1:colcon.colcon_core.environment:checking '/home/lucas/catkin_ws/install/learning_tf' for CMake config files
[5.348s] Level 1:colcon.colcon_core.environment:checking '/home/lucas/catkin_ws/install/learning_tf/lib'
[5.348s] Level 1:colcon.colcon_core.environment:checking '/home/lucas/catkin_ws/install/learning_tf/bin'
[5.348s] Level 1:colcon.colcon_core.environment:checking '/home/lucas/catkin_ws/install/learning_tf/lib/pkgconfig/learning_tf.pc'
[5.348s] Level 1:colcon.colcon_core.environment:checking '/home/lucas/catkin_ws/install/learning_tf/lib/python3.8/site-packages'
[5.348s] Level 1:colcon.colcon_core.shell:create_environment_hook('learning_tf', 'pythonpath')
[5.349s] INFO:colcon.colcon_core.shell:Creating environment descriptor '/home/lucas/catkin_ws/install/learning_tf/share/learning_tf/hook/pythonpath.dsv'
[5.349s] INFO:colcon.colcon_core.shell:Creating environment hook '/home/lucas/catkin_ws/install/learning_tf/share/learning_tf/hook/pythonpath.sh'
[5.350s] Level 1:colcon.colcon_core.environment:checking '/home/lucas/catkin_ws/install/learning_tf/bin'
[5.350s] Level 1:colcon.colcon_core.environment:create_environment_scripts_only(learning_tf)
[5.350s] INFO:colcon.colcon_core.shell:Creating package descriptor '/home/lucas/catkin_ws/install/learning_tf/share/learning_tf/package.dsv'
[5.350s] INFO:colcon.colcon_core.shell:Creating package script '/home/lucas/catkin_ws/install/learning_tf/share/learning_tf/package.sh'
[5.350s] Level 1:colcon.colcon_core.environment:create_file_with_runtime_dependencies(/home/lucas/catkin_ws/install/learning_tf/share/colcon-core/packages/learning_tf)
[5.351s] DEBUG:colcon.colcon_core.executor.sequential:run_until_complete 'learning_tf' finished with '0'
[5.351s] DEBUG:colcon.colcon_core.executor.sequential:run_until_complete 'learning_topic'
[5.351s] INFO:colcon.colcon_ros.task.ament_python.build:Building ROS package in '/home/lucas/catkin_ws/src/learning_topic' with build type 'ament_python'
[5.351s] Level 1:colcon.colcon_core.shell:create_environment_hook('learning_topic', 'ament_prefix_path')
[5.351s] INFO:colcon.colcon_core.shell:Creating environment descriptor '/home/lucas/catkin_ws/install/learning_topic/share/learning_topic/hook/ament_prefix_path.dsv'
[5.351s] INFO:colcon.colcon_core.shell:Creating environment hook '/home/lucas/catkin_ws/install/learning_topic/share/learning_topic/hook/ament_prefix_path.sh'
[5.352s] DEBUG:colcon.colcon_core.event_handler.log_command:Invoked command in '/home/lucas/catkin_ws/src/learning_tf' returned '0': PYTHONPATH=/home/lucas/catkin_ws/install/learning_tf/lib/python3.8/site-packages:${PYTHONPATH} /usr/bin/python3 setup.py egg_info --egg-base ../../build/learning_tf build --build-base /home/lucas/catkin_ws/build/learning_tf/build install --prefix /home/lucas/catkin_ws/install/learning_tf --record /home/lucas/catkin_ws/build/learning_tf/install.log --single-version-externally-managed
[5.352s] DEBUG:colcon.colcon_core.shell:Skip shell extension 'dsv' for command environment
[5.537s] INFO:colcon.colcon_core.task.python.build:Building Python package in '/home/lucas/catkin_ws/src/learning_topic'
[5.538s] DEBUG:colcon.colcon_core.shell:Skip shell extension 'dsv' for command environment
[5.750s] DEBUG:colcon.colcon_core.event_handler.log_command:Invoking command in '/home/lucas/catkin_ws/src/learning_topic': PYTHONPATH=/home/lucas/catkin_ws/install/learning_topic/lib/python3.8/site-packages:${PYTHONPATH} /usr/bin/python3 setup.py egg_info --egg-base ../../build/learning_topic build --build-base /home/lucas/catkin_ws/build/learning_topic/build install --prefix /home/lucas/catkin_ws/install/learning_topic --record /home/lucas/catkin_ws/build/learning_topic/install.log --single-version-externally-managed
[5.983s] Level 1:colcon.colcon_core.environment:checking '/home/lucas/catkin_ws/install/learning_topic' for CMake module files
[5.983s] Level 1:colcon.colcon_core.environment:checking '/home/lucas/catkin_ws/install/learning_topic' for CMake config files
[5.983s] Level 1:colcon.colcon_core.environment:checking '/home/lucas/catkin_ws/install/learning_topic/lib'
[5.983s] Level 1:colcon.colcon_core.environment:checking '/home/lucas/catkin_ws/install/learning_topic/bin'
[5.983s] Level 1:colcon.colcon_core.environment:checking '/home/lucas/catkin_ws/install/learning_topic/lib/pkgconfig/learning_topic.pc'
[5.984s] Level 1:colcon.colcon_core.environment:checking '/home/lucas/catkin_ws/install/learning_topic/lib/python3.8/site-packages'
[5.984s] Level 1:colcon.colcon_core.shell:create_environment_hook('learning_topic', 'pythonpath')
[5.984s] INFO:colcon.colcon_core.shell:Creating environment descriptor '/home/lucas/catkin_ws/install/learning_topic/share/learning_topic/hook/pythonpath.dsv'
[5.984s] INFO:colcon.colcon_core.shell:Creating environment hook '/home/lucas/catkin_ws/install/learning_topic/share/learning_topic/hook/pythonpath.sh'
[5.985s] Level 1:colcon.colcon_core.environment:checking '/home/lucas/catkin_ws/install/learning_topic/bin'
[5.985s] Level 1:colcon.colcon_core.environment:create_environment_scripts_only(learning_topic)
[5.985s] INFO:colcon.colcon_core.shell:Creating package descriptor '/home/lucas/catkin_ws/install/learning_topic/share/learning_topic/package.dsv'
[5.985s] DEBUG:colcon.colcon_core.event_handler.log_command:Invoked command in '/home/lucas/catkin_ws/src/learning_topic' returned '0': PYTHONPATH=/home/lucas/catkin_ws/install/learning_topic/lib/python3.8/site-packages:${PYTHONPATH} /usr/bin/python3 setup.py egg_info --egg-base ../../build/learning_topic build --build-base /home/lucas/catkin_ws/build/learning_topic/build install --prefix /home/lucas/catkin_ws/install/learning_topic --record /home/lucas/catkin_ws/build/learning_topic/install.log --single-version-externally-managed
[5.986s] INFO:colcon.colcon_core.shell:Creating package script '/home/lucas/catkin_ws/install/learning_topic/share/learning_topic/package.sh'
[5.986s] Level 1:colcon.colcon_core.environment:create_file_with_runtime_dependencies(/home/lucas/catkin_ws/install/learning_topic/share/colcon-core/packages/learning_topic)
[5.986s] DEBUG:colcon.colcon_core.executor.sequential:run_until_complete 'learning_topic' finished with '0'
[5.986s] DEBUG:colcon.colcon_core.executor.sequential:run_until_complete 'learning_service'
[5.986s] INFO:colcon.colcon_ros.task.ament_python.build:Building ROS package in '/home/lucas/catkin_ws/src/learning_service' with build type 'ament_python'
[5.986s] Level 1:colcon.colcon_core.shell:create_environment_hook('learning_service', 'ament_prefix_path')
[5.987s] INFO:colcon.colcon_core.shell:Creating environment descriptor '/home/lucas/catkin_ws/install/learning_service/share/learning_service/hook/ament_prefix_path.dsv'
[5.987s] INFO:colcon.colcon_core.shell:Creating environment hook '/home/lucas/catkin_ws/install/learning_service/share/learning_service/hook/ament_prefix_path.sh'
[5.988s] DEBUG:colcon.colcon_core.shell:Skip shell extension 'dsv' for command environment
[6.141s] INFO:colcon.colcon_core.task.python.build:Building Python package in '/home/lucas/catkin_ws/src/learning_service'
[6.141s] DEBUG:colcon.colcon_core.shell:Skip shell extension 'dsv' for command environment
[6.402s] DEBUG:colcon.colcon_core.event_handler.log_command:Invoking command in '/home/lucas/catkin_ws/src/learning_service': CMAKE_PREFIX_PATH=/home/lucas/catkin_ws/install/learning_interface:/home/lucas/catkin_ws/install/learning_pkg_c PYTHONPATH=/home/lucas/catkin_ws/install/learning_service/lib/python3.8/site-packages:/home/lucas/catkin_ws/install/learning_interface/lib/python3.8/site-packages:/home/lucas/catkin_ws/install/learning_launch/lib/python3.8/site-packages:/home/lucas/catkin_ws/install/learning_topic/lib/python3.8/site-packages:/home/lucas/catkin_ws/install/learning_service/lib/python3.8/site-packages:/home/lucas/catkin_ws/install/learning_qos/lib/python3.8/site-packages:/home/lucas/catkin_ws/install/learning_pkg_python/lib/python3.8/site-packages:/home/lucas/catkin_ws/install/learning_parameter/lib/python3.8/site-packages:/home/lucas/catkin_ws/install/learning_node_python/lib/python3.8/site-packages:/home/lucas/catkin_ws/install/learning_action/lib/python3.8/site-packages:/opt/ros/foxy/lib/python3.8/site-packages /usr/bin/python3 setup.py egg_info --egg-base ../../build/learning_service build --build-base /home/lucas/catkin_ws/build/learning_service/build install --prefix /home/lucas/catkin_ws/install/learning_service --record /home/lucas/catkin_ws/build/learning_service/install.log --single-version-externally-managed
[6.603s] Level 1:colcon.colcon_core.environment:checking '/home/lucas/catkin_ws/install/learning_service' for CMake module files
[6.603s] DEBUG:colcon.colcon_core.event_handler.log_command:Invoked command in '/home/lucas/catkin_ws/src/learning_service' returned '0': CMAKE_PREFIX_PATH=/home/lucas/catkin_ws/install/learning_interface:/home/lucas/catkin_ws/install/learning_pkg_c PYTHONPATH=/home/lucas/catkin_ws/install/learning_service/lib/python3.8/site-packages:/home/lucas/catkin_ws/install/learning_interface/lib/python3.8/site-packages:/home/lucas/catkin_ws/install/learning_launch/lib/python3.8/site-packages:/home/lucas/catkin_ws/install/learning_topic/lib/python3.8/site-packages:/home/lucas/catkin_ws/install/learning_service/lib/python3.8/site-packages:/home/lucas/catkin_ws/install/learning_qos/lib/python3.8/site-packages:/home/lucas/catkin_ws/install/learning_pkg_python/lib/python3.8/site-packages:/home/lucas/catkin_ws/install/learning_parameter/lib/python3.8/site-packages:/home/lucas/catkin_ws/install/learning_node_python/lib/python3.8/site-packages:/home/lucas/catkin_ws/install/learning_action/lib/python3.8/site-packages:/opt/ros/foxy/lib/python3.8/site-packages /usr/bin/python3 setup.py egg_info --egg-base ../../build/learning_service build --build-base /home/lucas/catkin_ws/build/learning_service/build install --prefix /home/lucas/catkin_ws/install/learning_service --record /home/lucas/catkin_ws/build/learning_service/install.log --single-version-externally-managed
[6.604s] Level 1:colcon.colcon_core.environment:checking '/home/lucas/catkin_ws/install/learning_service' for CMake config files
[6.605s] Level 1:colcon.colcon_core.environment:checking '/home/lucas/catkin_ws/install/learning_service/lib'
[6.605s] Level 1:colcon.colcon_core.environment:checking '/home/lucas/catkin_ws/install/learning_service/bin'
[6.605s] Level 1:colcon.colcon_core.environment:checking '/home/lucas/catkin_ws/install/learning_service/lib/pkgconfig/learning_service.pc'
[6.605s] Level 1:colcon.colcon_core.environment:checking '/home/lucas/catkin_ws/install/learning_service/lib/python3.8/site-packages'
[6.605s] Level 1:colcon.colcon_core.shell:create_environment_hook('learning_service', 'pythonpath')
[6.605s] INFO:colcon.colcon_core.shell:Creating environment descriptor '/home/lucas/catkin_ws/install/learning_service/share/learning_service/hook/pythonpath.dsv'
[6.606s] INFO:colcon.colcon_core.shell:Creating environment hook '/home/lucas/catkin_ws/install/learning_service/share/learning_service/hook/pythonpath.sh'
[6.606s] Level 1:colcon.colcon_core.environment:checking '/home/lucas/catkin_ws/install/learning_service/bin'
[6.606s] Level 1:colcon.colcon_core.environment:create_environment_scripts_only(learning_service)
[6.607s] INFO:colcon.colcon_core.shell:Creating package descriptor '/home/lucas/catkin_ws/install/learning_service/share/learning_service/package.dsv'
[6.607s] INFO:colcon.colcon_core.shell:Creating package script '/home/lucas/catkin_ws/install/learning_service/share/learning_service/package.sh'
[6.614s] Level 1:colcon.colcon_core.environment:create_file_with_runtime_dependencies(/home/lucas/catkin_ws/install/learning_service/share/colcon-core/packages/learning_service)
[6.614s] DEBUG:colcon.colcon_core.executor.sequential:run_until_complete 'learning_service' finished with '0'
[6.614s] DEBUG:colcon.colcon_core.executor.sequential:closing loop
[6.615s] DEBUG:colcon.colcon_core.executor.sequential:loop closed
[6.615s] DEBUG:colcon.colcon_core.event_reactor:joining thread
[6.615s] DEBUG:colcon.colcon_core.event_reactor:joined thread
[6.616s] INFO:colcon.colcon_core.shell:Creating prefix script '/home/lucas/catkin_ws/install/local_setup.sh'
[6.616s] INFO:colcon.colcon_core.shell:Creating prefix util module '/home/lucas/catkin_ws/install/_local_setup_util_sh.py'
[6.617s] INFO:colcon.colcon_core.shell:Creating prefix chain script '/home/lucas/catkin_ws/install/setup.sh'
