/home/lucas/catkin_ws/install/learning_node_python/lib/python3.8/site-packages/learning_node_python/node_helloworld.py
/home/lucas/catkin_ws/install/learning_node_python/lib/python3.8/site-packages/learning_node_python/node_object_webcam.py
/home/lucas/catkin_ws/install/learning_node_python/lib/python3.8/site-packages/learning_node_python/__init__.py
/home/lucas/catkin_ws/install/learning_node_python/lib/python3.8/site-packages/learning_node_python/node_helloworld_class.py
/home/lucas/catkin_ws/install/learning_node_python/lib/python3.8/site-packages/learning_node_python/node_object.py
/home/lucas/catkin_ws/install/learning_node_python/lib/python3.8/site-packages/learning_node_python/__pycache__/node_helloworld.cpython-38.pyc
/home/lucas/catkin_ws/install/learning_node_python/lib/python3.8/site-packages/learning_node_python/__pycache__/node_object_webcam.cpython-38.pyc
/home/lucas/catkin_ws/install/learning_node_python/lib/python3.8/site-packages/learning_node_python/__pycache__/__init__.cpython-38.pyc
/home/lucas/catkin_ws/install/learning_node_python/lib/python3.8/site-packages/learning_node_python/__pycache__/node_helloworld_class.cpython-38.pyc
/home/lucas/catkin_ws/install/learning_node_python/lib/python3.8/site-packages/learning_node_python/__pycache__/node_object.cpython-38.pyc
/home/lucas/catkin_ws/install/learning_node_python/share/ament_index/resource_index/packages/learning_node_python
/home/lucas/catkin_ws/install/learning_node_python/share/learning_node_python/package.xml
/home/lucas/catkin_ws/install/learning_node_python/lib/python3.8/site-packages/learning_node_python-0.0.0-py3.8.egg-info/entry_points.txt
/home/lucas/catkin_ws/install/learning_node_python/lib/python3.8/site-packages/learning_node_python-0.0.0-py3.8.egg-info/requires.txt
/home/lucas/catkin_ws/install/learning_node_python/lib/python3.8/site-packages/learning_node_python-0.0.0-py3.8.egg-info/SOURCES.txt
/home/lucas/catkin_ws/install/learning_node_python/lib/python3.8/site-packages/learning_node_python-0.0.0-py3.8.egg-info/PKG-INFO
/home/lucas/catkin_ws/install/learning_node_python/lib/python3.8/site-packages/learning_node_python-0.0.0-py3.8.egg-info/dependency_links.txt
/home/lucas/catkin_ws/install/learning_node_python/lib/python3.8/site-packages/learning_node_python-0.0.0-py3.8.egg-info/zip-safe
/home/lucas/catkin_ws/install/learning_node_python/lib/python3.8/site-packages/learning_node_python-0.0.0-py3.8.egg-info/top_level.txt
/home/lucas/catkin_ws/install/learning_node_python/lib/learning_node_python/node_helloworld
/home/lucas/catkin_ws/install/learning_node_python/lib/learning_node_python/node_helloworld_class
/home/lucas/catkin_ws/install/learning_node_python/lib/learning_node_python/node_object
/home/lucas/catkin_ws/install/learning_node_python/lib/learning_node_python/node_object_webcam
