[0.032s] DEBUG:colcon:Command line arguments: ['/usr/bin/colcon', 'build']
[0.032s] DEBUG:colcon:Parsed command line arguments: Namespace(ament_cmake_args=None, base_paths=['.'], build_base='build', catkin_cmake_args=None, catkin_skip_building_tests=False, cmake_args=None, cmake_clean_cache=False, cmake_clean_first=False, cmake_force_configure=False, cmake_target=None, cmake_target_skip_unavailable=False, continue_on_error=False, event_handlers=None, executor='sequential', install_base='install', log_base=None, log_level=None, main=<bound method BuildVerb.main of <colcon_core.verb.build.BuildVerb object at 0xffff99df7610>>, merge_install=False, paths=None, symlink_install=False, test_result_base=None, verb_extension=<colcon_core.verb.build.BuildVerb object at 0xffff99df7610>, verb_name='build', verb_parser=CustomArgumentParser(prog='colcon build', usage=None, description='Build a set of packages.', formatter_class=<class 'colcon_core.command.CustomFormatter'>, conflict_handler='error', add_help=True))
[0.056s] Level 1:colcon.colcon_core.package_discovery:discover_packages(recursive) check parameters
[0.056s] Level 1:colcon.colcon_core.package_discovery:discover_packages(path) check parameters
[0.056s] Level 1:colcon.colcon_core.package_discovery:discover_packages(recursive) discover
[0.056s] INFO:colcon.colcon_core.package_discovery:Crawling recursively for packages in '/home/lucas/catkin_ws'
[0.057s] Level 1:colcon.colcon_core.package_identification:_identify(.) by extensions ['ignore', 'ignore_ament_install']
[0.057s] Level 1:colcon.colcon_core.package_identification:_identify(.) by extension 'ignore'
[0.057s] Level 1:colcon.colcon_core.package_identification:_identify(.) by extension 'ignore_ament_install'
[0.057s] Level 1:colcon.colcon_core.package_identification:_identify(.) by extensions ['ros']
[0.057s] Level 1:colcon.colcon_core.package_identification:_identify(.) by extension 'ros'
[0.065s] Level 1:colcon.colcon_core.package_identification:_identify(.) by extensions ['cmake', 'python']
[0.065s] Level 1:colcon.colcon_core.package_identification:_identify(.) by extension 'cmake'
[0.065s] Level 1:colcon.colcon_core.package_identification:_identify(.) by extension 'python'
[0.065s] Level 1:colcon.colcon_core.package_identification:_identify(.) by extensions ['python_setup_py']
[0.065s] Level 1:colcon.colcon_core.package_identification:_identify(.) by extension 'python_setup_py'
[0.065s] Level 1:colcon.colcon_core.package_identification:_identify(build) by extensions ['ignore', 'ignore_ament_install']
[0.066s] Level 1:colcon.colcon_core.package_identification:_identify(build) by extension 'ignore'
[0.066s] Level 1:colcon.colcon_core.package_identification:_identify(build) ignored
[0.066s] Level 1:colcon.colcon_core.package_identification:_identify(install) by extensions ['ignore', 'ignore_ament_install']
[0.066s] Level 1:colcon.colcon_core.package_identification:_identify(install) by extension 'ignore'
[0.066s] Level 1:colcon.colcon_core.package_identification:_identify(install) ignored
[0.066s] Level 1:colcon.colcon_core.package_identification:_identify(log) by extensions ['ignore', 'ignore_ament_install']
[0.066s] Level 1:colcon.colcon_core.package_identification:_identify(log) by extension 'ignore'
[0.066s] Level 1:colcon.colcon_core.package_identification:_identify(log) ignored
[0.066s] Level 1:colcon.colcon_core.package_identification:_identify(src) by extensions ['ignore', 'ignore_ament_install']
[0.066s] Level 1:colcon.colcon_core.package_identification:_identify(src) by extension 'ignore'
[0.066s] Level 1:colcon.colcon_core.package_identification:_identify(src) by extension 'ignore_ament_install'
[0.066s] Level 1:colcon.colcon_core.package_identification:_identify(src) by extensions ['ros']
[0.066s] Level 1:colcon.colcon_core.package_identification:_identify(src) by extension 'ros'
[0.066s] Level 1:colcon.colcon_core.package_identification:_identify(src) by extensions ['cmake', 'python']
[0.066s] Level 1:colcon.colcon_core.package_identification:_identify(src) by extension 'cmake'
[0.066s] Level 1:colcon.colcon_core.package_identification:_identify(src) by extension 'python'
[0.066s] Level 1:colcon.colcon_core.package_identification:_identify(src) by extensions ['python_setup_py']
[0.066s] Level 1:colcon.colcon_core.package_identification:_identify(src) by extension 'python_setup_py'
[0.066s] Level 1:colcon.colcon_core.package_identification:_identify(src/learning_action) by extensions ['ignore', 'ignore_ament_install']
[0.066s] Level 1:colcon.colcon_core.package_identification:_identify(src/learning_action) by extension 'ignore'
[0.066s] Level 1:colcon.colcon_core.package_identification:_identify(src/learning_action) by extension 'ignore_ament_install'
[0.066s] Level 1:colcon.colcon_core.package_identification:_identify(src/learning_action) by extensions ['ros']
[0.066s] Level 1:colcon.colcon_core.package_identification:_identify(src/learning_action) by extension 'ros'
[0.068s] DEBUG:colcon.colcon_core.package_identification:Package 'src/learning_action' with type 'ros.ament_python' and name 'learning_action'
[0.068s] Level 1:colcon.colcon_core.package_identification:_identify(src/learning_interface) by extensions ['ignore', 'ignore_ament_install']
[0.068s] Level 1:colcon.colcon_core.package_identification:_identify(src/learning_interface) by extension 'ignore'
[0.068s] Level 1:colcon.colcon_core.package_identification:_identify(src/learning_interface) by extension 'ignore_ament_install'
[0.068s] Level 1:colcon.colcon_core.package_identification:_identify(src/learning_interface) by extensions ['ros']
[0.068s] Level 1:colcon.colcon_core.package_identification:_identify(src/learning_interface) by extension 'ros'
[0.069s] DEBUG:colcon.colcon_core.package_identification:Package 'src/learning_interface' with type 'ros.ament_cmake' and name 'learning_interface'
[0.069s] Level 1:colcon.colcon_core.package_identification:_identify(src/learning_launch) by extensions ['ignore', 'ignore_ament_install']
[0.069s] Level 1:colcon.colcon_core.package_identification:_identify(src/learning_launch) by extension 'ignore'
[0.069s] Level 1:colcon.colcon_core.package_identification:_identify(src/learning_launch) by extension 'ignore_ament_install'
[0.069s] Level 1:colcon.colcon_core.package_identification:_identify(src/learning_launch) by extensions ['ros']
[0.069s] Level 1:colcon.colcon_core.package_identification:_identify(src/learning_launch) by extension 'ros'
[0.069s] DEBUG:colcon.colcon_core.package_identification:Package 'src/learning_launch' with type 'ros.ament_python' and name 'learning_launch'
[0.069s] Level 1:colcon.colcon_core.package_identification:_identify(src/learning_node_python) by extensions ['ignore', 'ignore_ament_install']
[0.069s] Level 1:colcon.colcon_core.package_identification:_identify(src/learning_node_python) by extension 'ignore'
[0.069s] Level 1:colcon.colcon_core.package_identification:_identify(src/learning_node_python) by extension 'ignore_ament_install'
[0.069s] Level 1:colcon.colcon_core.package_identification:_identify(src/learning_node_python) by extensions ['ros']
[0.070s] Level 1:colcon.colcon_core.package_identification:_identify(src/learning_node_python) by extension 'ros'
[0.070s] DEBUG:colcon.colcon_core.package_identification:Package 'src/learning_node_python' with type 'ros.ament_python' and name 'learning_node_python'
[0.070s] Level 1:colcon.colcon_core.package_identification:_identify(src/learning_parameter) by extensions ['ignore', 'ignore_ament_install']
[0.070s] Level 1:colcon.colcon_core.package_identification:_identify(src/learning_parameter) by extension 'ignore'
[0.070s] Level 1:colcon.colcon_core.package_identification:_identify(src/learning_parameter) by extension 'ignore_ament_install'
[0.070s] Level 1:colcon.colcon_core.package_identification:_identify(src/learning_parameter) by extensions ['ros']
[0.070s] Level 1:colcon.colcon_core.package_identification:_identify(src/learning_parameter) by extension 'ros'
[0.070s] DEBUG:colcon.colcon_core.package_identification:Package 'src/learning_parameter' with type 'ros.ament_python' and name 'learning_parameter'
[0.070s] Level 1:colcon.colcon_core.package_identification:_identify(src/learning_pkg_c) by extensions ['ignore', 'ignore_ament_install']
[0.070s] Level 1:colcon.colcon_core.package_identification:_identify(src/learning_pkg_c) by extension 'ignore'
[0.070s] Level 1:colcon.colcon_core.package_identification:_identify(src/learning_pkg_c) by extension 'ignore_ament_install'
[0.070s] Level 1:colcon.colcon_core.package_identification:_identify(src/learning_pkg_c) by extensions ['ros']
[0.070s] Level 1:colcon.colcon_core.package_identification:_identify(src/learning_pkg_c) by extension 'ros'
[0.071s] DEBUG:colcon.colcon_core.package_identification:Package 'src/learning_pkg_c' with type 'ros.ament_cmake' and name 'learning_pkg_c'
[0.071s] Level 1:colcon.colcon_core.package_identification:_identify(src/learning_pkg_python) by extensions ['ignore', 'ignore_ament_install']
[0.071s] Level 1:colcon.colcon_core.package_identification:_identify(src/learning_pkg_python) by extension 'ignore'
[0.071s] Level 1:colcon.colcon_core.package_identification:_identify(src/learning_pkg_python) by extension 'ignore_ament_install'
[0.071s] Level 1:colcon.colcon_core.package_identification:_identify(src/learning_pkg_python) by extensions ['ros']
[0.071s] Level 1:colcon.colcon_core.package_identification:_identify(src/learning_pkg_python) by extension 'ros'
[0.071s] DEBUG:colcon.colcon_core.package_identification:Package 'src/learning_pkg_python' with type 'ros.ament_python' and name 'learning_pkg_python'
[0.071s] Level 1:colcon.colcon_core.package_identification:_identify(src/learning_qos) by extensions ['ignore', 'ignore_ament_install']
[0.071s] Level 1:colcon.colcon_core.package_identification:_identify(src/learning_qos) by extension 'ignore'
[0.071s] Level 1:colcon.colcon_core.package_identification:_identify(src/learning_qos) by extension 'ignore_ament_install'
[0.071s] Level 1:colcon.colcon_core.package_identification:_identify(src/learning_qos) by extensions ['ros']
[0.071s] Level 1:colcon.colcon_core.package_identification:_identify(src/learning_qos) by extension 'ros'
[0.072s] DEBUG:colcon.colcon_core.package_identification:Package 'src/learning_qos' with type 'ros.ament_python' and name 'learning_qos'
[0.072s] Level 1:colcon.colcon_core.package_identification:_identify(src/learning_service) by extensions ['ignore', 'ignore_ament_install']
[0.072s] Level 1:colcon.colcon_core.package_identification:_identify(src/learning_service) by extension 'ignore'
[0.072s] Level 1:colcon.colcon_core.package_identification:_identify(src/learning_service) by extension 'ignore_ament_install'
[0.072s] Level 1:colcon.colcon_core.package_identification:_identify(src/learning_service) by extensions ['ros']
[0.072s] Level 1:colcon.colcon_core.package_identification:_identify(src/learning_service) by extension 'ros'
[0.072s] DEBUG:colcon.colcon_core.package_identification:Package 'src/learning_service' with type 'ros.ament_python' and name 'learning_service'
[0.072s] Level 1:colcon.colcon_core.package_identification:_identify(src/learning_tf) by extensions ['ignore', 'ignore_ament_install']
[0.072s] Level 1:colcon.colcon_core.package_identification:_identify(src/learning_tf) by extension 'ignore'
[0.072s] Level 1:colcon.colcon_core.package_identification:_identify(src/learning_tf) by extension 'ignore_ament_install'
[0.072s] Level 1:colcon.colcon_core.package_identification:_identify(src/learning_tf) by extensions ['ros']
[0.072s] Level 1:colcon.colcon_core.package_identification:_identify(src/learning_tf) by extension 'ros'
[0.073s] DEBUG:colcon.colcon_core.package_identification:Package 'src/learning_tf' with type 'ros.ament_python' and name 'learning_tf'
[0.073s] Level 1:colcon.colcon_core.package_identification:_identify(src/learning_topic) by extensions ['ignore', 'ignore_ament_install']
[0.073s] Level 1:colcon.colcon_core.package_identification:_identify(src/learning_topic) by extension 'ignore'
[0.073s] Level 1:colcon.colcon_core.package_identification:_identify(src/learning_topic) by extension 'ignore_ament_install'
[0.073s] Level 1:colcon.colcon_core.package_identification:_identify(src/learning_topic) by extensions ['ros']
[0.073s] Level 1:colcon.colcon_core.package_identification:_identify(src/learning_topic) by extension 'ros'
[0.073s] DEBUG:colcon.colcon_core.package_identification:Package 'src/learning_topic' with type 'ros.ament_python' and name 'learning_topic'
[0.073s] Level 1:colcon.colcon_core.package_discovery:discover_packages(recursive) using defaults
[0.073s] Level 1:colcon.colcon_core.package_discovery:discover_packages(path) discover
[0.073s] Level 1:colcon.colcon_core.package_discovery:discover_packages(path) using defaults
[0.090s] Level 5:colcon.colcon_core.verb:set package 'learning_action' build argument 'cmake_args' from command line to 'None'
[0.090s] Level 5:colcon.colcon_core.verb:set package 'learning_action' build argument 'cmake_target' from command line to 'None'
[0.090s] Level 5:colcon.colcon_core.verb:set package 'learning_action' build argument 'cmake_target_skip_unavailable' from command line to 'False'
[0.090s] Level 5:colcon.colcon_core.verb:set package 'learning_action' build argument 'cmake_clean_cache' from command line to 'False'
[0.090s] Level 5:colcon.colcon_core.verb:set package 'learning_action' build argument 'cmake_clean_first' from command line to 'False'
[0.090s] Level 5:colcon.colcon_core.verb:set package 'learning_action' build argument 'cmake_force_configure' from command line to 'False'
[0.090s] Level 5:colcon.colcon_core.verb:set package 'learning_action' build argument 'ament_cmake_args' from command line to 'None'
[0.090s] Level 5:colcon.colcon_core.verb:set package 'learning_action' build argument 'catkin_cmake_args' from command line to 'None'
[0.090s] Level 5:colcon.colcon_core.verb:set package 'learning_action' build argument 'catkin_skip_building_tests' from command line to 'False'
[0.090s] DEBUG:colcon.colcon_core.verb:Building package 'learning_action' with the following arguments: {'ament_cmake_args': None, 'build_base': '/home/lucas/catkin_ws/build/learning_action', 'catkin_cmake_args': None, 'catkin_skip_building_tests': False, 'cmake_args': None, 'cmake_clean_cache': False, 'cmake_clean_first': False, 'cmake_force_configure': False, 'cmake_target': None, 'cmake_target_skip_unavailable': False, 'install_base': '/home/lucas/catkin_ws/install/learning_action', 'merge_install': False, 'path': '/home/lucas/catkin_ws/src/learning_action', 'symlink_install': False, 'test_result_base': None}
[0.091s] Level 5:colcon.colcon_core.verb:set package 'learning_interface' build argument 'cmake_args' from command line to 'None'
[0.091s] Level 5:colcon.colcon_core.verb:set package 'learning_interface' build argument 'cmake_target' from command line to 'None'
[0.091s] Level 5:colcon.colcon_core.verb:set package 'learning_interface' build argument 'cmake_target_skip_unavailable' from command line to 'False'
[0.091s] Level 5:colcon.colcon_core.verb:set package 'learning_interface' build argument 'cmake_clean_cache' from command line to 'False'
[0.091s] Level 5:colcon.colcon_core.verb:set package 'learning_interface' build argument 'cmake_clean_first' from command line to 'False'
[0.091s] Level 5:colcon.colcon_core.verb:set package 'learning_interface' build argument 'cmake_force_configure' from command line to 'False'
[0.091s] Level 5:colcon.colcon_core.verb:set package 'learning_interface' build argument 'ament_cmake_args' from command line to 'None'
[0.091s] Level 5:colcon.colcon_core.verb:set package 'learning_interface' build argument 'catkin_cmake_args' from command line to 'None'
[0.091s] Level 5:colcon.colcon_core.verb:set package 'learning_interface' build argument 'catkin_skip_building_tests' from command line to 'False'
[0.091s] DEBUG:colcon.colcon_core.verb:Building package 'learning_interface' with the following arguments: {'ament_cmake_args': None, 'build_base': '/home/lucas/catkin_ws/build/learning_interface', 'catkin_cmake_args': None, 'catkin_skip_building_tests': False, 'cmake_args': None, 'cmake_clean_cache': False, 'cmake_clean_first': False, 'cmake_force_configure': False, 'cmake_target': None, 'cmake_target_skip_unavailable': False, 'install_base': '/home/lucas/catkin_ws/install/learning_interface', 'merge_install': False, 'path': '/home/lucas/catkin_ws/src/learning_interface', 'symlink_install': False, 'test_result_base': None}
[0.091s] Level 5:colcon.colcon_core.verb:set package 'learning_launch' build argument 'cmake_args' from command line to 'None'
[0.091s] Level 5:colcon.colcon_core.verb:set package 'learning_launch' build argument 'cmake_target' from command line to 'None'
[0.091s] Level 5:colcon.colcon_core.verb:set package 'learning_launch' build argument 'cmake_target_skip_unavailable' from command line to 'False'
[0.091s] Level 5:colcon.colcon_core.verb:set package 'learning_launch' build argument 'cmake_clean_cache' from command line to 'False'
[0.091s] Level 5:colcon.colcon_core.verb:set package 'learning_launch' build argument 'cmake_clean_first' from command line to 'False'
[0.091s] Level 5:colcon.colcon_core.verb:set package 'learning_launch' build argument 'cmake_force_configure' from command line to 'False'
[0.091s] Level 5:colcon.colcon_core.verb:set package 'learning_launch' build argument 'ament_cmake_args' from command line to 'None'
[0.091s] Level 5:colcon.colcon_core.verb:set package 'learning_launch' build argument 'catkin_cmake_args' from command line to 'None'
[0.091s] Level 5:colcon.colcon_core.verb:set package 'learning_launch' build argument 'catkin_skip_building_tests' from command line to 'False'
[0.092s] DEBUG:colcon.colcon_core.verb:Building package 'learning_launch' with the following arguments: {'ament_cmake_args': None, 'build_base': '/home/lucas/catkin_ws/build/learning_launch', 'catkin_cmake_args': None, 'catkin_skip_building_tests': False, 'cmake_args': None, 'cmake_clean_cache': False, 'cmake_clean_first': False, 'cmake_force_configure': False, 'cmake_target': None, 'cmake_target_skip_unavailable': False, 'install_base': '/home/lucas/catkin_ws/install/learning_launch', 'merge_install': False, 'path': '/home/lucas/catkin_ws/src/learning_launch', 'symlink_install': False, 'test_result_base': None}
[0.092s] Level 5:colcon.colcon_core.verb:set package 'learning_node_python' build argument 'cmake_args' from command line to 'None'
[0.092s] Level 5:colcon.colcon_core.verb:set package 'learning_node_python' build argument 'cmake_target' from command line to 'None'
[0.092s] Level 5:colcon.colcon_core.verb:set package 'learning_node_python' build argument 'cmake_target_skip_unavailable' from command line to 'False'
[0.092s] Level 5:colcon.colcon_core.verb:set package 'learning_node_python' build argument 'cmake_clean_cache' from command line to 'False'
[0.092s] Level 5:colcon.colcon_core.verb:set package 'learning_node_python' build argument 'cmake_clean_first' from command line to 'False'
[0.092s] Level 5:colcon.colcon_core.verb:set package 'learning_node_python' build argument 'cmake_force_configure' from command line to 'False'
[0.092s] Level 5:colcon.colcon_core.verb:set package 'learning_node_python' build argument 'ament_cmake_args' from command line to 'None'
[0.092s] Level 5:colcon.colcon_core.verb:set package 'learning_node_python' build argument 'catkin_cmake_args' from command line to 'None'
[0.092s] Level 5:colcon.colcon_core.verb:set package 'learning_node_python' build argument 'catkin_skip_building_tests' from command line to 'False'
[0.092s] DEBUG:colcon.colcon_core.verb:Building package 'learning_node_python' with the following arguments: {'ament_cmake_args': None, 'build_base': '/home/lucas/catkin_ws/build/learning_node_python', 'catkin_cmake_args': None, 'catkin_skip_building_tests': False, 'cmake_args': None, 'cmake_clean_cache': False, 'cmake_clean_first': False, 'cmake_force_configure': False, 'cmake_target': None, 'cmake_target_skip_unavailable': False, 'install_base': '/home/lucas/catkin_ws/install/learning_node_python', 'merge_install': False, 'path': '/home/lucas/catkin_ws/src/learning_node_python', 'symlink_install': False, 'test_result_base': None}
[0.092s] Level 5:colcon.colcon_core.verb:set package 'learning_parameter' build argument 'cmake_args' from command line to 'None'
[0.092s] Level 5:colcon.colcon_core.verb:set package 'learning_parameter' build argument 'cmake_target' from command line to 'None'
[0.093s] Level 5:colcon.colcon_core.verb:set package 'learning_parameter' build argument 'cmake_target_skip_unavailable' from command line to 'False'
[0.093s] Level 5:colcon.colcon_core.verb:set package 'learning_parameter' build argument 'cmake_clean_cache' from command line to 'False'
[0.093s] Level 5:colcon.colcon_core.verb:set package 'learning_parameter' build argument 'cmake_clean_first' from command line to 'False'
[0.093s] Level 5:colcon.colcon_core.verb:set package 'learning_parameter' build argument 'cmake_force_configure' from command line to 'False'
[0.093s] Level 5:colcon.colcon_core.verb:set package 'learning_parameter' build argument 'ament_cmake_args' from command line to 'None'
[0.093s] Level 5:colcon.colcon_core.verb:set package 'learning_parameter' build argument 'catkin_cmake_args' from command line to 'None'
[0.093s] Level 5:colcon.colcon_core.verb:set package 'learning_parameter' build argument 'catkin_skip_building_tests' from command line to 'False'
[0.093s] DEBUG:colcon.colcon_core.verb:Building package 'learning_parameter' with the following arguments: {'ament_cmake_args': None, 'build_base': '/home/lucas/catkin_ws/build/learning_parameter', 'catkin_cmake_args': None, 'catkin_skip_building_tests': False, 'cmake_args': None, 'cmake_clean_cache': False, 'cmake_clean_first': False, 'cmake_force_configure': False, 'cmake_target': None, 'cmake_target_skip_unavailable': False, 'install_base': '/home/lucas/catkin_ws/install/learning_parameter', 'merge_install': False, 'path': '/home/lucas/catkin_ws/src/learning_parameter', 'symlink_install': False, 'test_result_base': None}
[0.093s] Level 5:colcon.colcon_core.verb:set package 'learning_pkg_c' build argument 'cmake_args' from command line to 'None'
[0.093s] Level 5:colcon.colcon_core.verb:set package 'learning_pkg_c' build argument 'cmake_target' from command line to 'None'
[0.093s] Level 5:colcon.colcon_core.verb:set package 'learning_pkg_c' build argument 'cmake_target_skip_unavailable' from command line to 'False'
[0.093s] Level 5:colcon.colcon_core.verb:set package 'learning_pkg_c' build argument 'cmake_clean_cache' from command line to 'False'
[0.093s] Level 5:colcon.colcon_core.verb:set package 'learning_pkg_c' build argument 'cmake_clean_first' from command line to 'False'
[0.093s] Level 5:colcon.colcon_core.verb:set package 'learning_pkg_c' build argument 'cmake_force_configure' from command line to 'False'
[0.093s] Level 5:colcon.colcon_core.verb:set package 'learning_pkg_c' build argument 'ament_cmake_args' from command line to 'None'
[0.093s] Level 5:colcon.colcon_core.verb:set package 'learning_pkg_c' build argument 'catkin_cmake_args' from command line to 'None'
[0.093s] Level 5:colcon.colcon_core.verb:set package 'learning_pkg_c' build argument 'catkin_skip_building_tests' from command line to 'False'
[0.093s] DEBUG:colcon.colcon_core.verb:Building package 'learning_pkg_c' with the following arguments: {'ament_cmake_args': None, 'build_base': '/home/lucas/catkin_ws/build/learning_pkg_c', 'catkin_cmake_args': None, 'catkin_skip_building_tests': False, 'cmake_args': None, 'cmake_clean_cache': False, 'cmake_clean_first': False, 'cmake_force_configure': False, 'cmake_target': None, 'cmake_target_skip_unavailable': False, 'install_base': '/home/lucas/catkin_ws/install/learning_pkg_c', 'merge_install': False, 'path': '/home/lucas/catkin_ws/src/learning_pkg_c', 'symlink_install': False, 'test_result_base': None}
[0.094s] Level 5:colcon.colcon_core.verb:set package 'learning_pkg_python' build argument 'cmake_args' from command line to 'None'
[0.094s] Level 5:colcon.colcon_core.verb:set package 'learning_pkg_python' build argument 'cmake_target' from command line to 'None'
[0.094s] Level 5:colcon.colcon_core.verb:set package 'learning_pkg_python' build argument 'cmake_target_skip_unavailable' from command line to 'False'
[0.094s] Level 5:colcon.colcon_core.verb:set package 'learning_pkg_python' build argument 'cmake_clean_cache' from command line to 'False'
[0.094s] Level 5:colcon.colcon_core.verb:set package 'learning_pkg_python' build argument 'cmake_clean_first' from command line to 'False'
[0.094s] Level 5:colcon.colcon_core.verb:set package 'learning_pkg_python' build argument 'cmake_force_configure' from command line to 'False'
[0.094s] Level 5:colcon.colcon_core.verb:set package 'learning_pkg_python' build argument 'ament_cmake_args' from command line to 'None'
[0.094s] Level 5:colcon.colcon_core.verb:set package 'learning_pkg_python' build argument 'catkin_cmake_args' from command line to 'None'
[0.094s] Level 5:colcon.colcon_core.verb:set package 'learning_pkg_python' build argument 'catkin_skip_building_tests' from command line to 'False'
[0.094s] DEBUG:colcon.colcon_core.verb:Building package 'learning_pkg_python' with the following arguments: {'ament_cmake_args': None, 'build_base': '/home/lucas/catkin_ws/build/learning_pkg_python', 'catkin_cmake_args': None, 'catkin_skip_building_tests': False, 'cmake_args': None, 'cmake_clean_cache': False, 'cmake_clean_first': False, 'cmake_force_configure': False, 'cmake_target': None, 'cmake_target_skip_unavailable': False, 'install_base': '/home/lucas/catkin_ws/install/learning_pkg_python', 'merge_install': False, 'path': '/home/lucas/catkin_ws/src/learning_pkg_python', 'symlink_install': False, 'test_result_base': None}
[0.094s] Level 5:colcon.colcon_core.verb:set package 'learning_qos' build argument 'cmake_args' from command line to 'None'
[0.094s] Level 5:colcon.colcon_core.verb:set package 'learning_qos' build argument 'cmake_target' from command line to 'None'
[0.094s] Level 5:colcon.colcon_core.verb:set package 'learning_qos' build argument 'cmake_target_skip_unavailable' from command line to 'False'
[0.094s] Level 5:colcon.colcon_core.verb:set package 'learning_qos' build argument 'cmake_clean_cache' from command line to 'False'
[0.094s] Level 5:colcon.colcon_core.verb:set package 'learning_qos' build argument 'cmake_clean_first' from command line to 'False'
[0.094s] Level 5:colcon.colcon_core.verb:set package 'learning_qos' build argument 'cmake_force_configure' from command line to 'False'
[0.094s] Level 5:colcon.colcon_core.verb:set package 'learning_qos' build argument 'ament_cmake_args' from command line to 'None'
[0.094s] Level 5:colcon.colcon_core.verb:set package 'learning_qos' build argument 'catkin_cmake_args' from command line to 'None'
[0.094s] Level 5:colcon.colcon_core.verb:set package 'learning_qos' build argument 'catkin_skip_building_tests' from command line to 'False'
[0.094s] DEBUG:colcon.colcon_core.verb:Building package 'learning_qos' with the following arguments: {'ament_cmake_args': None, 'build_base': '/home/lucas/catkin_ws/build/learning_qos', 'catkin_cmake_args': None, 'catkin_skip_building_tests': False, 'cmake_args': None, 'cmake_clean_cache': False, 'cmake_clean_first': False, 'cmake_force_configure': False, 'cmake_target': None, 'cmake_target_skip_unavailable': False, 'install_base': '/home/lucas/catkin_ws/install/learning_qos', 'merge_install': False, 'path': '/home/lucas/catkin_ws/src/learning_qos', 'symlink_install': False, 'test_result_base': None}
[0.095s] Level 5:colcon.colcon_core.verb:set package 'learning_tf' build argument 'cmake_args' from command line to 'None'
[0.095s] Level 5:colcon.colcon_core.verb:set package 'learning_tf' build argument 'cmake_target' from command line to 'None'
[0.095s] Level 5:colcon.colcon_core.verb:set package 'learning_tf' build argument 'cmake_target_skip_unavailable' from command line to 'False'
[0.095s] Level 5:colcon.colcon_core.verb:set package 'learning_tf' build argument 'cmake_clean_cache' from command line to 'False'
[0.095s] Level 5:colcon.colcon_core.verb:set package 'learning_tf' build argument 'cmake_clean_first' from command line to 'False'
[0.095s] Level 5:colcon.colcon_core.verb:set package 'learning_tf' build argument 'cmake_force_configure' from command line to 'False'
[0.095s] Level 5:colcon.colcon_core.verb:set package 'learning_tf' build argument 'ament_cmake_args' from command line to 'None'
[0.095s] Level 5:colcon.colcon_core.verb:set package 'learning_tf' build argument 'catkin_cmake_args' from command line to 'None'
[0.095s] Level 5:colcon.colcon_core.verb:set package 'learning_tf' build argument 'catkin_skip_building_tests' from command line to 'False'
[0.095s] DEBUG:colcon.colcon_core.verb:Building package 'learning_tf' with the following arguments: {'ament_cmake_args': None, 'build_base': '/home/lucas/catkin_ws/build/learning_tf', 'catkin_cmake_args': None, 'catkin_skip_building_tests': False, 'cmake_args': None, 'cmake_clean_cache': False, 'cmake_clean_first': False, 'cmake_force_configure': False, 'cmake_target': None, 'cmake_target_skip_unavailable': False, 'install_base': '/home/lucas/catkin_ws/install/learning_tf', 'merge_install': False, 'path': '/home/lucas/catkin_ws/src/learning_tf', 'symlink_install': False, 'test_result_base': None}
[0.095s] Level 5:colcon.colcon_core.verb:set package 'learning_topic' build argument 'cmake_args' from command line to 'None'
[0.095s] Level 5:colcon.colcon_core.verb:set package 'learning_topic' build argument 'cmake_target' from command line to 'None'
[0.095s] Level 5:colcon.colcon_core.verb:set package 'learning_topic' build argument 'cmake_target_skip_unavailable' from command line to 'False'
[0.095s] Level 5:colcon.colcon_core.verb:set package 'learning_topic' build argument 'cmake_clean_cache' from command line to 'False'
[0.095s] Level 5:colcon.colcon_core.verb:set package 'learning_topic' build argument 'cmake_clean_first' from command line to 'False'
[0.095s] Level 5:colcon.colcon_core.verb:set package 'learning_topic' build argument 'cmake_force_configure' from command line to 'False'
[0.095s] Level 5:colcon.colcon_core.verb:set package 'learning_topic' build argument 'ament_cmake_args' from command line to 'None'
[0.095s] Level 5:colcon.colcon_core.verb:set package 'learning_topic' build argument 'catkin_cmake_args' from command line to 'None'
[0.095s] Level 5:colcon.colcon_core.verb:set package 'learning_topic' build argument 'catkin_skip_building_tests' from command line to 'False'
[0.095s] DEBUG:colcon.colcon_core.verb:Building package 'learning_topic' with the following arguments: {'ament_cmake_args': None, 'build_base': '/home/lucas/catkin_ws/build/learning_topic', 'catkin_cmake_args': None, 'catkin_skip_building_tests': False, 'cmake_args': None, 'cmake_clean_cache': False, 'cmake_clean_first': False, 'cmake_force_configure': False, 'cmake_target': None, 'cmake_target_skip_unavailable': False, 'install_base': '/home/lucas/catkin_ws/install/learning_topic', 'merge_install': False, 'path': '/home/lucas/catkin_ws/src/learning_topic', 'symlink_install': False, 'test_result_base': None}
[0.096s] Level 5:colcon.colcon_core.verb:set package 'learning_service' build argument 'cmake_args' from command line to 'None'
[0.096s] Level 5:colcon.colcon_core.verb:set package 'learning_service' build argument 'cmake_target' from command line to 'None'
[0.096s] Level 5:colcon.colcon_core.verb:set package 'learning_service' build argument 'cmake_target_skip_unavailable' from command line to 'False'
[0.096s] Level 5:colcon.colcon_core.verb:set package 'learning_service' build argument 'cmake_clean_cache' from command line to 'False'
[0.096s] Level 5:colcon.colcon_core.verb:set package 'learning_service' build argument 'cmake_clean_first' from command line to 'False'
[0.096s] Level 5:colcon.colcon_core.verb:set package 'learning_service' build argument 'cmake_force_configure' from command line to 'False'
[0.096s] Level 5:colcon.colcon_core.verb:set package 'learning_service' build argument 'ament_cmake_args' from command line to 'None'
[0.096s] Level 5:colcon.colcon_core.verb:set package 'learning_service' build argument 'catkin_cmake_args' from command line to 'None'
[0.096s] Level 5:colcon.colcon_core.verb:set package 'learning_service' build argument 'catkin_skip_building_tests' from command line to 'False'
[0.096s] DEBUG:colcon.colcon_core.verb:Building package 'learning_service' with the following arguments: {'ament_cmake_args': None, 'build_base': '/home/lucas/catkin_ws/build/learning_service', 'catkin_cmake_args': None, 'catkin_skip_building_tests': False, 'cmake_args': None, 'cmake_clean_cache': False, 'cmake_clean_first': False, 'cmake_force_configure': False, 'cmake_target': None, 'cmake_target_skip_unavailable': False, 'install_base': '/home/lucas/catkin_ws/install/learning_service', 'merge_install': False, 'path': '/home/lucas/catkin_ws/src/learning_service', 'symlink_install': False, 'test_result_base': None}
[0.096s] INFO:colcon.colcon_core.executor:Executing jobs using 'sequential' executor
[0.097s] DEBUG:colcon.colcon_core.executor.sequential:run_until_complete 'learning_action'
[0.097s] INFO:colcon.colcon_ros.task.ament_python.build:Building ROS package in '/home/lucas/catkin_ws/src/learning_action' with build type 'ament_python'
[0.097s] Level 1:colcon.colcon_core.shell:create_environment_hook('learning_action', 'ament_prefix_path')
[0.100s] INFO:colcon.colcon_core.plugin_system:Skipping extension 'colcon_core.shell.bat': Not used on non-Windows systems
[0.100s] INFO:colcon.colcon_core.shell:Creating environment descriptor '/home/lucas/catkin_ws/install/learning_action/share/learning_action/hook/ament_prefix_path.dsv'
[0.100s] INFO:colcon.colcon_core.shell:Creating environment hook '/home/lucas/catkin_ws/install/learning_action/share/learning_action/hook/ament_prefix_path.sh'
[0.101s] DEBUG:colcon.colcon_core.shell:Skip shell extension 'dsv' for command environment
[0.237s] INFO:colcon.colcon_core.task.python.build:Building Python package in '/home/lucas/catkin_ws/src/learning_action'
[0.238s] DEBUG:colcon.colcon_core.shell:Skip shell extension 'dsv' for command environment
[0.457s] DEBUG:colcon.colcon_core.event_handler.log_command:Invoking command in '/home/lucas/catkin_ws/src/learning_action': PYTHONPATH=/home/lucas/catkin_ws/install/learning_action/lib/python3.8/site-packages:${PYTHONPATH} /usr/bin/python3 setup.py egg_info --egg-base ../../build/learning_action build --build-base /home/lucas/catkin_ws/build/learning_action/build install --prefix /home/lucas/catkin_ws/install/learning_action --record /home/lucas/catkin_ws/build/learning_action/install.log --single-version-externally-managed
[0.610s] DEBUG:colcon.colcon_core.event_handler.log_command:Invoked command in '/home/lucas/catkin_ws/src/learning_action' returned '0': PYTHONPATH=/home/lucas/catkin_ws/install/learning_action/lib/python3.8/site-packages:${PYTHONPATH} /usr/bin/python3 setup.py egg_info --egg-base ../../build/learning_action build --build-base /home/lucas/catkin_ws/build/learning_action/build install --prefix /home/lucas/catkin_ws/install/learning_action --record /home/lucas/catkin_ws/build/learning_action/install.log --single-version-externally-managed
[0.613s] Level 1:colcon.colcon_core.environment:checking '/home/lucas/catkin_ws/install/learning_action' for CMake module files
[0.613s] Level 1:colcon.colcon_core.environment:checking '/home/lucas/catkin_ws/install/learning_action' for CMake config files
[0.613s] Level 1:colcon.colcon_core.environment:checking '/home/lucas/catkin_ws/install/learning_action/lib'
[0.614s] Level 1:colcon.colcon_core.environment:checking '/home/lucas/catkin_ws/install/learning_action/bin'
[0.614s] Level 1:colcon.colcon_core.environment:checking '/home/lucas/catkin_ws/install/learning_action/lib/pkgconfig/learning_action.pc'
[0.614s] Level 1:colcon.colcon_core.environment:checking '/home/lucas/catkin_ws/install/learning_action/lib/python3.8/site-packages'
[0.614s] Level 1:colcon.colcon_core.shell:create_environment_hook('learning_action', 'pythonpath')
[0.614s] INFO:colcon.colcon_core.shell:Creating environment descriptor '/home/lucas/catkin_ws/install/learning_action/share/learning_action/hook/pythonpath.dsv'
[0.615s] INFO:colcon.colcon_core.shell:Creating environment hook '/home/lucas/catkin_ws/install/learning_action/share/learning_action/hook/pythonpath.sh'
[0.615s] Level 1:colcon.colcon_core.environment:checking '/home/lucas/catkin_ws/install/learning_action/bin'
[0.615s] Level 1:colcon.colcon_core.environment:create_environment_scripts_only(learning_action)
[0.615s] INFO:colcon.colcon_core.shell:Creating package descriptor '/home/lucas/catkin_ws/install/learning_action/share/learning_action/package.dsv'
[0.616s] INFO:colcon.colcon_core.shell:Creating package script '/home/lucas/catkin_ws/install/learning_action/share/learning_action/package.sh'
[0.616s] Level 1:colcon.colcon_core.environment:create_file_with_runtime_dependencies(/home/lucas/catkin_ws/install/learning_action/share/colcon-core/packages/learning_action)
[0.616s] DEBUG:colcon.colcon_core.executor.sequential:run_until_complete 'learning_action' finished with '0'
[0.616s] DEBUG:colcon.colcon_core.executor.sequential:run_until_complete 'learning_interface'
[0.616s] INFO:colcon.colcon_ros.task.ament_cmake.build:Building ROS package in '/home/lucas/catkin_ws/src/learning_interface' with build type 'ament_cmake'
[0.617s] INFO:colcon.colcon_cmake.task.cmake.build:Building CMake package in '/home/lucas/catkin_ws/src/learning_interface'
[0.617s] DEBUG:colcon.colcon_core.shell:Skip shell extension 'dsv' for command environment
[0.626s] DEBUG:colcon.colcon_core.event_handler.log_command:Invoking command in '/home/lucas/catkin_ws/build/learning_interface': CMAKE_PREFIX_PATH=${CMAKE_PREFIX_PATH}:/home/lucas/catkin_ws/install/learning_topic:/home/lucas/catkin_ws/install/learning_service:/home/lucas/catkin_ws/install/learning_qos:/home/lucas/catkin_ws/install/learning_pkg_python:/home/lucas/catkin_ws/install/learning_parameter:/home/lucas/catkin_ws/install/learning_node_python:/home/lucas/catkin_ws/install/learning_launch:/home/lucas/catkin_ws/install/learning_action:/opt/ros/foxy /usr/bin/cmake --build /home/lucas/catkin_ws/build/learning_interface -- -j2 -l2
[0.982s] DEBUG:colcon.colcon_core.event_handler.log_command:Invoked command in '/home/lucas/catkin_ws/build/learning_interface' returned '0': CMAKE_PREFIX_PATH=${CMAKE_PREFIX_PATH}:/home/lucas/catkin_ws/install/learning_topic:/home/lucas/catkin_ws/install/learning_service:/home/lucas/catkin_ws/install/learning_qos:/home/lucas/catkin_ws/install/learning_pkg_python:/home/lucas/catkin_ws/install/learning_parameter:/home/lucas/catkin_ws/install/learning_node_python:/home/lucas/catkin_ws/install/learning_launch:/home/lucas/catkin_ws/install/learning_action:/opt/ros/foxy /usr/bin/cmake --build /home/lucas/catkin_ws/build/learning_interface -- -j2 -l2
[1.065s] DEBUG:colcon.colcon_core.event_handler.log_command:Invoking command in '/home/lucas/catkin_ws/build/learning_interface': CMAKE_PREFIX_PATH=${CMAKE_PREFIX_PATH}:/home/lucas/catkin_ws/install/learning_topic:/home/lucas/catkin_ws/install/learning_service:/home/lucas/catkin_ws/install/learning_qos:/home/lucas/catkin_ws/install/learning_pkg_python:/home/lucas/catkin_ws/install/learning_parameter:/home/lucas/catkin_ws/install/learning_node_python:/home/lucas/catkin_ws/install/learning_launch:/home/lucas/catkin_ws/install/learning_action:/opt/ros/foxy /usr/bin/cmake --install /home/lucas/catkin_ws/build/learning_interface
[1.128s] Level 1:colcon.colcon_core.environment:create_environment_scripts_only(learning_interface)
[1.129s] Level 1:colcon.colcon_core.environment:checking '/home/lucas/catkin_ws/install/learning_interface' for CMake module files
[1.130s] Level 1:colcon.colcon_core.environment:checking '/home/lucas/catkin_ws/install/learning_interface' for CMake config files
[1.130s] Level 1:colcon.colcon_core.shell:create_environment_hook('learning_interface', 'cmake_prefix_path')
[1.130s] INFO:colcon.colcon_core.shell:Creating environment descriptor '/home/lucas/catkin_ws/install/learning_interface/share/learning_interface/hook/cmake_prefix_path.dsv'
[1.131s] DEBUG:colcon.colcon_core.event_handler.log_command:Invoked command in '/home/lucas/catkin_ws/build/learning_interface' returned '0': CMAKE_PREFIX_PATH=${CMAKE_PREFIX_PATH}:/home/lucas/catkin_ws/install/learning_topic:/home/lucas/catkin_ws/install/learning_service:/home/lucas/catkin_ws/install/learning_qos:/home/lucas/catkin_ws/install/learning_pkg_python:/home/lucas/catkin_ws/install/learning_parameter:/home/lucas/catkin_ws/install/learning_node_python:/home/lucas/catkin_ws/install/learning_launch:/home/lucas/catkin_ws/install/learning_action:/opt/ros/foxy /usr/bin/cmake --install /home/lucas/catkin_ws/build/learning_interface
[1.134s] INFO:colcon.colcon_core.shell:Creating environment hook '/home/lucas/catkin_ws/install/learning_interface/share/learning_interface/hook/cmake_prefix_path.sh'
[1.134s] Level 1:colcon.colcon_core.environment:checking '/home/lucas/catkin_ws/install/learning_interface/lib'
[1.135s] Level 1:colcon.colcon_core.shell:create_environment_hook('learning_interface', 'ld_library_path_lib')
[1.135s] INFO:colcon.colcon_core.shell:Creating environment descriptor '/home/lucas/catkin_ws/install/learning_interface/share/learning_interface/hook/ld_library_path_lib.dsv'
[1.135s] INFO:colcon.colcon_core.shell:Creating environment hook '/home/lucas/catkin_ws/install/learning_interface/share/learning_interface/hook/ld_library_path_lib.sh'
[1.135s] Level 1:colcon.colcon_core.environment:checking '/home/lucas/catkin_ws/install/learning_interface/bin'
[1.135s] Level 1:colcon.colcon_core.environment:checking '/home/lucas/catkin_ws/install/learning_interface/lib/pkgconfig/learning_interface.pc'
[1.136s] Level 1:colcon.colcon_core.environment:checking '/home/lucas/catkin_ws/install/learning_interface/lib/python3.8/site-packages'
[1.136s] Level 1:colcon.colcon_core.shell:create_environment_hook('learning_interface', 'pythonpath')
[1.136s] INFO:colcon.colcon_core.shell:Creating environment descriptor '/home/lucas/catkin_ws/install/learning_interface/share/learning_interface/hook/pythonpath.dsv'
[1.136s] INFO:colcon.colcon_core.shell:Creating environment hook '/home/lucas/catkin_ws/install/learning_interface/share/learning_interface/hook/pythonpath.sh'
[1.136s] Level 1:colcon.colcon_core.environment:checking '/home/lucas/catkin_ws/install/learning_interface/bin'
[1.137s] INFO:colcon.colcon_core.shell:Creating package descriptor '/home/lucas/catkin_ws/install/learning_interface/share/learning_interface/package.dsv'
[1.137s] INFO:colcon.colcon_core.shell:Creating package script '/home/lucas/catkin_ws/install/learning_interface/share/learning_interface/package.sh'
[1.137s] Level 1:colcon.colcon_core.environment:create_file_with_runtime_dependencies(/home/lucas/catkin_ws/install/learning_interface/share/colcon-core/packages/learning_interface)
[1.194s] Level 1:colcon.colcon_core.environment:create_environment_scripts_only(learning_interface)
[1.196s] Level 1:colcon.colcon_core.environment:checking '/home/lucas/catkin_ws/install/learning_interface' for CMake module files
[1.197s] Level 1:colcon.colcon_core.environment:checking '/home/lucas/catkin_ws/install/learning_interface' for CMake config files
[1.197s] Level 1:colcon.colcon_core.shell:create_environment_hook('learning_interface', 'cmake_prefix_path')
[1.198s] INFO:colcon.colcon_core.shell:Creating environment descriptor '/home/lucas/catkin_ws/install/learning_interface/share/learning_interface/hook/cmake_prefix_path.dsv'
[1.199s] INFO:colcon.colcon_core.shell:Creating environment hook '/home/lucas/catkin_ws/install/learning_interface/share/learning_interface/hook/cmake_prefix_path.sh'
[1.199s] Level 1:colcon.colcon_core.environment:checking '/home/lucas/catkin_ws/install/learning_interface/lib'
[1.200s] Level 1:colcon.colcon_core.shell:create_environment_hook('learning_interface', 'ld_library_path_lib')
[1.200s] INFO:colcon.colcon_core.shell:Creating environment descriptor '/home/lucas/catkin_ws/install/learning_interface/share/learning_interface/hook/ld_library_path_lib.dsv'
[1.200s] INFO:colcon.colcon_core.shell:Creating environment hook '/home/lucas/catkin_ws/install/learning_interface/share/learning_interface/hook/ld_library_path_lib.sh'
[1.200s] Level 1:colcon.colcon_core.environment:checking '/home/lucas/catkin_ws/install/learning_interface/bin'
[1.200s] Level 1:colcon.colcon_core.environment:checking '/home/lucas/catkin_ws/install/learning_interface/lib/pkgconfig/learning_interface.pc'
[1.200s] Level 1:colcon.colcon_core.environment:checking '/home/lucas/catkin_ws/install/learning_interface/lib/python3.8/site-packages'
[1.201s] Level 1:colcon.colcon_core.shell:create_environment_hook('learning_interface', 'pythonpath')
[1.201s] INFO:colcon.colcon_core.shell:Creating environment descriptor '/home/lucas/catkin_ws/install/learning_interface/share/learning_interface/hook/pythonpath.dsv'
[1.201s] INFO:colcon.colcon_core.shell:Creating environment hook '/home/lucas/catkin_ws/install/learning_interface/share/learning_interface/hook/pythonpath.sh'
[1.202s] Level 1:colcon.colcon_core.environment:checking '/home/lucas/catkin_ws/install/learning_interface/bin'
[1.202s] INFO:colcon.colcon_core.shell:Creating package descriptor '/home/lucas/catkin_ws/install/learning_interface/share/learning_interface/package.dsv'
[1.202s] INFO:colcon.colcon_core.shell:Creating package script '/home/lucas/catkin_ws/install/learning_interface/share/learning_interface/package.sh'
[1.202s] Level 1:colcon.colcon_core.environment:create_file_with_runtime_dependencies(/home/lucas/catkin_ws/install/learning_interface/share/colcon-core/packages/learning_interface)
[1.203s] DEBUG:colcon.colcon_core.executor.sequential:run_until_complete 'learning_interface' finished with '0'
[1.203s] DEBUG:colcon.colcon_core.executor.sequential:run_until_complete 'learning_launch'
[1.203s] INFO:colcon.colcon_ros.task.ament_python.build:Building ROS package in '/home/lucas/catkin_ws/src/learning_launch' with build type 'ament_python'
[1.203s] Level 1:colcon.colcon_core.shell:create_environment_hook('learning_launch', 'ament_prefix_path')
[1.204s] INFO:colcon.colcon_core.shell:Creating environment descriptor '/home/lucas/catkin_ws/install/learning_launch/share/learning_launch/hook/ament_prefix_path.dsv'
[1.204s] INFO:colcon.colcon_core.shell:Creating environment hook '/home/lucas/catkin_ws/install/learning_launch/share/learning_launch/hook/ament_prefix_path.sh'
[1.204s] DEBUG:colcon.colcon_core.shell:Skip shell extension 'dsv' for command environment
[1.463s] INFO:colcon.colcon_core.task.python.build:Building Python package in '/home/lucas/catkin_ws/src/learning_launch'
[1.465s] DEBUG:colcon.colcon_core.shell:Skip shell extension 'dsv' for command environment
[1.825s] DEBUG:colcon.colcon_core.event_handler.log_command:Invoking command in '/home/lucas/catkin_ws/src/learning_launch': PYTHONPATH=/home/lucas/catkin_ws/install/learning_launch/lib/python3.8/site-packages:${PYTHONPATH} /usr/bin/python3 setup.py egg_info --egg-base ../../build/learning_launch build --build-base /home/lucas/catkin_ws/build/learning_launch/build install --prefix /home/lucas/catkin_ws/install/learning_launch --record /home/lucas/catkin_ws/build/learning_launch/install.log --single-version-externally-managed
[2.044s] Level 1:colcon.colcon_core.environment:checking '/home/lucas/catkin_ws/install/learning_launch' for CMake module files
[2.045s] DEBUG:colcon.colcon_core.event_handler.log_command:Invoked command in '/home/lucas/catkin_ws/src/learning_launch' returned '0': PYTHONPATH=/home/lucas/catkin_ws/install/learning_launch/lib/python3.8/site-packages:${PYTHONPATH} /usr/bin/python3 setup.py egg_info --egg-base ../../build/learning_launch build --build-base /home/lucas/catkin_ws/build/learning_launch/build install --prefix /home/lucas/catkin_ws/install/learning_launch --record /home/lucas/catkin_ws/build/learning_launch/install.log --single-version-externally-managed
[2.045s] Level 1:colcon.colcon_core.environment:checking '/home/lucas/catkin_ws/install/learning_launch' for CMake config files
[2.045s] Level 1:colcon.colcon_core.environment:checking '/home/lucas/catkin_ws/install/learning_launch/lib'
[2.046s] Level 1:colcon.colcon_core.environment:checking '/home/lucas/catkin_ws/install/learning_launch/bin'
[2.046s] Level 1:colcon.colcon_core.environment:checking '/home/lucas/catkin_ws/install/learning_launch/lib/pkgconfig/learning_launch.pc'
[2.046s] Level 1:colcon.colcon_core.environment:checking '/home/lucas/catkin_ws/install/learning_launch/lib/python3.8/site-packages'
[2.046s] Level 1:colcon.colcon_core.shell:create_environment_hook('learning_launch', 'pythonpath')
[2.046s] INFO:colcon.colcon_core.shell:Creating environment descriptor '/home/lucas/catkin_ws/install/learning_launch/share/learning_launch/hook/pythonpath.dsv'
[2.047s] INFO:colcon.colcon_core.shell:Creating environment hook '/home/lucas/catkin_ws/install/learning_launch/share/learning_launch/hook/pythonpath.sh'
[2.047s] Level 1:colcon.colcon_core.environment:checking '/home/lucas/catkin_ws/install/learning_launch/bin'
[2.047s] Level 1:colcon.colcon_core.environment:create_environment_scripts_only(learning_launch)
[2.048s] INFO:colcon.colcon_core.shell:Creating package descriptor '/home/lucas/catkin_ws/install/learning_launch/share/learning_launch/package.dsv'
[2.048s] INFO:colcon.colcon_core.shell:Creating package script '/home/lucas/catkin_ws/install/learning_launch/share/learning_launch/package.sh'
[2.048s] Level 1:colcon.colcon_core.environment:create_file_with_runtime_dependencies(/home/lucas/catkin_ws/install/learning_launch/share/colcon-core/packages/learning_launch)
[2.048s] DEBUG:colcon.colcon_core.executor.sequential:run_until_complete 'learning_launch' finished with '0'
[2.049s] DEBUG:colcon.colcon_core.executor.sequential:run_until_complete 'learning_node_python'
[2.049s] INFO:colcon.colcon_ros.task.ament_python.build:Building ROS package in '/home/lucas/catkin_ws/src/learning_node_python' with build type 'ament_python'
[2.049s] Level 1:colcon.colcon_core.shell:create_environment_hook('learning_node_python', 'ament_prefix_path')
[2.049s] INFO:colcon.colcon_core.shell:Creating environment descriptor '/home/lucas/catkin_ws/install/learning_node_python/share/learning_node_python/hook/ament_prefix_path.dsv'
[2.049s] INFO:colcon.colcon_core.shell:Creating environment hook '/home/lucas/catkin_ws/install/learning_node_python/share/learning_node_python/hook/ament_prefix_path.sh'
[2.050s] DEBUG:colcon.colcon_core.shell:Skip shell extension 'dsv' for command environment
[2.194s] INFO:colcon.colcon_core.task.python.build:Building Python package in '/home/lucas/catkin_ws/src/learning_node_python'
[2.195s] DEBUG:colcon.colcon_core.shell:Skip shell extension 'dsv' for command environment
[2.575s] DEBUG:colcon.colcon_core.event_handler.log_command:Invoking command in '/home/lucas/catkin_ws/src/learning_node_python': PYTHONPATH=/home/lucas/catkin_ws/install/learning_node_python/lib/python3.8/site-packages:${PYTHONPATH} /usr/bin/python3 setup.py egg_info --egg-base ../../build/learning_node_python build --build-base /home/lucas/catkin_ws/build/learning_node_python/build install --prefix /home/lucas/catkin_ws/install/learning_node_python --record /home/lucas/catkin_ws/build/learning_node_python/install.log --single-version-externally-managed
[2.778s] Level 1:colcon.colcon_core.environment:checking '/home/lucas/catkin_ws/install/learning_node_python' for CMake module files
[2.778s] Level 1:colcon.colcon_core.environment:checking '/home/lucas/catkin_ws/install/learning_node_python' for CMake config files
[2.778s] Level 1:colcon.colcon_core.environment:checking '/home/lucas/catkin_ws/install/learning_node_python/lib'
[2.778s] Level 1:colcon.colcon_core.environment:checking '/home/lucas/catkin_ws/install/learning_node_python/bin'
[2.778s] Level 1:colcon.colcon_core.environment:checking '/home/lucas/catkin_ws/install/learning_node_python/lib/pkgconfig/learning_node_python.pc'
[2.778s] Level 1:colcon.colcon_core.environment:checking '/home/lucas/catkin_ws/install/learning_node_python/lib/python3.8/site-packages'
[2.778s] Level 1:colcon.colcon_core.shell:create_environment_hook('learning_node_python', 'pythonpath')
[2.779s] INFO:colcon.colcon_core.shell:Creating environment descriptor '/home/lucas/catkin_ws/install/learning_node_python/share/learning_node_python/hook/pythonpath.dsv'
[2.779s] DEBUG:colcon.colcon_core.event_handler.log_command:Invoked command in '/home/lucas/catkin_ws/src/learning_node_python' returned '0': PYTHONPATH=/home/lucas/catkin_ws/install/learning_node_python/lib/python3.8/site-packages:${PYTHONPATH} /usr/bin/python3 setup.py egg_info --egg-base ../../build/learning_node_python build --build-base /home/lucas/catkin_ws/build/learning_node_python/build install --prefix /home/lucas/catkin_ws/install/learning_node_python --record /home/lucas/catkin_ws/build/learning_node_python/install.log --single-version-externally-managed
[2.780s] INFO:colcon.colcon_core.shell:Creating environment hook '/home/lucas/catkin_ws/install/learning_node_python/share/learning_node_python/hook/pythonpath.sh'
[2.782s] Level 1:colcon.colcon_core.environment:checking '/home/lucas/catkin_ws/install/learning_node_python/bin'
[2.782s] Level 1:colcon.colcon_core.environment:create_environment_scripts_only(learning_node_python)
[2.783s] INFO:colcon.colcon_core.shell:Creating package descriptor '/home/lucas/catkin_ws/install/learning_node_python/share/learning_node_python/package.dsv'
[2.783s] INFO:colcon.colcon_core.shell:Creating package script '/home/lucas/catkin_ws/install/learning_node_python/share/learning_node_python/package.sh'
[2.783s] Level 1:colcon.colcon_core.environment:create_file_with_runtime_dependencies(/home/lucas/catkin_ws/install/learning_node_python/share/colcon-core/packages/learning_node_python)
[2.783s] DEBUG:colcon.colcon_core.executor.sequential:run_until_complete 'learning_node_python' finished with '0'
[2.783s] DEBUG:colcon.colcon_core.executor.sequential:run_until_complete 'learning_parameter'
[2.783s] INFO:colcon.colcon_ros.task.ament_python.build:Building ROS package in '/home/lucas/catkin_ws/src/learning_parameter' with build type 'ament_python'
[2.783s] Level 1:colcon.colcon_core.shell:create_environment_hook('learning_parameter', 'ament_prefix_path')
[2.784s] INFO:colcon.colcon_core.shell:Creating environment descriptor '/home/lucas/catkin_ws/install/learning_parameter/share/learning_parameter/hook/ament_prefix_path.dsv'
[2.784s] INFO:colcon.colcon_core.shell:Creating environment hook '/home/lucas/catkin_ws/install/learning_parameter/share/learning_parameter/hook/ament_prefix_path.sh'
[2.785s] DEBUG:colcon.colcon_core.shell:Skip shell extension 'dsv' for command environment
[2.926s] INFO:colcon.colcon_core.task.python.build:Building Python package in '/home/lucas/catkin_ws/src/learning_parameter'
[2.927s] DEBUG:colcon.colcon_core.shell:Skip shell extension 'dsv' for command environment
[3.197s] DEBUG:colcon.colcon_core.event_handler.log_command:Invoking command in '/home/lucas/catkin_ws/src/learning_parameter': PYTHONPATH=/home/lucas/catkin_ws/install/learning_parameter/lib/python3.8/site-packages:${PYTHONPATH} /usr/bin/python3 setup.py egg_info --egg-base ../../build/learning_parameter build --build-base /home/lucas/catkin_ws/build/learning_parameter/build install --prefix /home/lucas/catkin_ws/install/learning_parameter --record /home/lucas/catkin_ws/build/learning_parameter/install.log --single-version-externally-managed
[3.475s] Level 1:colcon.colcon_core.environment:checking '/home/lucas/catkin_ws/install/learning_parameter' for CMake module files
[3.476s] Level 1:colcon.colcon_core.environment:checking '/home/lucas/catkin_ws/install/learning_parameter' for CMake config files
[3.476s] Level 1:colcon.colcon_core.environment:checking '/home/lucas/catkin_ws/install/learning_parameter/lib'
[3.476s] Level 1:colcon.colcon_core.environment:checking '/home/lucas/catkin_ws/install/learning_parameter/bin'
[3.476s] Level 1:colcon.colcon_core.environment:checking '/home/lucas/catkin_ws/install/learning_parameter/lib/pkgconfig/learning_parameter.pc'
[3.476s] Level 1:colcon.colcon_core.environment:checking '/home/lucas/catkin_ws/install/learning_parameter/lib/python3.8/site-packages'
[3.476s] Level 1:colcon.colcon_core.shell:create_environment_hook('learning_parameter', 'pythonpath')
[3.477s] INFO:colcon.colcon_core.shell:Creating environment descriptor '/home/lucas/catkin_ws/install/learning_parameter/share/learning_parameter/hook/pythonpath.dsv'
[3.477s] INFO:colcon.colcon_core.shell:Creating environment hook '/home/lucas/catkin_ws/install/learning_parameter/share/learning_parameter/hook/pythonpath.sh'
[3.477s] Level 1:colcon.colcon_core.environment:checking '/home/lucas/catkin_ws/install/learning_parameter/bin'
[3.477s] Level 1:colcon.colcon_core.environment:create_environment_scripts_only(learning_parameter)
[3.478s] INFO:colcon.colcon_core.shell:Creating package descriptor '/home/lucas/catkin_ws/install/learning_parameter/share/learning_parameter/package.dsv'
[3.478s] DEBUG:colcon.colcon_core.event_handler.log_command:Invoked command in '/home/lucas/catkin_ws/src/learning_parameter' returned '0': PYTHONPATH=/home/lucas/catkin_ws/install/learning_parameter/lib/python3.8/site-packages:${PYTHONPATH} /usr/bin/python3 setup.py egg_info --egg-base ../../build/learning_parameter build --build-base /home/lucas/catkin_ws/build/learning_parameter/build install --prefix /home/lucas/catkin_ws/install/learning_parameter --record /home/lucas/catkin_ws/build/learning_parameter/install.log --single-version-externally-managed
[3.478s] INFO:colcon.colcon_core.shell:Creating package script '/home/lucas/catkin_ws/install/learning_parameter/share/learning_parameter/package.sh'
[3.478s] Level 1:colcon.colcon_core.environment:create_file_with_runtime_dependencies(/home/lucas/catkin_ws/install/learning_parameter/share/colcon-core/packages/learning_parameter)
[3.479s] DEBUG:colcon.colcon_core.executor.sequential:run_until_complete 'learning_parameter' finished with '0'
[3.479s] DEBUG:colcon.colcon_core.executor.sequential:run_until_complete 'learning_pkg_c'
[3.479s] INFO:colcon.colcon_ros.task.ament_cmake.build:Building ROS package in '/home/lucas/catkin_ws/src/learning_pkg_c' with build type 'ament_cmake'
[3.479s] INFO:colcon.colcon_cmake.task.cmake.build:Building CMake package in '/home/lucas/catkin_ws/src/learning_pkg_c'
[3.479s] DEBUG:colcon.colcon_core.shell:Skip shell extension 'dsv' for command environment
[3.489s] DEBUG:colcon.colcon_core.event_handler.log_command:Invoking command in '/home/lucas/catkin_ws/build/learning_pkg_c': CMAKE_PREFIX_PATH=${CMAKE_PREFIX_PATH}:/home/lucas/catkin_ws/install/learning_topic:/home/lucas/catkin_ws/install/learning_service:/home/lucas/catkin_ws/install/learning_qos:/home/lucas/catkin_ws/install/learning_pkg_python:/home/lucas/catkin_ws/install/learning_parameter:/home/lucas/catkin_ws/install/learning_node_python:/home/lucas/catkin_ws/install/learning_launch:/home/lucas/catkin_ws/install/learning_action:/opt/ros/foxy /usr/bin/cmake --build /home/lucas/catkin_ws/build/learning_pkg_c -- -j2 -l2
[3.530s] DEBUG:colcon.colcon_core.event_handler.log_command:Invoked command in '/home/lucas/catkin_ws/build/learning_pkg_c' returned '0': CMAKE_PREFIX_PATH=${CMAKE_PREFIX_PATH}:/home/lucas/catkin_ws/install/learning_topic:/home/lucas/catkin_ws/install/learning_service:/home/lucas/catkin_ws/install/learning_qos:/home/lucas/catkin_ws/install/learning_pkg_python:/home/lucas/catkin_ws/install/learning_parameter:/home/lucas/catkin_ws/install/learning_node_python:/home/lucas/catkin_ws/install/learning_launch:/home/lucas/catkin_ws/install/learning_action:/opt/ros/foxy /usr/bin/cmake --build /home/lucas/catkin_ws/build/learning_pkg_c -- -j2 -l2
[3.554s] DEBUG:colcon.colcon_core.event_handler.log_command:Invoking command in '/home/lucas/catkin_ws/build/learning_pkg_c': CMAKE_PREFIX_PATH=${CMAKE_PREFIX_PATH}:/home/lucas/catkin_ws/install/learning_topic:/home/lucas/catkin_ws/install/learning_service:/home/lucas/catkin_ws/install/learning_qos:/home/lucas/catkin_ws/install/learning_pkg_python:/home/lucas/catkin_ws/install/learning_parameter:/home/lucas/catkin_ws/install/learning_node_python:/home/lucas/catkin_ws/install/learning_launch:/home/lucas/catkin_ws/install/learning_action:/opt/ros/foxy /usr/bin/cmake --install /home/lucas/catkin_ws/build/learning_pkg_c
[3.569s] Level 1:colcon.colcon_core.environment:create_environment_scripts_only(learning_pkg_c)
[3.569s] DEBUG:colcon.colcon_core.event_handler.log_command:Invoked command in '/home/lucas/catkin_ws/build/learning_pkg_c' returned '0': CMAKE_PREFIX_PATH=${CMAKE_PREFIX_PATH}:/home/lucas/catkin_ws/install/learning_topic:/home/lucas/catkin_ws/install/learning_service:/home/lucas/catkin_ws/install/learning_qos:/home/lucas/catkin_ws/install/learning_pkg_python:/home/lucas/catkin_ws/install/learning_parameter:/home/lucas/catkin_ws/install/learning_node_python:/home/lucas/catkin_ws/install/learning_launch:/home/lucas/catkin_ws/install/learning_action:/opt/ros/foxy /usr/bin/cmake --install /home/lucas/catkin_ws/build/learning_pkg_c
[3.571s] Level 1:colcon.colcon_core.environment:checking '/home/lucas/catkin_ws/install/learning_pkg_c' for CMake module files
[3.571s] Level 1:colcon.colcon_core.environment:checking '/home/lucas/catkin_ws/install/learning_pkg_c' for CMake config files
[3.571s] Level 1:colcon.colcon_core.shell:create_environment_hook('learning_pkg_c', 'cmake_prefix_path')
[3.572s] INFO:colcon.colcon_core.shell:Creating environment descriptor '/home/lucas/catkin_ws/install/learning_pkg_c/share/learning_pkg_c/hook/cmake_prefix_path.dsv'
[3.572s] INFO:colcon.colcon_core.shell:Creating environment hook '/home/lucas/catkin_ws/install/learning_pkg_c/share/learning_pkg_c/hook/cmake_prefix_path.sh'
[3.573s] Level 1:colcon.colcon_core.environment:checking '/home/lucas/catkin_ws/install/learning_pkg_c/bin'
[3.573s] Level 1:colcon.colcon_core.environment:checking '/home/lucas/catkin_ws/install/learning_pkg_c/lib/pkgconfig/learning_pkg_c.pc'
[3.573s] Level 1:colcon.colcon_core.environment:checking '/home/lucas/catkin_ws/install/learning_pkg_c/lib/python3.8/site-packages'
[3.573s] Level 1:colcon.colcon_core.environment:checking '/home/lucas/catkin_ws/install/learning_pkg_c/bin'
[3.573s] INFO:colcon.colcon_core.shell:Creating package descriptor '/home/lucas/catkin_ws/install/learning_pkg_c/share/learning_pkg_c/package.dsv'
[3.573s] INFO:colcon.colcon_core.shell:Creating package script '/home/lucas/catkin_ws/install/learning_pkg_c/share/learning_pkg_c/package.sh'
[3.574s] Level 1:colcon.colcon_core.environment:create_file_with_runtime_dependencies(/home/lucas/catkin_ws/install/learning_pkg_c/share/colcon-core/packages/learning_pkg_c)
[3.616s] Level 1:colcon.colcon_core.environment:create_environment_scripts_only(learning_pkg_c)
[3.617s] Level 1:colcon.colcon_core.environment:checking '/home/lucas/catkin_ws/install/learning_pkg_c' for CMake module files
[3.617s] Level 1:colcon.colcon_core.environment:checking '/home/lucas/catkin_ws/install/learning_pkg_c' for CMake config files
[3.618s] Level 1:colcon.colcon_core.shell:create_environment_hook('learning_pkg_c', 'cmake_prefix_path')
[3.618s] INFO:colcon.colcon_core.shell:Creating environment descriptor '/home/lucas/catkin_ws/install/learning_pkg_c/share/learning_pkg_c/hook/cmake_prefix_path.dsv'
[3.618s] INFO:colcon.colcon_core.shell:Creating environment hook '/home/lucas/catkin_ws/install/learning_pkg_c/share/learning_pkg_c/hook/cmake_prefix_path.sh'
[3.619s] Level 1:colcon.colcon_core.environment:checking '/home/lucas/catkin_ws/install/learning_pkg_c/bin'
[3.619s] Level 1:colcon.colcon_core.environment:checking '/home/lucas/catkin_ws/install/learning_pkg_c/lib/pkgconfig/learning_pkg_c.pc'
[3.619s] Level 1:colcon.colcon_core.environment:checking '/home/lucas/catkin_ws/install/learning_pkg_c/lib/python3.8/site-packages'
[3.619s] Level 1:colcon.colcon_core.environment:checking '/home/lucas/catkin_ws/install/learning_pkg_c/bin'
[3.619s] INFO:colcon.colcon_core.shell:Creating package descriptor '/home/lucas/catkin_ws/install/learning_pkg_c/share/learning_pkg_c/package.dsv'
[3.619s] INFO:colcon.colcon_core.shell:Creating package script '/home/lucas/catkin_ws/install/learning_pkg_c/share/learning_pkg_c/package.sh'
[3.620s] Level 1:colcon.colcon_core.environment:create_file_with_runtime_dependencies(/home/lucas/catkin_ws/install/learning_pkg_c/share/colcon-core/packages/learning_pkg_c)
[3.620s] DEBUG:colcon.colcon_core.executor.sequential:run_until_complete 'learning_pkg_c' finished with '0'
[3.620s] DEBUG:colcon.colcon_core.executor.sequential:run_until_complete 'learning_pkg_python'
[3.620s] INFO:colcon.colcon_ros.task.ament_python.build:Building ROS package in '/home/lucas/catkin_ws/src/learning_pkg_python' with build type 'ament_python'
[3.620s] Level 1:colcon.colcon_core.shell:create_environment_hook('learning_pkg_python', 'ament_prefix_path')
[3.620s] INFO:colcon.colcon_core.shell:Creating environment descriptor '/home/lucas/catkin_ws/install/learning_pkg_python/share/learning_pkg_python/hook/ament_prefix_path.dsv'
[3.621s] INFO:colcon.colcon_core.shell:Creating environment hook '/home/lucas/catkin_ws/install/learning_pkg_python/share/learning_pkg_python/hook/ament_prefix_path.sh'
[3.621s] DEBUG:colcon.colcon_core.shell:Skip shell extension 'dsv' for command environment
[3.754s] INFO:colcon.colcon_core.task.python.build:Building Python package in '/home/lucas/catkin_ws/src/learning_pkg_python'
[3.755s] DEBUG:colcon.colcon_core.shell:Skip shell extension 'dsv' for command environment
[4.000s] DEBUG:colcon.colcon_core.event_handler.log_command:Invoking command in '/home/lucas/catkin_ws/src/learning_pkg_python': PYTHONPATH=/home/lucas/catkin_ws/install/learning_pkg_python/lib/python3.8/site-packages:${PYTHONPATH} /usr/bin/python3 setup.py egg_info --egg-base ../../build/learning_pkg_python build --build-base /home/lucas/catkin_ws/build/learning_pkg_python/build install --prefix /home/lucas/catkin_ws/install/learning_pkg_python --record /home/lucas/catkin_ws/build/learning_pkg_python/install.log --single-version-externally-managed
[4.191s] Level 1:colcon.colcon_core.environment:checking '/home/lucas/catkin_ws/install/learning_pkg_python' for CMake module files
[4.191s] Level 1:colcon.colcon_core.environment:checking '/home/lucas/catkin_ws/install/learning_pkg_python' for CMake config files
[4.191s] Level 1:colcon.colcon_core.environment:checking '/home/lucas/catkin_ws/install/learning_pkg_python/lib'
[4.191s] Level 1:colcon.colcon_core.environment:checking '/home/lucas/catkin_ws/install/learning_pkg_python/bin'
[4.192s] Level 1:colcon.colcon_core.environment:checking '/home/lucas/catkin_ws/install/learning_pkg_python/lib/pkgconfig/learning_pkg_python.pc'
[4.192s] Level 1:colcon.colcon_core.environment:checking '/home/lucas/catkin_ws/install/learning_pkg_python/lib/python3.8/site-packages'
[4.192s] Level 1:colcon.colcon_core.shell:create_environment_hook('learning_pkg_python', 'pythonpath')
[4.192s] INFO:colcon.colcon_core.shell:Creating environment descriptor '/home/lucas/catkin_ws/install/learning_pkg_python/share/learning_pkg_python/hook/pythonpath.dsv'
[4.192s] INFO:colcon.colcon_core.shell:Creating environment hook '/home/lucas/catkin_ws/install/learning_pkg_python/share/learning_pkg_python/hook/pythonpath.sh'
[4.193s] DEBUG:colcon.colcon_core.event_handler.log_command:Invoked command in '/home/lucas/catkin_ws/src/learning_pkg_python' returned '0': PYTHONPATH=/home/lucas/catkin_ws/install/learning_pkg_python/lib/python3.8/site-packages:${PYTHONPATH} /usr/bin/python3 setup.py egg_info --egg-base ../../build/learning_pkg_python build --build-base /home/lucas/catkin_ws/build/learning_pkg_python/build install --prefix /home/lucas/catkin_ws/install/learning_pkg_python --record /home/lucas/catkin_ws/build/learning_pkg_python/install.log --single-version-externally-managed
[4.193s] Level 1:colcon.colcon_core.environment:checking '/home/lucas/catkin_ws/install/learning_pkg_python/bin'
[4.193s] Level 1:colcon.colcon_core.environment:create_environment_scripts_only(learning_pkg_python)
[4.193s] INFO:colcon.colcon_core.shell:Creating package descriptor '/home/lucas/catkin_ws/install/learning_pkg_python/share/learning_pkg_python/package.dsv'
[4.194s] INFO:colcon.colcon_core.shell:Creating package script '/home/lucas/catkin_ws/install/learning_pkg_python/share/learning_pkg_python/package.sh'
[4.194s] Level 1:colcon.colcon_core.environment:create_file_with_runtime_dependencies(/home/lucas/catkin_ws/install/learning_pkg_python/share/colcon-core/packages/learning_pkg_python)
[4.194s] DEBUG:colcon.colcon_core.executor.sequential:run_until_complete 'learning_pkg_python' finished with '0'
[4.194s] DEBUG:colcon.colcon_core.executor.sequential:run_until_complete 'learning_qos'
[4.194s] INFO:colcon.colcon_ros.task.ament_python.build:Building ROS package in '/home/lucas/catkin_ws/src/learning_qos' with build type 'ament_python'
[4.194s] Level 1:colcon.colcon_core.shell:create_environment_hook('learning_qos', 'ament_prefix_path')
[4.195s] INFO:colcon.colcon_core.shell:Creating environment descriptor '/home/lucas/catkin_ws/install/learning_qos/share/learning_qos/hook/ament_prefix_path.dsv'
[4.195s] INFO:colcon.colcon_core.shell:Creating environment hook '/home/lucas/catkin_ws/install/learning_qos/share/learning_qos/hook/ament_prefix_path.sh'
[4.196s] DEBUG:colcon.colcon_core.shell:Skip shell extension 'dsv' for command environment
[4.328s] INFO:colcon.colcon_core.task.python.build:Building Python package in '/home/lucas/catkin_ws/src/learning_qos'
[4.328s] DEBUG:colcon.colcon_core.shell:Skip shell extension 'dsv' for command environment
[4.563s] DEBUG:colcon.colcon_core.event_handler.log_command:Invoking command in '/home/lucas/catkin_ws/src/learning_qos': PYTHONPATH=/home/lucas/catkin_ws/install/learning_qos/lib/python3.8/site-packages:${PYTHONPATH} /usr/bin/python3 setup.py egg_info --egg-base ../../build/learning_qos build --build-base /home/lucas/catkin_ws/build/learning_qos/build install --prefix /home/lucas/catkin_ws/install/learning_qos --record /home/lucas/catkin_ws/build/learning_qos/install.log --single-version-externally-managed
[4.751s] Level 1:colcon.colcon_core.environment:checking '/home/lucas/catkin_ws/install/learning_qos' for CMake module files
[4.751s] Level 1:colcon.colcon_core.environment:checking '/home/lucas/catkin_ws/install/learning_qos' for CMake config files
[4.752s] Level 1:colcon.colcon_core.environment:checking '/home/lucas/catkin_ws/install/learning_qos/lib'
[4.752s] Level 1:colcon.colcon_core.environment:checking '/home/lucas/catkin_ws/install/learning_qos/bin'
[4.752s] Level 1:colcon.colcon_core.environment:checking '/home/lucas/catkin_ws/install/learning_qos/lib/pkgconfig/learning_qos.pc'
[4.752s] Level 1:colcon.colcon_core.environment:checking '/home/lucas/catkin_ws/install/learning_qos/lib/python3.8/site-packages'
[4.752s] Level 1:colcon.colcon_core.shell:create_environment_hook('learning_qos', 'pythonpath')
[4.752s] INFO:colcon.colcon_core.shell:Creating environment descriptor '/home/lucas/catkin_ws/install/learning_qos/share/learning_qos/hook/pythonpath.dsv'
[4.753s] INFO:colcon.colcon_core.shell:Creating environment hook '/home/lucas/catkin_ws/install/learning_qos/share/learning_qos/hook/pythonpath.sh'
[4.753s] Level 1:colcon.colcon_core.environment:checking '/home/lucas/catkin_ws/install/learning_qos/bin'
[4.753s] DEBUG:colcon.colcon_core.event_handler.log_command:Invoked command in '/home/lucas/catkin_ws/src/learning_qos' returned '0': PYTHONPATH=/home/lucas/catkin_ws/install/learning_qos/lib/python3.8/site-packages:${PYTHONPATH} /usr/bin/python3 setup.py egg_info --egg-base ../../build/learning_qos build --build-base /home/lucas/catkin_ws/build/learning_qos/build install --prefix /home/lucas/catkin_ws/install/learning_qos --record /home/lucas/catkin_ws/build/learning_qos/install.log --single-version-externally-managed
[4.753s] Level 1:colcon.colcon_core.environment:create_environment_scripts_only(learning_qos)
[4.753s] INFO:colcon.colcon_core.shell:Creating package descriptor '/home/lucas/catkin_ws/install/learning_qos/share/learning_qos/package.dsv'
[4.754s] INFO:colcon.colcon_core.shell:Creating package script '/home/lucas/catkin_ws/install/learning_qos/share/learning_qos/package.sh'
[4.754s] Level 1:colcon.colcon_core.environment:create_file_with_runtime_dependencies(/home/lucas/catkin_ws/install/learning_qos/share/colcon-core/packages/learning_qos)
[4.754s] DEBUG:colcon.colcon_core.executor.sequential:run_until_complete 'learning_qos' finished with '0'
[4.754s] DEBUG:colcon.colcon_core.executor.sequential:run_until_complete 'learning_tf'
[4.754s] INFO:colcon.colcon_ros.task.ament_python.build:Building ROS package in '/home/lucas/catkin_ws/src/learning_tf' with build type 'ament_python'
[4.754s] Level 1:colcon.colcon_core.shell:create_environment_hook('learning_tf', 'ament_prefix_path')
[4.755s] INFO:colcon.colcon_core.shell:Creating environment descriptor '/home/lucas/catkin_ws/install/learning_tf/share/learning_tf/hook/ament_prefix_path.dsv'
[4.755s] INFO:colcon.colcon_core.shell:Creating environment hook '/home/lucas/catkin_ws/install/learning_tf/share/learning_tf/hook/ament_prefix_path.sh'
[4.755s] DEBUG:colcon.colcon_core.shell:Skip shell extension 'dsv' for command environment
[4.953s] INFO:colcon.colcon_core.task.python.build:Building Python package in '/home/lucas/catkin_ws/src/learning_tf'
[4.954s] DEBUG:colcon.colcon_core.shell:Skip shell extension 'dsv' for command environment
[5.216s] DEBUG:colcon.colcon_core.event_handler.log_command:Invoking command in '/home/lucas/catkin_ws/src/learning_tf': PYTHONPATH=/home/lucas/catkin_ws/install/learning_tf/lib/python3.8/site-packages:${PYTHONPATH} /usr/bin/python3 setup.py egg_info --egg-base ../../build/learning_tf build --build-base /home/lucas/catkin_ws/build/learning_tf/build install --prefix /home/lucas/catkin_ws/install/learning_tf --record /home/lucas/catkin_ws/build/learning_tf/install.log --single-version-externally-managed
[5.412s] Level 1:colcon.colcon_core.environment:checking '/home/lucas/catkin_ws/install/learning_tf' for CMake module files
[5.412s] Level 1:colcon.colcon_core.environment:checking '/home/lucas/catkin_ws/install/learning_tf' for CMake config files
[5.412s] DEBUG:colcon.colcon_core.event_handler.log_command:Invoked command in '/home/lucas/catkin_ws/src/learning_tf' returned '0': PYTHONPATH=/home/lucas/catkin_ws/install/learning_tf/lib/python3.8/site-packages:${PYTHONPATH} /usr/bin/python3 setup.py egg_info --egg-base ../../build/learning_tf build --build-base /home/lucas/catkin_ws/build/learning_tf/build install --prefix /home/lucas/catkin_ws/install/learning_tf --record /home/lucas/catkin_ws/build/learning_tf/install.log --single-version-externally-managed
[5.413s] Level 1:colcon.colcon_core.environment:checking '/home/lucas/catkin_ws/install/learning_tf/lib'
[5.413s] Level 1:colcon.colcon_core.environment:checking '/home/lucas/catkin_ws/install/learning_tf/bin'
[5.413s] Level 1:colcon.colcon_core.environment:checking '/home/lucas/catkin_ws/install/learning_tf/lib/pkgconfig/learning_tf.pc'
[5.413s] Level 1:colcon.colcon_core.environment:checking '/home/lucas/catkin_ws/install/learning_tf/lib/python3.8/site-packages'
[5.413s] Level 1:colcon.colcon_core.shell:create_environment_hook('learning_tf', 'pythonpath')
[5.413s] INFO:colcon.colcon_core.shell:Creating environment descriptor '/home/lucas/catkin_ws/install/learning_tf/share/learning_tf/hook/pythonpath.dsv'
[5.414s] INFO:colcon.colcon_core.shell:Creating environment hook '/home/lucas/catkin_ws/install/learning_tf/share/learning_tf/hook/pythonpath.sh'
[5.414s] Level 1:colcon.colcon_core.environment:checking '/home/lucas/catkin_ws/install/learning_tf/bin'
[5.414s] Level 1:colcon.colcon_core.environment:create_environment_scripts_only(learning_tf)
[5.415s] INFO:colcon.colcon_core.shell:Creating package descriptor '/home/lucas/catkin_ws/install/learning_tf/share/learning_tf/package.dsv'
[5.415s] INFO:colcon.colcon_core.shell:Creating package script '/home/lucas/catkin_ws/install/learning_tf/share/learning_tf/package.sh'
[5.415s] Level 1:colcon.colcon_core.environment:create_file_with_runtime_dependencies(/home/lucas/catkin_ws/install/learning_tf/share/colcon-core/packages/learning_tf)
[5.415s] DEBUG:colcon.colcon_core.executor.sequential:run_until_complete 'learning_tf' finished with '0'
[5.415s] DEBUG:colcon.colcon_core.executor.sequential:run_until_complete 'learning_topic'
[5.418s] INFO:colcon.colcon_ros.task.ament_python.build:Building ROS package in '/home/lucas/catkin_ws/src/learning_topic' with build type 'ament_python'
[5.418s] Level 1:colcon.colcon_core.shell:create_environment_hook('learning_topic', 'ament_prefix_path')
[5.419s] INFO:colcon.colcon_core.shell:Creating environment descriptor '/home/lucas/catkin_ws/install/learning_topic/share/learning_topic/hook/ament_prefix_path.dsv'
[5.419s] INFO:colcon.colcon_core.shell:Creating environment hook '/home/lucas/catkin_ws/install/learning_topic/share/learning_topic/hook/ament_prefix_path.sh'
[5.420s] DEBUG:colcon.colcon_core.shell:Skip shell extension 'dsv' for command environment
[5.558s] INFO:colcon.colcon_core.task.python.build:Building Python package in '/home/lucas/catkin_ws/src/learning_topic'
[5.559s] DEBUG:colcon.colcon_core.shell:Skip shell extension 'dsv' for command environment
[5.807s] DEBUG:colcon.colcon_core.event_handler.log_command:Invoking command in '/home/lucas/catkin_ws/src/learning_topic': PYTHONPATH=/home/lucas/catkin_ws/install/learning_topic/lib/python3.8/site-packages:${PYTHONPATH} /usr/bin/python3 setup.py egg_info --egg-base ../../build/learning_topic build --build-base /home/lucas/catkin_ws/build/learning_topic/build install --prefix /home/lucas/catkin_ws/install/learning_topic --record /home/lucas/catkin_ws/build/learning_topic/install.log --single-version-externally-managed
[6.013s] Level 1:colcon.colcon_core.environment:checking '/home/lucas/catkin_ws/install/learning_topic' for CMake module files
[6.013s] DEBUG:colcon.colcon_core.event_handler.log_command:Invoked command in '/home/lucas/catkin_ws/src/learning_topic' returned '0': PYTHONPATH=/home/lucas/catkin_ws/install/learning_topic/lib/python3.8/site-packages:${PYTHONPATH} /usr/bin/python3 setup.py egg_info --egg-base ../../build/learning_topic build --build-base /home/lucas/catkin_ws/build/learning_topic/build install --prefix /home/lucas/catkin_ws/install/learning_topic --record /home/lucas/catkin_ws/build/learning_topic/install.log --single-version-externally-managed
[6.014s] Level 1:colcon.colcon_core.environment:checking '/home/lucas/catkin_ws/install/learning_topic' for CMake config files
[6.014s] Level 1:colcon.colcon_core.environment:checking '/home/lucas/catkin_ws/install/learning_topic/lib'
[6.015s] Level 1:colcon.colcon_core.environment:checking '/home/lucas/catkin_ws/install/learning_topic/bin'
[6.015s] Level 1:colcon.colcon_core.environment:checking '/home/lucas/catkin_ws/install/learning_topic/lib/pkgconfig/learning_topic.pc'
[6.015s] Level 1:colcon.colcon_core.environment:checking '/home/lucas/catkin_ws/install/learning_topic/lib/python3.8/site-packages'
[6.015s] Level 1:colcon.colcon_core.shell:create_environment_hook('learning_topic', 'pythonpath')
[6.015s] INFO:colcon.colcon_core.shell:Creating environment descriptor '/home/lucas/catkin_ws/install/learning_topic/share/learning_topic/hook/pythonpath.dsv'
[6.016s] INFO:colcon.colcon_core.shell:Creating environment hook '/home/lucas/catkin_ws/install/learning_topic/share/learning_topic/hook/pythonpath.sh'
[6.016s] Level 1:colcon.colcon_core.environment:checking '/home/lucas/catkin_ws/install/learning_topic/bin'
[6.016s] Level 1:colcon.colcon_core.environment:create_environment_scripts_only(learning_topic)
[6.017s] INFO:colcon.colcon_core.shell:Creating package descriptor '/home/lucas/catkin_ws/install/learning_topic/share/learning_topic/package.dsv'
[6.017s] INFO:colcon.colcon_core.shell:Creating package script '/home/lucas/catkin_ws/install/learning_topic/share/learning_topic/package.sh'
[6.017s] Level 1:colcon.colcon_core.environment:create_file_with_runtime_dependencies(/home/lucas/catkin_ws/install/learning_topic/share/colcon-core/packages/learning_topic)
[6.018s] DEBUG:colcon.colcon_core.executor.sequential:run_until_complete 'learning_topic' finished with '0'
[6.018s] DEBUG:colcon.colcon_core.executor.sequential:run_until_complete 'learning_service'
[6.018s] INFO:colcon.colcon_ros.task.ament_python.build:Building ROS package in '/home/lucas/catkin_ws/src/learning_service' with build type 'ament_python'
[6.018s] Level 1:colcon.colcon_core.shell:create_environment_hook('learning_service', 'ament_prefix_path')
[6.018s] INFO:colcon.colcon_core.shell:Creating environment descriptor '/home/lucas/catkin_ws/install/learning_service/share/learning_service/hook/ament_prefix_path.dsv'
[6.019s] INFO:colcon.colcon_core.shell:Creating environment hook '/home/lucas/catkin_ws/install/learning_service/share/learning_service/hook/ament_prefix_path.sh'
[6.019s] DEBUG:colcon.colcon_core.shell:Skip shell extension 'dsv' for command environment
[6.161s] INFO:colcon.colcon_core.task.python.build:Building Python package in '/home/lucas/catkin_ws/src/learning_service'
[6.162s] DEBUG:colcon.colcon_core.shell:Skip shell extension 'dsv' for command environment
[6.538s] DEBUG:colcon.colcon_core.event_handler.log_command:Invoking command in '/home/lucas/catkin_ws/src/learning_service': CMAKE_PREFIX_PATH=/home/lucas/catkin_ws/install/learning_interface:/home/lucas/catkin_ws/install/learning_pkg_c PYTHONPATH=/home/lucas/catkin_ws/install/learning_service/lib/python3.8/site-packages:/home/lucas/catkin_ws/install/learning_interface/lib/python3.8/site-packages:/home/lucas/catkin_ws/install/learning_topic/lib/python3.8/site-packages:/home/lucas/catkin_ws/install/learning_service/lib/python3.8/site-packages:/home/lucas/catkin_ws/install/learning_qos/lib/python3.8/site-packages:/home/lucas/catkin_ws/install/learning_pkg_python/lib/python3.8/site-packages:/home/lucas/catkin_ws/install/learning_parameter/lib/python3.8/site-packages:/home/lucas/catkin_ws/install/learning_node_python/lib/python3.8/site-packages:/home/lucas/catkin_ws/install/learning_launch/lib/python3.8/site-packages:/home/lucas/catkin_ws/install/learning_action/lib/python3.8/site-packages:/opt/ros/foxy/lib/python3.8/site-packages /usr/bin/python3 setup.py egg_info --egg-base ../../build/learning_service build --build-base /home/lucas/catkin_ws/build/learning_service/build install --prefix /home/lucas/catkin_ws/install/learning_service --record /home/lucas/catkin_ws/build/learning_service/install.log --single-version-externally-managed
[6.732s] Level 1:colcon.colcon_core.environment:checking '/home/lucas/catkin_ws/install/learning_service' for CMake module files
[6.733s] Level 1:colcon.colcon_core.environment:checking '/home/lucas/catkin_ws/install/learning_service' for CMake config files
[6.733s] Level 1:colcon.colcon_core.environment:checking '/home/lucas/catkin_ws/install/learning_service/lib'
[6.733s] Level 1:colcon.colcon_core.environment:checking '/home/lucas/catkin_ws/install/learning_service/bin'
[6.733s] Level 1:colcon.colcon_core.environment:checking '/home/lucas/catkin_ws/install/learning_service/lib/pkgconfig/learning_service.pc'
[6.733s] Level 1:colcon.colcon_core.environment:checking '/home/lucas/catkin_ws/install/learning_service/lib/python3.8/site-packages'
[6.733s] Level 1:colcon.colcon_core.shell:create_environment_hook('learning_service', 'pythonpath')
[6.734s] INFO:colcon.colcon_core.shell:Creating environment descriptor '/home/lucas/catkin_ws/install/learning_service/share/learning_service/hook/pythonpath.dsv'
[6.734s] INFO:colcon.colcon_core.shell:Creating environment hook '/home/lucas/catkin_ws/install/learning_service/share/learning_service/hook/pythonpath.sh'
[6.735s] DEBUG:colcon.colcon_core.event_handler.log_command:Invoked command in '/home/lucas/catkin_ws/src/learning_service' returned '0': CMAKE_PREFIX_PATH=/home/lucas/catkin_ws/install/learning_interface:/home/lucas/catkin_ws/install/learning_pkg_c PYTHONPATH=/home/lucas/catkin_ws/install/learning_service/lib/python3.8/site-packages:/home/lucas/catkin_ws/install/learning_interface/lib/python3.8/site-packages:/home/lucas/catkin_ws/install/learning_topic/lib/python3.8/site-packages:/home/lucas/catkin_ws/install/learning_service/lib/python3.8/site-packages:/home/lucas/catkin_ws/install/learning_qos/lib/python3.8/site-packages:/home/lucas/catkin_ws/install/learning_pkg_python/lib/python3.8/site-packages:/home/lucas/catkin_ws/install/learning_parameter/lib/python3.8/site-packages:/home/lucas/catkin_ws/install/learning_node_python/lib/python3.8/site-packages:/home/lucas/catkin_ws/install/learning_launch/lib/python3.8/site-packages:/home/lucas/catkin_ws/install/learning_action/lib/python3.8/site-packages:/opt/ros/foxy/lib/python3.8/site-packages /usr/bin/python3 setup.py egg_info --egg-base ../../build/learning_service build --build-base /home/lucas/catkin_ws/build/learning_service/build install --prefix /home/lucas/catkin_ws/install/learning_service --record /home/lucas/catkin_ws/build/learning_service/install.log --single-version-externally-managed
[6.735s] Level 1:colcon.colcon_core.environment:checking '/home/lucas/catkin_ws/install/learning_service/bin'
[6.735s] Level 1:colcon.colcon_core.environment:create_environment_scripts_only(learning_service)
[6.735s] INFO:colcon.colcon_core.shell:Creating package descriptor '/home/lucas/catkin_ws/install/learning_service/share/learning_service/package.dsv'
[6.736s] INFO:colcon.colcon_core.shell:Creating package script '/home/lucas/catkin_ws/install/learning_service/share/learning_service/package.sh'
[6.736s] Level 1:colcon.colcon_core.environment:create_file_with_runtime_dependencies(/home/lucas/catkin_ws/install/learning_service/share/colcon-core/packages/learning_service)
[6.736s] DEBUG:colcon.colcon_core.executor.sequential:run_until_complete 'learning_service' finished with '0'
[6.736s] DEBUG:colcon.colcon_core.executor.sequential:closing loop
[6.736s] DEBUG:colcon.colcon_core.executor.sequential:loop closed
[6.737s] DEBUG:colcon.colcon_core.event_reactor:joining thread
[6.737s] DEBUG:colcon.colcon_core.event_reactor:joined thread
[6.737s] INFO:colcon.colcon_core.shell:Creating prefix script '/home/lucas/catkin_ws/install/local_setup.sh'
[6.738s] INFO:colcon.colcon_core.shell:Creating prefix util module '/home/lucas/catkin_ws/install/_local_setup_util_sh.py'
[6.739s] INFO:colcon.colcon_core.shell:Creating prefix chain script '/home/lucas/catkin_ws/install/setup.sh'
