[0.035s] DEBUG:colcon:Command line arguments: ['/usr/bin/colcon', 'build']
[0.035s] DEBUG:colcon:Parsed command line arguments: Namespace(ament_cmake_args=None, base_paths=['.'], build_base='build', catkin_cmake_args=None, catkin_skip_building_tests=False, cmake_args=None, cmake_clean_cache=False, cmake_clean_first=False, cmake_force_configure=False, cmake_target=None, cmake_target_skip_unavailable=False, continue_on_error=False, event_handlers=None, executor='sequential', install_base='install', log_base=None, log_level=None, main=<bound method BuildVerb.main of <colcon_core.verb.build.BuildVerb object at 0xffffaae4ee50>>, merge_install=False, paths=None, symlink_install=False, test_result_base=None, verb_extension=<colcon_core.verb.build.BuildVerb object at 0xffffaae4ee50>, verb_name='build', verb_parser=CustomArgumentParser(prog='colcon build', usage=None, description='Build a set of packages.', formatter_class=<class 'colcon_core.command.CustomFormatter'>, conflict_handler='error', add_help=True))
[0.050s] Level 1:colcon.colcon_core.package_discovery:discover_packages(recursive) check parameters
[0.050s] Level 1:colcon.colcon_core.package_discovery:discover_packages(path) check parameters
[0.050s] Level 1:colcon.colcon_core.package_discovery:discover_packages(recursive) discover
[0.050s] INFO:colcon.colcon_core.package_discovery:Crawling recursively for packages in '/home/lucas/catkin_ws'
[0.050s] Level 1:colcon.colcon_core.package_identification:_identify(.) by extensions ['ignore', 'ignore_ament_install']
[0.050s] Level 1:colcon.colcon_core.package_identification:_identify(.) by extension 'ignore'
[0.050s] Level 1:colcon.colcon_core.package_identification:_identify(.) by extension 'ignore_ament_install'
[0.050s] Level 1:colcon.colcon_core.package_identification:_identify(.) by extensions ['ros']
[0.050s] Level 1:colcon.colcon_core.package_identification:_identify(.) by extension 'ros'
[0.056s] Level 1:colcon.colcon_core.package_identification:_identify(.) by extensions ['cmake', 'python']
[0.056s] Level 1:colcon.colcon_core.package_identification:_identify(.) by extension 'cmake'
[0.056s] Level 1:colcon.colcon_core.package_identification:_identify(.) by extension 'python'
[0.056s] Level 1:colcon.colcon_core.package_identification:_identify(.) by extensions ['python_setup_py']
[0.056s] Level 1:colcon.colcon_core.package_identification:_identify(.) by extension 'python_setup_py'
[0.057s] Level 1:colcon.colcon_core.package_identification:_identify(build) by extensions ['ignore', 'ignore_ament_install']
[0.057s] Level 1:colcon.colcon_core.package_identification:_identify(build) by extension 'ignore'
[0.057s] Level 1:colcon.colcon_core.package_identification:_identify(build) ignored
[0.057s] Level 1:colcon.colcon_core.package_identification:_identify(install) by extensions ['ignore', 'ignore_ament_install']
[0.057s] Level 1:colcon.colcon_core.package_identification:_identify(install) by extension 'ignore'
[0.057s] Level 1:colcon.colcon_core.package_identification:_identify(install) ignored
[0.057s] Level 1:colcon.colcon_core.package_identification:_identify(log) by extensions ['ignore', 'ignore_ament_install']
[0.057s] Level 1:colcon.colcon_core.package_identification:_identify(log) by extension 'ignore'
[0.057s] Level 1:colcon.colcon_core.package_identification:_identify(log) ignored
[0.057s] Level 1:colcon.colcon_core.package_identification:_identify(src) by extensions ['ignore', 'ignore_ament_install']
[0.057s] Level 1:colcon.colcon_core.package_identification:_identify(src) by extension 'ignore'
[0.057s] Level 1:colcon.colcon_core.package_identification:_identify(src) by extension 'ignore_ament_install'
[0.057s] Level 1:colcon.colcon_core.package_identification:_identify(src) by extensions ['ros']
[0.057s] Level 1:colcon.colcon_core.package_identification:_identify(src) by extension 'ros'
[0.057s] Level 1:colcon.colcon_core.package_identification:_identify(src) by extensions ['cmake', 'python']
[0.057s] Level 1:colcon.colcon_core.package_identification:_identify(src) by extension 'cmake'
[0.057s] Level 1:colcon.colcon_core.package_identification:_identify(src) by extension 'python'
[0.057s] Level 1:colcon.colcon_core.package_identification:_identify(src) by extensions ['python_setup_py']
[0.057s] Level 1:colcon.colcon_core.package_identification:_identify(src) by extension 'python_setup_py'
[0.057s] Level 1:colcon.colcon_core.package_identification:_identify(src/learning_action) by extensions ['ignore', 'ignore_ament_install']
[0.057s] Level 1:colcon.colcon_core.package_identification:_identify(src/learning_action) by extension 'ignore'
[0.057s] Level 1:colcon.colcon_core.package_identification:_identify(src/learning_action) by extension 'ignore_ament_install'
[0.057s] Level 1:colcon.colcon_core.package_identification:_identify(src/learning_action) by extensions ['ros']
[0.057s] Level 1:colcon.colcon_core.package_identification:_identify(src/learning_action) by extension 'ros'
[0.059s] DEBUG:colcon.colcon_core.package_identification:Package 'src/learning_action' with type 'ros.ament_python' and name 'learning_action'
[0.059s] Level 1:colcon.colcon_core.package_identification:_identify(src/learning_interface) by extensions ['ignore', 'ignore_ament_install']
[0.059s] Level 1:colcon.colcon_core.package_identification:_identify(src/learning_interface) by extension 'ignore'
[0.059s] Level 1:colcon.colcon_core.package_identification:_identify(src/learning_interface) by extension 'ignore_ament_install'
[0.059s] Level 1:colcon.colcon_core.package_identification:_identify(src/learning_interface) by extensions ['ros']
[0.059s] Level 1:colcon.colcon_core.package_identification:_identify(src/learning_interface) by extension 'ros'
[0.059s] DEBUG:colcon.colcon_core.package_identification:Package 'src/learning_interface' with type 'ros.ament_cmake' and name 'learning_interface'
[0.059s] Level 1:colcon.colcon_core.package_identification:_identify(src/learning_launch) by extensions ['ignore', 'ignore_ament_install']
[0.059s] Level 1:colcon.colcon_core.package_identification:_identify(src/learning_launch) by extension 'ignore'
[0.060s] Level 1:colcon.colcon_core.package_identification:_identify(src/learning_launch) by extension 'ignore_ament_install'
[0.060s] Level 1:colcon.colcon_core.package_identification:_identify(src/learning_launch) by extensions ['ros']
[0.060s] Level 1:colcon.colcon_core.package_identification:_identify(src/learning_launch) by extension 'ros'
[0.060s] DEBUG:colcon.colcon_core.package_identification:Package 'src/learning_launch' with type 'ros.ament_python' and name 'learning_launch'
[0.060s] Level 1:colcon.colcon_core.package_identification:_identify(src/learning_node_python) by extensions ['ignore', 'ignore_ament_install']
[0.060s] Level 1:colcon.colcon_core.package_identification:_identify(src/learning_node_python) by extension 'ignore'
[0.060s] Level 1:colcon.colcon_core.package_identification:_identify(src/learning_node_python) by extension 'ignore_ament_install'
[0.060s] Level 1:colcon.colcon_core.package_identification:_identify(src/learning_node_python) by extensions ['ros']
[0.060s] Level 1:colcon.colcon_core.package_identification:_identify(src/learning_node_python) by extension 'ros'
[0.060s] DEBUG:colcon.colcon_core.package_identification:Package 'src/learning_node_python' with type 'ros.ament_python' and name 'learning_node_python'
[0.060s] Level 1:colcon.colcon_core.package_identification:_identify(src/learning_parameter) by extensions ['ignore', 'ignore_ament_install']
[0.060s] Level 1:colcon.colcon_core.package_identification:_identify(src/learning_parameter) by extension 'ignore'
[0.060s] Level 1:colcon.colcon_core.package_identification:_identify(src/learning_parameter) by extension 'ignore_ament_install'
[0.060s] Level 1:colcon.colcon_core.package_identification:_identify(src/learning_parameter) by extensions ['ros']
[0.060s] Level 1:colcon.colcon_core.package_identification:_identify(src/learning_parameter) by extension 'ros'
[0.061s] DEBUG:colcon.colcon_core.package_identification:Package 'src/learning_parameter' with type 'ros.ament_python' and name 'learning_parameter'
[0.061s] Level 1:colcon.colcon_core.package_identification:_identify(src/learning_pkg_c) by extensions ['ignore', 'ignore_ament_install']
[0.061s] Level 1:colcon.colcon_core.package_identification:_identify(src/learning_pkg_c) by extension 'ignore'
[0.061s] Level 1:colcon.colcon_core.package_identification:_identify(src/learning_pkg_c) by extension 'ignore_ament_install'
[0.061s] Level 1:colcon.colcon_core.package_identification:_identify(src/learning_pkg_c) by extensions ['ros']
[0.061s] Level 1:colcon.colcon_core.package_identification:_identify(src/learning_pkg_c) by extension 'ros'
[0.061s] DEBUG:colcon.colcon_core.package_identification:Package 'src/learning_pkg_c' with type 'ros.ament_cmake' and name 'learning_pkg_c'
[0.061s] Level 1:colcon.colcon_core.package_identification:_identify(src/learning_pkg_python) by extensions ['ignore', 'ignore_ament_install']
[0.061s] Level 1:colcon.colcon_core.package_identification:_identify(src/learning_pkg_python) by extension 'ignore'
[0.061s] Level 1:colcon.colcon_core.package_identification:_identify(src/learning_pkg_python) by extension 'ignore_ament_install'
[0.061s] Level 1:colcon.colcon_core.package_identification:_identify(src/learning_pkg_python) by extensions ['ros']
[0.061s] Level 1:colcon.colcon_core.package_identification:_identify(src/learning_pkg_python) by extension 'ros'
[0.062s] DEBUG:colcon.colcon_core.package_identification:Package 'src/learning_pkg_python' with type 'ros.ament_python' and name 'learning_pkg_python'
[0.062s] Level 1:colcon.colcon_core.package_identification:_identify(src/learning_qos) by extensions ['ignore', 'ignore_ament_install']
[0.062s] Level 1:colcon.colcon_core.package_identification:_identify(src/learning_qos) by extension 'ignore'
[0.062s] Level 1:colcon.colcon_core.package_identification:_identify(src/learning_qos) by extension 'ignore_ament_install'
[0.062s] Level 1:colcon.colcon_core.package_identification:_identify(src/learning_qos) by extensions ['ros']
[0.062s] Level 1:colcon.colcon_core.package_identification:_identify(src/learning_qos) by extension 'ros'
[0.062s] DEBUG:colcon.colcon_core.package_identification:Package 'src/learning_qos' with type 'ros.ament_python' and name 'learning_qos'
[0.062s] Level 1:colcon.colcon_core.package_identification:_identify(src/learning_service) by extensions ['ignore', 'ignore_ament_install']
[0.062s] Level 1:colcon.colcon_core.package_identification:_identify(src/learning_service) by extension 'ignore'
[0.062s] Level 1:colcon.colcon_core.package_identification:_identify(src/learning_service) by extension 'ignore_ament_install'
[0.062s] Level 1:colcon.colcon_core.package_identification:_identify(src/learning_service) by extensions ['ros']
[0.062s] Level 1:colcon.colcon_core.package_identification:_identify(src/learning_service) by extension 'ros'
[0.062s] DEBUG:colcon.colcon_core.package_identification:Package 'src/learning_service' with type 'ros.ament_python' and name 'learning_service'
[0.063s] Level 1:colcon.colcon_core.package_identification:_identify(src/learning_topic) by extensions ['ignore', 'ignore_ament_install']
[0.063s] Level 1:colcon.colcon_core.package_identification:_identify(src/learning_topic) by extension 'ignore'
[0.063s] Level 1:colcon.colcon_core.package_identification:_identify(src/learning_topic) by extension 'ignore_ament_install'
[0.063s] Level 1:colcon.colcon_core.package_identification:_identify(src/learning_topic) by extensions ['ros']
[0.063s] Level 1:colcon.colcon_core.package_identification:_identify(src/learning_topic) by extension 'ros'
[0.063s] DEBUG:colcon.colcon_core.package_identification:Package 'src/learning_topic' with type 'ros.ament_python' and name 'learning_topic'
[0.063s] Level 1:colcon.colcon_core.package_discovery:discover_packages(recursive) using defaults
[0.063s] Level 1:colcon.colcon_core.package_discovery:discover_packages(path) discover
[0.063s] Level 1:colcon.colcon_core.package_discovery:discover_packages(path) using defaults
[0.084s] Level 5:colcon.colcon_core.verb:set package 'learning_action' build argument 'cmake_args' from command line to 'None'
[0.084s] Level 5:colcon.colcon_core.verb:set package 'learning_action' build argument 'cmake_target' from command line to 'None'
[0.084s] Level 5:colcon.colcon_core.verb:set package 'learning_action' build argument 'cmake_target_skip_unavailable' from command line to 'False'
[0.084s] Level 5:colcon.colcon_core.verb:set package 'learning_action' build argument 'cmake_clean_cache' from command line to 'False'
[0.084s] Level 5:colcon.colcon_core.verb:set package 'learning_action' build argument 'cmake_clean_first' from command line to 'False'
[0.084s] Level 5:colcon.colcon_core.verb:set package 'learning_action' build argument 'cmake_force_configure' from command line to 'False'
[0.084s] Level 5:colcon.colcon_core.verb:set package 'learning_action' build argument 'ament_cmake_args' from command line to 'None'
[0.084s] Level 5:colcon.colcon_core.verb:set package 'learning_action' build argument 'catkin_cmake_args' from command line to 'None'
[0.084s] Level 5:colcon.colcon_core.verb:set package 'learning_action' build argument 'catkin_skip_building_tests' from command line to 'False'
[0.084s] DEBUG:colcon.colcon_core.verb:Building package 'learning_action' with the following arguments: {'ament_cmake_args': None, 'build_base': '/home/lucas/catkin_ws/build/learning_action', 'catkin_cmake_args': None, 'catkin_skip_building_tests': False, 'cmake_args': None, 'cmake_clean_cache': False, 'cmake_clean_first': False, 'cmake_force_configure': False, 'cmake_target': None, 'cmake_target_skip_unavailable': False, 'install_base': '/home/lucas/catkin_ws/install/learning_action', 'merge_install': False, 'path': '/home/lucas/catkin_ws/src/learning_action', 'symlink_install': False, 'test_result_base': None}
[0.085s] Level 5:colcon.colcon_core.verb:set package 'learning_interface' build argument 'cmake_args' from command line to 'None'
[0.085s] Level 5:colcon.colcon_core.verb:set package 'learning_interface' build argument 'cmake_target' from command line to 'None'
[0.085s] Level 5:colcon.colcon_core.verb:set package 'learning_interface' build argument 'cmake_target_skip_unavailable' from command line to 'False'
[0.085s] Level 5:colcon.colcon_core.verb:set package 'learning_interface' build argument 'cmake_clean_cache' from command line to 'False'
[0.085s] Level 5:colcon.colcon_core.verb:set package 'learning_interface' build argument 'cmake_clean_first' from command line to 'False'
[0.085s] Level 5:colcon.colcon_core.verb:set package 'learning_interface' build argument 'cmake_force_configure' from command line to 'False'
[0.085s] Level 5:colcon.colcon_core.verb:set package 'learning_interface' build argument 'ament_cmake_args' from command line to 'None'
[0.085s] Level 5:colcon.colcon_core.verb:set package 'learning_interface' build argument 'catkin_cmake_args' from command line to 'None'
[0.085s] Level 5:colcon.colcon_core.verb:set package 'learning_interface' build argument 'catkin_skip_building_tests' from command line to 'False'
[0.085s] DEBUG:colcon.colcon_core.verb:Building package 'learning_interface' with the following arguments: {'ament_cmake_args': None, 'build_base': '/home/lucas/catkin_ws/build/learning_interface', 'catkin_cmake_args': None, 'catkin_skip_building_tests': False, 'cmake_args': None, 'cmake_clean_cache': False, 'cmake_clean_first': False, 'cmake_force_configure': False, 'cmake_target': None, 'cmake_target_skip_unavailable': False, 'install_base': '/home/lucas/catkin_ws/install/learning_interface', 'merge_install': False, 'path': '/home/lucas/catkin_ws/src/learning_interface', 'symlink_install': False, 'test_result_base': None}
[0.085s] Level 5:colcon.colcon_core.verb:set package 'learning_launch' build argument 'cmake_args' from command line to 'None'
[0.085s] Level 5:colcon.colcon_core.verb:set package 'learning_launch' build argument 'cmake_target' from command line to 'None'
[0.085s] Level 5:colcon.colcon_core.verb:set package 'learning_launch' build argument 'cmake_target_skip_unavailable' from command line to 'False'
[0.085s] Level 5:colcon.colcon_core.verb:set package 'learning_launch' build argument 'cmake_clean_cache' from command line to 'False'
[0.085s] Level 5:colcon.colcon_core.verb:set package 'learning_launch' build argument 'cmake_clean_first' from command line to 'False'
[0.085s] Level 5:colcon.colcon_core.verb:set package 'learning_launch' build argument 'cmake_force_configure' from command line to 'False'
[0.085s] Level 5:colcon.colcon_core.verb:set package 'learning_launch' build argument 'ament_cmake_args' from command line to 'None'
[0.085s] Level 5:colcon.colcon_core.verb:set package 'learning_launch' build argument 'catkin_cmake_args' from command line to 'None'
[0.085s] Level 5:colcon.colcon_core.verb:set package 'learning_launch' build argument 'catkin_skip_building_tests' from command line to 'False'
[0.085s] DEBUG:colcon.colcon_core.verb:Building package 'learning_launch' with the following arguments: {'ament_cmake_args': None, 'build_base': '/home/lucas/catkin_ws/build/learning_launch', 'catkin_cmake_args': None, 'catkin_skip_building_tests': False, 'cmake_args': None, 'cmake_clean_cache': False, 'cmake_clean_first': False, 'cmake_force_configure': False, 'cmake_target': None, 'cmake_target_skip_unavailable': False, 'install_base': '/home/lucas/catkin_ws/install/learning_launch', 'merge_install': False, 'path': '/home/lucas/catkin_ws/src/learning_launch', 'symlink_install': False, 'test_result_base': None}
[0.086s] Level 5:colcon.colcon_core.verb:set package 'learning_node_python' build argument 'cmake_args' from command line to 'None'
[0.086s] Level 5:colcon.colcon_core.verb:set package 'learning_node_python' build argument 'cmake_target' from command line to 'None'
[0.086s] Level 5:colcon.colcon_core.verb:set package 'learning_node_python' build argument 'cmake_target_skip_unavailable' from command line to 'False'
[0.086s] Level 5:colcon.colcon_core.verb:set package 'learning_node_python' build argument 'cmake_clean_cache' from command line to 'False'
[0.086s] Level 5:colcon.colcon_core.verb:set package 'learning_node_python' build argument 'cmake_clean_first' from command line to 'False'
[0.086s] Level 5:colcon.colcon_core.verb:set package 'learning_node_python' build argument 'cmake_force_configure' from command line to 'False'
[0.086s] Level 5:colcon.colcon_core.verb:set package 'learning_node_python' build argument 'ament_cmake_args' from command line to 'None'
[0.086s] Level 5:colcon.colcon_core.verb:set package 'learning_node_python' build argument 'catkin_cmake_args' from command line to 'None'
[0.086s] Level 5:colcon.colcon_core.verb:set package 'learning_node_python' build argument 'catkin_skip_building_tests' from command line to 'False'
[0.086s] DEBUG:colcon.colcon_core.verb:Building package 'learning_node_python' with the following arguments: {'ament_cmake_args': None, 'build_base': '/home/lucas/catkin_ws/build/learning_node_python', 'catkin_cmake_args': None, 'catkin_skip_building_tests': False, 'cmake_args': None, 'cmake_clean_cache': False, 'cmake_clean_first': False, 'cmake_force_configure': False, 'cmake_target': None, 'cmake_target_skip_unavailable': False, 'install_base': '/home/lucas/catkin_ws/install/learning_node_python', 'merge_install': False, 'path': '/home/lucas/catkin_ws/src/learning_node_python', 'symlink_install': False, 'test_result_base': None}
[0.086s] Level 5:colcon.colcon_core.verb:set package 'learning_parameter' build argument 'cmake_args' from command line to 'None'
[0.086s] Level 5:colcon.colcon_core.verb:set package 'learning_parameter' build argument 'cmake_target' from command line to 'None'
[0.086s] Level 5:colcon.colcon_core.verb:set package 'learning_parameter' build argument 'cmake_target_skip_unavailable' from command line to 'False'
[0.086s] Level 5:colcon.colcon_core.verb:set package 'learning_parameter' build argument 'cmake_clean_cache' from command line to 'False'
[0.086s] Level 5:colcon.colcon_core.verb:set package 'learning_parameter' build argument 'cmake_clean_first' from command line to 'False'
[0.086s] Level 5:colcon.colcon_core.verb:set package 'learning_parameter' build argument 'cmake_force_configure' from command line to 'False'
[0.086s] Level 5:colcon.colcon_core.verb:set package 'learning_parameter' build argument 'ament_cmake_args' from command line to 'None'
[0.086s] Level 5:colcon.colcon_core.verb:set package 'learning_parameter' build argument 'catkin_cmake_args' from command line to 'None'
[0.086s] Level 5:colcon.colcon_core.verb:set package 'learning_parameter' build argument 'catkin_skip_building_tests' from command line to 'False'
[0.086s] DEBUG:colcon.colcon_core.verb:Building package 'learning_parameter' with the following arguments: {'ament_cmake_args': None, 'build_base': '/home/lucas/catkin_ws/build/learning_parameter', 'catkin_cmake_args': None, 'catkin_skip_building_tests': False, 'cmake_args': None, 'cmake_clean_cache': False, 'cmake_clean_first': False, 'cmake_force_configure': False, 'cmake_target': None, 'cmake_target_skip_unavailable': False, 'install_base': '/home/lucas/catkin_ws/install/learning_parameter', 'merge_install': False, 'path': '/home/lucas/catkin_ws/src/learning_parameter', 'symlink_install': False, 'test_result_base': None}
[0.087s] Level 5:colcon.colcon_core.verb:set package 'learning_pkg_c' build argument 'cmake_args' from command line to 'None'
[0.087s] Level 5:colcon.colcon_core.verb:set package 'learning_pkg_c' build argument 'cmake_target' from command line to 'None'
[0.087s] Level 5:colcon.colcon_core.verb:set package 'learning_pkg_c' build argument 'cmake_target_skip_unavailable' from command line to 'False'
[0.087s] Level 5:colcon.colcon_core.verb:set package 'learning_pkg_c' build argument 'cmake_clean_cache' from command line to 'False'
[0.087s] Level 5:colcon.colcon_core.verb:set package 'learning_pkg_c' build argument 'cmake_clean_first' from command line to 'False'
[0.087s] Level 5:colcon.colcon_core.verb:set package 'learning_pkg_c' build argument 'cmake_force_configure' from command line to 'False'
[0.087s] Level 5:colcon.colcon_core.verb:set package 'learning_pkg_c' build argument 'ament_cmake_args' from command line to 'None'
[0.087s] Level 5:colcon.colcon_core.verb:set package 'learning_pkg_c' build argument 'catkin_cmake_args' from command line to 'None'
[0.087s] Level 5:colcon.colcon_core.verb:set package 'learning_pkg_c' build argument 'catkin_skip_building_tests' from command line to 'False'
[0.087s] DEBUG:colcon.colcon_core.verb:Building package 'learning_pkg_c' with the following arguments: {'ament_cmake_args': None, 'build_base': '/home/lucas/catkin_ws/build/learning_pkg_c', 'catkin_cmake_args': None, 'catkin_skip_building_tests': False, 'cmake_args': None, 'cmake_clean_cache': False, 'cmake_clean_first': False, 'cmake_force_configure': False, 'cmake_target': None, 'cmake_target_skip_unavailable': False, 'install_base': '/home/lucas/catkin_ws/install/learning_pkg_c', 'merge_install': False, 'path': '/home/lucas/catkin_ws/src/learning_pkg_c', 'symlink_install': False, 'test_result_base': None}
[0.087s] Level 5:colcon.colcon_core.verb:set package 'learning_pkg_python' build argument 'cmake_args' from command line to 'None'
[0.087s] Level 5:colcon.colcon_core.verb:set package 'learning_pkg_python' build argument 'cmake_target' from command line to 'None'
[0.087s] Level 5:colcon.colcon_core.verb:set package 'learning_pkg_python' build argument 'cmake_target_skip_unavailable' from command line to 'False'
[0.088s] Level 5:colcon.colcon_core.verb:set package 'learning_pkg_python' build argument 'cmake_clean_cache' from command line to 'False'
[0.088s] Level 5:colcon.colcon_core.verb:set package 'learning_pkg_python' build argument 'cmake_clean_first' from command line to 'False'
[0.088s] Level 5:colcon.colcon_core.verb:set package 'learning_pkg_python' build argument 'cmake_force_configure' from command line to 'False'
[0.088s] Level 5:colcon.colcon_core.verb:set package 'learning_pkg_python' build argument 'ament_cmake_args' from command line to 'None'
[0.088s] Level 5:colcon.colcon_core.verb:set package 'learning_pkg_python' build argument 'catkin_cmake_args' from command line to 'None'
[0.088s] Level 5:colcon.colcon_core.verb:set package 'learning_pkg_python' build argument 'catkin_skip_building_tests' from command line to 'False'
[0.088s] DEBUG:colcon.colcon_core.verb:Building package 'learning_pkg_python' with the following arguments: {'ament_cmake_args': None, 'build_base': '/home/lucas/catkin_ws/build/learning_pkg_python', 'catkin_cmake_args': None, 'catkin_skip_building_tests': False, 'cmake_args': None, 'cmake_clean_cache': False, 'cmake_clean_first': False, 'cmake_force_configure': False, 'cmake_target': None, 'cmake_target_skip_unavailable': False, 'install_base': '/home/lucas/catkin_ws/install/learning_pkg_python', 'merge_install': False, 'path': '/home/lucas/catkin_ws/src/learning_pkg_python', 'symlink_install': False, 'test_result_base': None}
[0.088s] Level 5:colcon.colcon_core.verb:set package 'learning_qos' build argument 'cmake_args' from command line to 'None'
[0.088s] Level 5:colcon.colcon_core.verb:set package 'learning_qos' build argument 'cmake_target' from command line to 'None'
[0.088s] Level 5:colcon.colcon_core.verb:set package 'learning_qos' build argument 'cmake_target_skip_unavailable' from command line to 'False'
[0.088s] Level 5:colcon.colcon_core.verb:set package 'learning_qos' build argument 'cmake_clean_cache' from command line to 'False'
[0.088s] Level 5:colcon.colcon_core.verb:set package 'learning_qos' build argument 'cmake_clean_first' from command line to 'False'
[0.088s] Level 5:colcon.colcon_core.verb:set package 'learning_qos' build argument 'cmake_force_configure' from command line to 'False'
[0.088s] Level 5:colcon.colcon_core.verb:set package 'learning_qos' build argument 'ament_cmake_args' from command line to 'None'
[0.088s] Level 5:colcon.colcon_core.verb:set package 'learning_qos' build argument 'catkin_cmake_args' from command line to 'None'
[0.088s] Level 5:colcon.colcon_core.verb:set package 'learning_qos' build argument 'catkin_skip_building_tests' from command line to 'False'
[0.088s] DEBUG:colcon.colcon_core.verb:Building package 'learning_qos' with the following arguments: {'ament_cmake_args': None, 'build_base': '/home/lucas/catkin_ws/build/learning_qos', 'catkin_cmake_args': None, 'catkin_skip_building_tests': False, 'cmake_args': None, 'cmake_clean_cache': False, 'cmake_clean_first': False, 'cmake_force_configure': False, 'cmake_target': None, 'cmake_target_skip_unavailable': False, 'install_base': '/home/lucas/catkin_ws/install/learning_qos', 'merge_install': False, 'path': '/home/lucas/catkin_ws/src/learning_qos', 'symlink_install': False, 'test_result_base': None}
[0.089s] Level 5:colcon.colcon_core.verb:set package 'learning_topic' build argument 'cmake_args' from command line to 'None'
[0.089s] Level 5:colcon.colcon_core.verb:set package 'learning_topic' build argument 'cmake_target' from command line to 'None'
[0.089s] Level 5:colcon.colcon_core.verb:set package 'learning_topic' build argument 'cmake_target_skip_unavailable' from command line to 'False'
[0.089s] Level 5:colcon.colcon_core.verb:set package 'learning_topic' build argument 'cmake_clean_cache' from command line to 'False'
[0.089s] Level 5:colcon.colcon_core.verb:set package 'learning_topic' build argument 'cmake_clean_first' from command line to 'False'
[0.089s] Level 5:colcon.colcon_core.verb:set package 'learning_topic' build argument 'cmake_force_configure' from command line to 'False'
[0.089s] Level 5:colcon.colcon_core.verb:set package 'learning_topic' build argument 'ament_cmake_args' from command line to 'None'
[0.089s] Level 5:colcon.colcon_core.verb:set package 'learning_topic' build argument 'catkin_cmake_args' from command line to 'None'
[0.089s] Level 5:colcon.colcon_core.verb:set package 'learning_topic' build argument 'catkin_skip_building_tests' from command line to 'False'
[0.089s] DEBUG:colcon.colcon_core.verb:Building package 'learning_topic' with the following arguments: {'ament_cmake_args': None, 'build_base': '/home/lucas/catkin_ws/build/learning_topic', 'catkin_cmake_args': None, 'catkin_skip_building_tests': False, 'cmake_args': None, 'cmake_clean_cache': False, 'cmake_clean_first': False, 'cmake_force_configure': False, 'cmake_target': None, 'cmake_target_skip_unavailable': False, 'install_base': '/home/lucas/catkin_ws/install/learning_topic', 'merge_install': False, 'path': '/home/lucas/catkin_ws/src/learning_topic', 'symlink_install': False, 'test_result_base': None}
[0.089s] Level 5:colcon.colcon_core.verb:set package 'learning_service' build argument 'cmake_args' from command line to 'None'
[0.089s] Level 5:colcon.colcon_core.verb:set package 'learning_service' build argument 'cmake_target' from command line to 'None'
[0.089s] Level 5:colcon.colcon_core.verb:set package 'learning_service' build argument 'cmake_target_skip_unavailable' from command line to 'False'
[0.089s] Level 5:colcon.colcon_core.verb:set package 'learning_service' build argument 'cmake_clean_cache' from command line to 'False'
[0.089s] Level 5:colcon.colcon_core.verb:set package 'learning_service' build argument 'cmake_clean_first' from command line to 'False'
[0.089s] Level 5:colcon.colcon_core.verb:set package 'learning_service' build argument 'cmake_force_configure' from command line to 'False'
[0.089s] Level 5:colcon.colcon_core.verb:set package 'learning_service' build argument 'ament_cmake_args' from command line to 'None'
[0.089s] Level 5:colcon.colcon_core.verb:set package 'learning_service' build argument 'catkin_cmake_args' from command line to 'None'
[0.089s] Level 5:colcon.colcon_core.verb:set package 'learning_service' build argument 'catkin_skip_building_tests' from command line to 'False'
[0.089s] DEBUG:colcon.colcon_core.verb:Building package 'learning_service' with the following arguments: {'ament_cmake_args': None, 'build_base': '/home/lucas/catkin_ws/build/learning_service', 'catkin_cmake_args': None, 'catkin_skip_building_tests': False, 'cmake_args': None, 'cmake_clean_cache': False, 'cmake_clean_first': False, 'cmake_force_configure': False, 'cmake_target': None, 'cmake_target_skip_unavailable': False, 'install_base': '/home/lucas/catkin_ws/install/learning_service', 'merge_install': False, 'path': '/home/lucas/catkin_ws/src/learning_service', 'symlink_install': False, 'test_result_base': None}
[0.090s] INFO:colcon.colcon_core.executor:Executing jobs using 'sequential' executor
[0.091s] DEBUG:colcon.colcon_core.executor.sequential:run_until_complete 'learning_action'
[0.091s] INFO:colcon.colcon_ros.task.ament_python.build:Building ROS package in '/home/lucas/catkin_ws/src/learning_action' with build type 'ament_python'
[0.091s] Level 1:colcon.colcon_core.shell:create_environment_hook('learning_action', 'ament_prefix_path')
[0.093s] INFO:colcon.colcon_core.plugin_system:Skipping extension 'colcon_core.shell.bat': Not used on non-Windows systems
[0.093s] INFO:colcon.colcon_core.shell:Creating environment descriptor '/home/lucas/catkin_ws/install/learning_action/share/learning_action/hook/ament_prefix_path.dsv'
[0.093s] INFO:colcon.colcon_core.shell:Creating environment hook '/home/lucas/catkin_ws/install/learning_action/share/learning_action/hook/ament_prefix_path.sh'
[0.094s] DEBUG:colcon.colcon_core.shell:Skip shell extension 'dsv' for command environment
[0.215s] INFO:colcon.colcon_core.task.python.build:Building Python package in '/home/lucas/catkin_ws/src/learning_action'
[0.216s] DEBUG:colcon.colcon_core.shell:Skip shell extension 'dsv' for command environment
[0.437s] DEBUG:colcon.colcon_core.event_handler.log_command:Invoking command in '/home/lucas/catkin_ws/src/learning_action': PYTHONPATH=/home/lucas/catkin_ws/install/learning_action/lib/python3.8/site-packages:${PYTHONPATH} /usr/bin/python3 setup.py egg_info --egg-base ../../build/learning_action build --build-base /home/lucas/catkin_ws/build/learning_action/build install --prefix /home/lucas/catkin_ws/install/learning_action --record /home/lucas/catkin_ws/build/learning_action/install.log --single-version-externally-managed
[0.585s] DEBUG:colcon.colcon_core.event_handler.log_command:Invoked command in '/home/lucas/catkin_ws/src/learning_action' returned '0': PYTHONPATH=/home/lucas/catkin_ws/install/learning_action/lib/python3.8/site-packages:${PYTHONPATH} /usr/bin/python3 setup.py egg_info --egg-base ../../build/learning_action build --build-base /home/lucas/catkin_ws/build/learning_action/build install --prefix /home/lucas/catkin_ws/install/learning_action --record /home/lucas/catkin_ws/build/learning_action/install.log --single-version-externally-managed
[0.588s] Level 1:colcon.colcon_core.environment:checking '/home/lucas/catkin_ws/install/learning_action' for CMake module files
[0.588s] Level 1:colcon.colcon_core.environment:checking '/home/lucas/catkin_ws/install/learning_action' for CMake config files
[0.589s] Level 1:colcon.colcon_core.environment:checking '/home/lucas/catkin_ws/install/learning_action/lib'
[0.589s] Level 1:colcon.colcon_core.environment:checking '/home/lucas/catkin_ws/install/learning_action/bin'
[0.589s] Level 1:colcon.colcon_core.environment:checking '/home/lucas/catkin_ws/install/learning_action/lib/pkgconfig/learning_action.pc'
[0.589s] Level 1:colcon.colcon_core.environment:checking '/home/lucas/catkin_ws/install/learning_action/lib/python3.8/site-packages'
[0.589s] Level 1:colcon.colcon_core.shell:create_environment_hook('learning_action', 'pythonpath')
[0.589s] INFO:colcon.colcon_core.shell:Creating environment descriptor '/home/lucas/catkin_ws/install/learning_action/share/learning_action/hook/pythonpath.dsv'
[0.590s] INFO:colcon.colcon_core.shell:Creating environment hook '/home/lucas/catkin_ws/install/learning_action/share/learning_action/hook/pythonpath.sh'
[0.590s] Level 1:colcon.colcon_core.environment:checking '/home/lucas/catkin_ws/install/learning_action/bin'
[0.590s] Level 1:colcon.colcon_core.environment:create_environment_scripts_only(learning_action)
[0.591s] INFO:colcon.colcon_core.shell:Creating package descriptor '/home/lucas/catkin_ws/install/learning_action/share/learning_action/package.dsv'
[0.591s] INFO:colcon.colcon_core.shell:Creating package script '/home/lucas/catkin_ws/install/learning_action/share/learning_action/package.sh'
[0.591s] Level 1:colcon.colcon_core.environment:create_file_with_runtime_dependencies(/home/lucas/catkin_ws/install/learning_action/share/colcon-core/packages/learning_action)
[0.592s] DEBUG:colcon.colcon_core.executor.sequential:run_until_complete 'learning_action' finished with '0'
[0.592s] DEBUG:colcon.colcon_core.executor.sequential:run_until_complete 'learning_interface'
[0.592s] INFO:colcon.colcon_ros.task.ament_cmake.build:Building ROS package in '/home/lucas/catkin_ws/src/learning_interface' with build type 'ament_cmake'
[0.592s] INFO:colcon.colcon_cmake.task.cmake.build:Building CMake package in '/home/lucas/catkin_ws/src/learning_interface'
[0.592s] DEBUG:colcon.colcon_core.shell:Skip shell extension 'dsv' for command environment
[0.598s] DEBUG:colcon.colcon_core.event_handler.log_command:Invoking command in '/home/lucas/catkin_ws/build/learning_interface': CMAKE_PREFIX_PATH=${CMAKE_PREFIX_PATH}:/home/lucas/catkin_ws/install/learning_launch:/home/lucas/catkin_ws/install/learning_topic:/home/lucas/catkin_ws/install/learning_service:/home/lucas/catkin_ws/install/learning_qos:/home/lucas/catkin_ws/install/learning_pkg_python:/home/lucas/catkin_ws/install/learning_parameter:/home/lucas/catkin_ws/install/learning_node_python:/home/lucas/catkin_ws/install/learning_action:/opt/ros/foxy /usr/bin/cmake --build /home/lucas/catkin_ws/build/learning_interface -- -j2 -l2
[0.923s] DEBUG:colcon.colcon_core.event_handler.log_command:Invoked command in '/home/lucas/catkin_ws/build/learning_interface' returned '0': CMAKE_PREFIX_PATH=${CMAKE_PREFIX_PATH}:/home/lucas/catkin_ws/install/learning_launch:/home/lucas/catkin_ws/install/learning_topic:/home/lucas/catkin_ws/install/learning_service:/home/lucas/catkin_ws/install/learning_qos:/home/lucas/catkin_ws/install/learning_pkg_python:/home/lucas/catkin_ws/install/learning_parameter:/home/lucas/catkin_ws/install/learning_node_python:/home/lucas/catkin_ws/install/learning_action:/opt/ros/foxy /usr/bin/cmake --build /home/lucas/catkin_ws/build/learning_interface -- -j2 -l2
[1.003s] DEBUG:colcon.colcon_core.event_handler.log_command:Invoking command in '/home/lucas/catkin_ws/build/learning_interface': CMAKE_PREFIX_PATH=${CMAKE_PREFIX_PATH}:/home/lucas/catkin_ws/install/learning_launch:/home/lucas/catkin_ws/install/learning_topic:/home/lucas/catkin_ws/install/learning_service:/home/lucas/catkin_ws/install/learning_qos:/home/lucas/catkin_ws/install/learning_pkg_python:/home/lucas/catkin_ws/install/learning_parameter:/home/lucas/catkin_ws/install/learning_node_python:/home/lucas/catkin_ws/install/learning_action:/opt/ros/foxy /usr/bin/cmake --install /home/lucas/catkin_ws/build/learning_interface
[1.044s] Level 1:colcon.colcon_core.environment:create_environment_scripts_only(learning_interface)
[1.046s] Level 1:colcon.colcon_core.environment:checking '/home/lucas/catkin_ws/install/learning_interface' for CMake module files
[1.046s] Level 1:colcon.colcon_core.environment:checking '/home/lucas/catkin_ws/install/learning_interface' for CMake config files
[1.046s] Level 1:colcon.colcon_core.shell:create_environment_hook('learning_interface', 'cmake_prefix_path')
[1.047s] INFO:colcon.colcon_core.shell:Creating environment descriptor '/home/lucas/catkin_ws/install/learning_interface/share/learning_interface/hook/cmake_prefix_path.dsv'
[1.047s] INFO:colcon.colcon_core.shell:Creating environment hook '/home/lucas/catkin_ws/install/learning_interface/share/learning_interface/hook/cmake_prefix_path.sh'
[1.047s] DEBUG:colcon.colcon_core.event_handler.log_command:Invoked command in '/home/lucas/catkin_ws/build/learning_interface' returned '0': CMAKE_PREFIX_PATH=${CMAKE_PREFIX_PATH}:/home/lucas/catkin_ws/install/learning_launch:/home/lucas/catkin_ws/install/learning_topic:/home/lucas/catkin_ws/install/learning_service:/home/lucas/catkin_ws/install/learning_qos:/home/lucas/catkin_ws/install/learning_pkg_python:/home/lucas/catkin_ws/install/learning_parameter:/home/lucas/catkin_ws/install/learning_node_python:/home/lucas/catkin_ws/install/learning_action:/opt/ros/foxy /usr/bin/cmake --install /home/lucas/catkin_ws/build/learning_interface
[1.048s] Level 1:colcon.colcon_core.environment:checking '/home/lucas/catkin_ws/install/learning_interface/lib'
[1.048s] Level 1:colcon.colcon_core.shell:create_environment_hook('learning_interface', 'ld_library_path_lib')
[1.048s] INFO:colcon.colcon_core.shell:Creating environment descriptor '/home/lucas/catkin_ws/install/learning_interface/share/learning_interface/hook/ld_library_path_lib.dsv'
[1.049s] INFO:colcon.colcon_core.shell:Creating environment hook '/home/lucas/catkin_ws/install/learning_interface/share/learning_interface/hook/ld_library_path_lib.sh'
[1.049s] Level 1:colcon.colcon_core.environment:checking '/home/lucas/catkin_ws/install/learning_interface/bin'
[1.049s] Level 1:colcon.colcon_core.environment:checking '/home/lucas/catkin_ws/install/learning_interface/lib/pkgconfig/learning_interface.pc'
[1.049s] Level 1:colcon.colcon_core.environment:checking '/home/lucas/catkin_ws/install/learning_interface/lib/python3.8/site-packages'
[1.049s] Level 1:colcon.colcon_core.shell:create_environment_hook('learning_interface', 'pythonpath')
[1.049s] INFO:colcon.colcon_core.shell:Creating environment descriptor '/home/lucas/catkin_ws/install/learning_interface/share/learning_interface/hook/pythonpath.dsv'
[1.050s] INFO:colcon.colcon_core.shell:Creating environment hook '/home/lucas/catkin_ws/install/learning_interface/share/learning_interface/hook/pythonpath.sh'
[1.050s] Level 1:colcon.colcon_core.environment:checking '/home/lucas/catkin_ws/install/learning_interface/bin'
[1.050s] INFO:colcon.colcon_core.shell:Creating package descriptor '/home/lucas/catkin_ws/install/learning_interface/share/learning_interface/package.dsv'
[1.050s] INFO:colcon.colcon_core.shell:Creating package script '/home/lucas/catkin_ws/install/learning_interface/share/learning_interface/package.sh'
[1.051s] Level 1:colcon.colcon_core.environment:create_file_with_runtime_dependencies(/home/lucas/catkin_ws/install/learning_interface/share/colcon-core/packages/learning_interface)
[1.112s] Level 1:colcon.colcon_core.environment:create_environment_scripts_only(learning_interface)
[1.113s] Level 1:colcon.colcon_core.environment:checking '/home/lucas/catkin_ws/install/learning_interface' for CMake module files
[1.113s] Level 1:colcon.colcon_core.environment:checking '/home/lucas/catkin_ws/install/learning_interface' for CMake config files
[1.114s] Level 1:colcon.colcon_core.shell:create_environment_hook('learning_interface', 'cmake_prefix_path')
[1.114s] INFO:colcon.colcon_core.shell:Creating environment descriptor '/home/lucas/catkin_ws/install/learning_interface/share/learning_interface/hook/cmake_prefix_path.dsv'
[1.115s] INFO:colcon.colcon_core.shell:Creating environment hook '/home/lucas/catkin_ws/install/learning_interface/share/learning_interface/hook/cmake_prefix_path.sh'
[1.115s] Level 1:colcon.colcon_core.environment:checking '/home/lucas/catkin_ws/install/learning_interface/lib'
[1.115s] Level 1:colcon.colcon_core.shell:create_environment_hook('learning_interface', 'ld_library_path_lib')
[1.115s] INFO:colcon.colcon_core.shell:Creating environment descriptor '/home/lucas/catkin_ws/install/learning_interface/share/learning_interface/hook/ld_library_path_lib.dsv'
[1.115s] INFO:colcon.colcon_core.shell:Creating environment hook '/home/lucas/catkin_ws/install/learning_interface/share/learning_interface/hook/ld_library_path_lib.sh'
[1.116s] Level 1:colcon.colcon_core.environment:checking '/home/lucas/catkin_ws/install/learning_interface/bin'
[1.116s] Level 1:colcon.colcon_core.environment:checking '/home/lucas/catkin_ws/install/learning_interface/lib/pkgconfig/learning_interface.pc'
[1.116s] Level 1:colcon.colcon_core.environment:checking '/home/lucas/catkin_ws/install/learning_interface/lib/python3.8/site-packages'
[1.116s] Level 1:colcon.colcon_core.shell:create_environment_hook('learning_interface', 'pythonpath')
[1.116s] INFO:colcon.colcon_core.shell:Creating environment descriptor '/home/lucas/catkin_ws/install/learning_interface/share/learning_interface/hook/pythonpath.dsv'
[1.116s] INFO:colcon.colcon_core.shell:Creating environment hook '/home/lucas/catkin_ws/install/learning_interface/share/learning_interface/hook/pythonpath.sh'
[1.117s] Level 1:colcon.colcon_core.environment:checking '/home/lucas/catkin_ws/install/learning_interface/bin'
[1.117s] INFO:colcon.colcon_core.shell:Creating package descriptor '/home/lucas/catkin_ws/install/learning_interface/share/learning_interface/package.dsv'
[1.117s] INFO:colcon.colcon_core.shell:Creating package script '/home/lucas/catkin_ws/install/learning_interface/share/learning_interface/package.sh'
[1.117s] Level 1:colcon.colcon_core.environment:create_file_with_runtime_dependencies(/home/lucas/catkin_ws/install/learning_interface/share/colcon-core/packages/learning_interface)
[1.118s] DEBUG:colcon.colcon_core.executor.sequential:run_until_complete 'learning_interface' finished with '0'
[1.118s] DEBUG:colcon.colcon_core.executor.sequential:run_until_complete 'learning_launch'
[1.118s] INFO:colcon.colcon_ros.task.ament_python.build:Building ROS package in '/home/lucas/catkin_ws/src/learning_launch' with build type 'ament_python'
[1.118s] Level 1:colcon.colcon_core.shell:create_environment_hook('learning_launch', 'ament_prefix_path')
[1.118s] INFO:colcon.colcon_core.shell:Creating environment descriptor '/home/lucas/catkin_ws/install/learning_launch/share/learning_launch/hook/ament_prefix_path.dsv'
[1.118s] INFO:colcon.colcon_core.shell:Creating environment hook '/home/lucas/catkin_ws/install/learning_launch/share/learning_launch/hook/ament_prefix_path.sh'
[1.119s] DEBUG:colcon.colcon_core.shell:Skip shell extension 'dsv' for command environment
[1.236s] INFO:colcon.colcon_core.task.python.build:Building Python package in '/home/lucas/catkin_ws/src/learning_launch'
[1.237s] DEBUG:colcon.colcon_core.shell:Skip shell extension 'dsv' for command environment
[1.500s] DEBUG:colcon.colcon_core.event_handler.log_command:Invoking command in '/home/lucas/catkin_ws/src/learning_launch': PYTHONPATH=/home/lucas/catkin_ws/install/learning_launch/lib/python3.8/site-packages:${PYTHONPATH} /usr/bin/python3 setup.py egg_info --egg-base ../../build/learning_launch build --build-base /home/lucas/catkin_ws/build/learning_launch/build install --prefix /home/lucas/catkin_ws/install/learning_launch --record /home/lucas/catkin_ws/build/learning_launch/install.log --single-version-externally-managed
[1.898s] Level 1:colcon.colcon_core.environment:checking '/home/lucas/catkin_ws/install/learning_launch' for CMake module files
[1.899s] Level 1:colcon.colcon_core.environment:checking '/home/lucas/catkin_ws/install/learning_launch' for CMake config files
[1.899s] Level 1:colcon.colcon_core.environment:checking '/home/lucas/catkin_ws/install/learning_launch/lib'
[1.899s] Level 1:colcon.colcon_core.environment:checking '/home/lucas/catkin_ws/install/learning_launch/bin'
[1.899s] Level 1:colcon.colcon_core.environment:checking '/home/lucas/catkin_ws/install/learning_launch/lib/pkgconfig/learning_launch.pc'
[1.899s] Level 1:colcon.colcon_core.environment:checking '/home/lucas/catkin_ws/install/learning_launch/lib/python3.8/site-packages'
[1.899s] Level 1:colcon.colcon_core.shell:create_environment_hook('learning_launch', 'pythonpath')
[1.900s] INFO:colcon.colcon_core.shell:Creating environment descriptor '/home/lucas/catkin_ws/install/learning_launch/share/learning_launch/hook/pythonpath.dsv'
[1.900s] INFO:colcon.colcon_core.shell:Creating environment hook '/home/lucas/catkin_ws/install/learning_launch/share/learning_launch/hook/pythonpath.sh'
[1.900s] DEBUG:colcon.colcon_core.event_handler.log_command:Invoked command in '/home/lucas/catkin_ws/src/learning_launch' returned '0': PYTHONPATH=/home/lucas/catkin_ws/install/learning_launch/lib/python3.8/site-packages:${PYTHONPATH} /usr/bin/python3 setup.py egg_info --egg-base ../../build/learning_launch build --build-base /home/lucas/catkin_ws/build/learning_launch/build install --prefix /home/lucas/catkin_ws/install/learning_launch --record /home/lucas/catkin_ws/build/learning_launch/install.log --single-version-externally-managed
[1.901s] Level 1:colcon.colcon_core.environment:checking '/home/lucas/catkin_ws/install/learning_launch/bin'
[1.901s] Level 1:colcon.colcon_core.environment:create_environment_scripts_only(learning_launch)
[1.901s] INFO:colcon.colcon_core.shell:Creating package descriptor '/home/lucas/catkin_ws/install/learning_launch/share/learning_launch/package.dsv'
[1.902s] INFO:colcon.colcon_core.shell:Creating package script '/home/lucas/catkin_ws/install/learning_launch/share/learning_launch/package.sh'
[1.902s] Level 1:colcon.colcon_core.environment:create_file_with_runtime_dependencies(/home/lucas/catkin_ws/install/learning_launch/share/colcon-core/packages/learning_launch)
[1.902s] DEBUG:colcon.colcon_core.executor.sequential:run_until_complete 'learning_launch' finished with '0'
[1.902s] DEBUG:colcon.colcon_core.executor.sequential:run_until_complete 'learning_node_python'
[1.902s] INFO:colcon.colcon_ros.task.ament_python.build:Building ROS package in '/home/lucas/catkin_ws/src/learning_node_python' with build type 'ament_python'
[1.902s] Level 1:colcon.colcon_core.shell:create_environment_hook('learning_node_python', 'ament_prefix_path')
[1.903s] INFO:colcon.colcon_core.shell:Creating environment descriptor '/home/lucas/catkin_ws/install/learning_node_python/share/learning_node_python/hook/ament_prefix_path.dsv'
[1.903s] INFO:colcon.colcon_core.shell:Creating environment hook '/home/lucas/catkin_ws/install/learning_node_python/share/learning_node_python/hook/ament_prefix_path.sh'
[1.904s] DEBUG:colcon.colcon_core.shell:Skip shell extension 'dsv' for command environment
[2.048s] INFO:colcon.colcon_core.task.python.build:Building Python package in '/home/lucas/catkin_ws/src/learning_node_python'
[2.049s] DEBUG:colcon.colcon_core.shell:Skip shell extension 'dsv' for command environment
[2.274s] DEBUG:colcon.colcon_core.event_handler.log_command:Invoking command in '/home/lucas/catkin_ws/src/learning_node_python': PYTHONPATH=/home/lucas/catkin_ws/install/learning_node_python/lib/python3.8/site-packages:${PYTHONPATH} /usr/bin/python3 setup.py egg_info --egg-base ../../build/learning_node_python build --build-base /home/lucas/catkin_ws/build/learning_node_python/build install --prefix /home/lucas/catkin_ws/install/learning_node_python --record /home/lucas/catkin_ws/build/learning_node_python/install.log --single-version-externally-managed
[2.447s] Level 1:colcon.colcon_core.environment:checking '/home/lucas/catkin_ws/install/learning_node_python' for CMake module files
[2.447s] DEBUG:colcon.colcon_core.event_handler.log_command:Invoked command in '/home/lucas/catkin_ws/src/learning_node_python' returned '0': PYTHONPATH=/home/lucas/catkin_ws/install/learning_node_python/lib/python3.8/site-packages:${PYTHONPATH} /usr/bin/python3 setup.py egg_info --egg-base ../../build/learning_node_python build --build-base /home/lucas/catkin_ws/build/learning_node_python/build install --prefix /home/lucas/catkin_ws/install/learning_node_python --record /home/lucas/catkin_ws/build/learning_node_python/install.log --single-version-externally-managed
[2.448s] Level 1:colcon.colcon_core.environment:checking '/home/lucas/catkin_ws/install/learning_node_python' for CMake config files
[2.448s] Level 1:colcon.colcon_core.environment:checking '/home/lucas/catkin_ws/install/learning_node_python/lib'
[2.448s] Level 1:colcon.colcon_core.environment:checking '/home/lucas/catkin_ws/install/learning_node_python/bin'
[2.448s] Level 1:colcon.colcon_core.environment:checking '/home/lucas/catkin_ws/install/learning_node_python/lib/pkgconfig/learning_node_python.pc'
[2.448s] Level 1:colcon.colcon_core.environment:checking '/home/lucas/catkin_ws/install/learning_node_python/lib/python3.8/site-packages'
[2.448s] Level 1:colcon.colcon_core.shell:create_environment_hook('learning_node_python', 'pythonpath')
[2.449s] INFO:colcon.colcon_core.shell:Creating environment descriptor '/home/lucas/catkin_ws/install/learning_node_python/share/learning_node_python/hook/pythonpath.dsv'
[2.449s] INFO:colcon.colcon_core.shell:Creating environment hook '/home/lucas/catkin_ws/install/learning_node_python/share/learning_node_python/hook/pythonpath.sh'
[2.449s] Level 1:colcon.colcon_core.environment:checking '/home/lucas/catkin_ws/install/learning_node_python/bin'
[2.449s] Level 1:colcon.colcon_core.environment:create_environment_scripts_only(learning_node_python)
[2.450s] INFO:colcon.colcon_core.shell:Creating package descriptor '/home/lucas/catkin_ws/install/learning_node_python/share/learning_node_python/package.dsv'
[2.450s] INFO:colcon.colcon_core.shell:Creating package script '/home/lucas/catkin_ws/install/learning_node_python/share/learning_node_python/package.sh'
[2.450s] Level 1:colcon.colcon_core.environment:create_file_with_runtime_dependencies(/home/lucas/catkin_ws/install/learning_node_python/share/colcon-core/packages/learning_node_python)
[2.450s] DEBUG:colcon.colcon_core.executor.sequential:run_until_complete 'learning_node_python' finished with '0'
[2.450s] DEBUG:colcon.colcon_core.executor.sequential:run_until_complete 'learning_parameter'
[2.450s] INFO:colcon.colcon_ros.task.ament_python.build:Building ROS package in '/home/lucas/catkin_ws/src/learning_parameter' with build type 'ament_python'
[2.450s] Level 1:colcon.colcon_core.shell:create_environment_hook('learning_parameter', 'ament_prefix_path')
[2.451s] INFO:colcon.colcon_core.shell:Creating environment descriptor '/home/lucas/catkin_ws/install/learning_parameter/share/learning_parameter/hook/ament_prefix_path.dsv'
[2.451s] INFO:colcon.colcon_core.shell:Creating environment hook '/home/lucas/catkin_ws/install/learning_parameter/share/learning_parameter/hook/ament_prefix_path.sh'
[2.451s] DEBUG:colcon.colcon_core.shell:Skip shell extension 'dsv' for command environment
[2.562s] INFO:colcon.colcon_core.task.python.build:Building Python package in '/home/lucas/catkin_ws/src/learning_parameter'
[2.563s] DEBUG:colcon.colcon_core.shell:Skip shell extension 'dsv' for command environment
[2.766s] DEBUG:colcon.colcon_core.event_handler.log_command:Invoking command in '/home/lucas/catkin_ws/src/learning_parameter': PYTHONPATH=/home/lucas/catkin_ws/install/learning_parameter/lib/python3.8/site-packages:${PYTHONPATH} /usr/bin/python3 setup.py egg_info --egg-base ../../build/learning_parameter build --build-base /home/lucas/catkin_ws/build/learning_parameter/build install --prefix /home/lucas/catkin_ws/install/learning_parameter --record /home/lucas/catkin_ws/build/learning_parameter/install.log --single-version-externally-managed
[2.915s] Level 1:colcon.colcon_core.environment:checking '/home/lucas/catkin_ws/install/learning_parameter' for CMake module files
[2.915s] DEBUG:colcon.colcon_core.event_handler.log_command:Invoked command in '/home/lucas/catkin_ws/src/learning_parameter' returned '0': PYTHONPATH=/home/lucas/catkin_ws/install/learning_parameter/lib/python3.8/site-packages:${PYTHONPATH} /usr/bin/python3 setup.py egg_info --egg-base ../../build/learning_parameter build --build-base /home/lucas/catkin_ws/build/learning_parameter/build install --prefix /home/lucas/catkin_ws/install/learning_parameter --record /home/lucas/catkin_ws/build/learning_parameter/install.log --single-version-externally-managed
[2.915s] Level 1:colcon.colcon_core.environment:checking '/home/lucas/catkin_ws/install/learning_parameter' for CMake config files
[2.916s] Level 1:colcon.colcon_core.environment:checking '/home/lucas/catkin_ws/install/learning_parameter/lib'
[2.916s] Level 1:colcon.colcon_core.environment:checking '/home/lucas/catkin_ws/install/learning_parameter/bin'
[2.916s] Level 1:colcon.colcon_core.environment:checking '/home/lucas/catkin_ws/install/learning_parameter/lib/pkgconfig/learning_parameter.pc'
[2.916s] Level 1:colcon.colcon_core.environment:checking '/home/lucas/catkin_ws/install/learning_parameter/lib/python3.8/site-packages'
[2.916s] Level 1:colcon.colcon_core.shell:create_environment_hook('learning_parameter', 'pythonpath')
[2.916s] INFO:colcon.colcon_core.shell:Creating environment descriptor '/home/lucas/catkin_ws/install/learning_parameter/share/learning_parameter/hook/pythonpath.dsv'
[2.917s] INFO:colcon.colcon_core.shell:Creating environment hook '/home/lucas/catkin_ws/install/learning_parameter/share/learning_parameter/hook/pythonpath.sh'
[2.917s] Level 1:colcon.colcon_core.environment:checking '/home/lucas/catkin_ws/install/learning_parameter/bin'
[2.917s] Level 1:colcon.colcon_core.environment:create_environment_scripts_only(learning_parameter)
[2.917s] INFO:colcon.colcon_core.shell:Creating package descriptor '/home/lucas/catkin_ws/install/learning_parameter/share/learning_parameter/package.dsv'
[2.918s] INFO:colcon.colcon_core.shell:Creating package script '/home/lucas/catkin_ws/install/learning_parameter/share/learning_parameter/package.sh'
[2.918s] Level 1:colcon.colcon_core.environment:create_file_with_runtime_dependencies(/home/lucas/catkin_ws/install/learning_parameter/share/colcon-core/packages/learning_parameter)
[2.918s] DEBUG:colcon.colcon_core.executor.sequential:run_until_complete 'learning_parameter' finished with '0'
[2.918s] DEBUG:colcon.colcon_core.executor.sequential:run_until_complete 'learning_pkg_c'
[2.918s] INFO:colcon.colcon_ros.task.ament_cmake.build:Building ROS package in '/home/lucas/catkin_ws/src/learning_pkg_c' with build type 'ament_cmake'
[2.918s] INFO:colcon.colcon_cmake.task.cmake.build:Building CMake package in '/home/lucas/catkin_ws/src/learning_pkg_c'
[2.919s] DEBUG:colcon.colcon_core.shell:Skip shell extension 'dsv' for command environment
[2.924s] DEBUG:colcon.colcon_core.event_handler.log_command:Invoking command in '/home/lucas/catkin_ws/build/learning_pkg_c': CMAKE_PREFIX_PATH=${CMAKE_PREFIX_PATH}:/home/lucas/catkin_ws/install/learning_launch:/home/lucas/catkin_ws/install/learning_topic:/home/lucas/catkin_ws/install/learning_service:/home/lucas/catkin_ws/install/learning_qos:/home/lucas/catkin_ws/install/learning_pkg_python:/home/lucas/catkin_ws/install/learning_parameter:/home/lucas/catkin_ws/install/learning_node_python:/home/lucas/catkin_ws/install/learning_action:/opt/ros/foxy /usr/bin/cmake --build /home/lucas/catkin_ws/build/learning_pkg_c -- -j2 -l2
[2.957s] DEBUG:colcon.colcon_core.event_handler.log_command:Invoked command in '/home/lucas/catkin_ws/build/learning_pkg_c' returned '0': CMAKE_PREFIX_PATH=${CMAKE_PREFIX_PATH}:/home/lucas/catkin_ws/install/learning_launch:/home/lucas/catkin_ws/install/learning_topic:/home/lucas/catkin_ws/install/learning_service:/home/lucas/catkin_ws/install/learning_qos:/home/lucas/catkin_ws/install/learning_pkg_python:/home/lucas/catkin_ws/install/learning_parameter:/home/lucas/catkin_ws/install/learning_node_python:/home/lucas/catkin_ws/install/learning_action:/opt/ros/foxy /usr/bin/cmake --build /home/lucas/catkin_ws/build/learning_pkg_c -- -j2 -l2
[2.974s] DEBUG:colcon.colcon_core.event_handler.log_command:Invoking command in '/home/lucas/catkin_ws/build/learning_pkg_c': CMAKE_PREFIX_PATH=${CMAKE_PREFIX_PATH}:/home/lucas/catkin_ws/install/learning_launch:/home/lucas/catkin_ws/install/learning_topic:/home/lucas/catkin_ws/install/learning_service:/home/lucas/catkin_ws/install/learning_qos:/home/lucas/catkin_ws/install/learning_pkg_python:/home/lucas/catkin_ws/install/learning_parameter:/home/lucas/catkin_ws/install/learning_node_python:/home/lucas/catkin_ws/install/learning_action:/opt/ros/foxy /usr/bin/cmake --install /home/lucas/catkin_ws/build/learning_pkg_c
[2.983s] Level 1:colcon.colcon_core.environment:create_environment_scripts_only(learning_pkg_c)
[2.985s] Level 1:colcon.colcon_core.environment:checking '/home/lucas/catkin_ws/install/learning_pkg_c' for CMake module files
[2.985s] DEBUG:colcon.colcon_core.event_handler.log_command:Invoked command in '/home/lucas/catkin_ws/build/learning_pkg_c' returned '0': CMAKE_PREFIX_PATH=${CMAKE_PREFIX_PATH}:/home/lucas/catkin_ws/install/learning_launch:/home/lucas/catkin_ws/install/learning_topic:/home/lucas/catkin_ws/install/learning_service:/home/lucas/catkin_ws/install/learning_qos:/home/lucas/catkin_ws/install/learning_pkg_python:/home/lucas/catkin_ws/install/learning_parameter:/home/lucas/catkin_ws/install/learning_node_python:/home/lucas/catkin_ws/install/learning_action:/opt/ros/foxy /usr/bin/cmake --install /home/lucas/catkin_ws/build/learning_pkg_c
[2.985s] Level 1:colcon.colcon_core.environment:checking '/home/lucas/catkin_ws/install/learning_pkg_c' for CMake config files
[2.985s] Level 1:colcon.colcon_core.shell:create_environment_hook('learning_pkg_c', 'cmake_prefix_path')
[2.985s] INFO:colcon.colcon_core.shell:Creating environment descriptor '/home/lucas/catkin_ws/install/learning_pkg_c/share/learning_pkg_c/hook/cmake_prefix_path.dsv'
[2.986s] INFO:colcon.colcon_core.shell:Creating environment hook '/home/lucas/catkin_ws/install/learning_pkg_c/share/learning_pkg_c/hook/cmake_prefix_path.sh'
[2.986s] Level 1:colcon.colcon_core.environment:checking '/home/lucas/catkin_ws/install/learning_pkg_c/bin'
[2.986s] Level 1:colcon.colcon_core.environment:checking '/home/lucas/catkin_ws/install/learning_pkg_c/lib/pkgconfig/learning_pkg_c.pc'
[2.986s] Level 1:colcon.colcon_core.environment:checking '/home/lucas/catkin_ws/install/learning_pkg_c/lib/python3.8/site-packages'
[2.986s] Level 1:colcon.colcon_core.environment:checking '/home/lucas/catkin_ws/install/learning_pkg_c/bin'
[2.987s] INFO:colcon.colcon_core.shell:Creating package descriptor '/home/lucas/catkin_ws/install/learning_pkg_c/share/learning_pkg_c/package.dsv'
[2.987s] INFO:colcon.colcon_core.shell:Creating package script '/home/lucas/catkin_ws/install/learning_pkg_c/share/learning_pkg_c/package.sh'
[2.987s] Level 1:colcon.colcon_core.environment:create_file_with_runtime_dependencies(/home/lucas/catkin_ws/install/learning_pkg_c/share/colcon-core/packages/learning_pkg_c)
[3.005s] Level 1:colcon.colcon_core.environment:create_environment_scripts_only(learning_pkg_c)
[3.006s] Level 1:colcon.colcon_core.environment:checking '/home/lucas/catkin_ws/install/learning_pkg_c' for CMake module files
[3.006s] Level 1:colcon.colcon_core.environment:checking '/home/lucas/catkin_ws/install/learning_pkg_c' for CMake config files
[3.006s] Level 1:colcon.colcon_core.shell:create_environment_hook('learning_pkg_c', 'cmake_prefix_path')
[3.006s] INFO:colcon.colcon_core.shell:Creating environment descriptor '/home/lucas/catkin_ws/install/learning_pkg_c/share/learning_pkg_c/hook/cmake_prefix_path.dsv'
[3.007s] INFO:colcon.colcon_core.shell:Creating environment hook '/home/lucas/catkin_ws/install/learning_pkg_c/share/learning_pkg_c/hook/cmake_prefix_path.sh'
[3.007s] Level 1:colcon.colcon_core.environment:checking '/home/lucas/catkin_ws/install/learning_pkg_c/bin'
[3.007s] Level 1:colcon.colcon_core.environment:checking '/home/lucas/catkin_ws/install/learning_pkg_c/lib/pkgconfig/learning_pkg_c.pc'
[3.007s] Level 1:colcon.colcon_core.environment:checking '/home/lucas/catkin_ws/install/learning_pkg_c/lib/python3.8/site-packages'
[3.007s] Level 1:colcon.colcon_core.environment:checking '/home/lucas/catkin_ws/install/learning_pkg_c/bin'
[3.007s] INFO:colcon.colcon_core.shell:Creating package descriptor '/home/lucas/catkin_ws/install/learning_pkg_c/share/learning_pkg_c/package.dsv'
[3.008s] INFO:colcon.colcon_core.shell:Creating package script '/home/lucas/catkin_ws/install/learning_pkg_c/share/learning_pkg_c/package.sh'
[3.008s] Level 1:colcon.colcon_core.environment:create_file_with_runtime_dependencies(/home/lucas/catkin_ws/install/learning_pkg_c/share/colcon-core/packages/learning_pkg_c)
[3.008s] DEBUG:colcon.colcon_core.executor.sequential:run_until_complete 'learning_pkg_c' finished with '0'
[3.008s] DEBUG:colcon.colcon_core.executor.sequential:run_until_complete 'learning_pkg_python'
[3.008s] INFO:colcon.colcon_ros.task.ament_python.build:Building ROS package in '/home/lucas/catkin_ws/src/learning_pkg_python' with build type 'ament_python'
[3.008s] Level 1:colcon.colcon_core.shell:create_environment_hook('learning_pkg_python', 'ament_prefix_path')
[3.009s] INFO:colcon.colcon_core.shell:Creating environment descriptor '/home/lucas/catkin_ws/install/learning_pkg_python/share/learning_pkg_python/hook/ament_prefix_path.dsv'
[3.009s] INFO:colcon.colcon_core.shell:Creating environment hook '/home/lucas/catkin_ws/install/learning_pkg_python/share/learning_pkg_python/hook/ament_prefix_path.sh'
[3.009s] DEBUG:colcon.colcon_core.shell:Skip shell extension 'dsv' for command environment
[3.124s] INFO:colcon.colcon_core.task.python.build:Building Python package in '/home/lucas/catkin_ws/src/learning_pkg_python'
[3.125s] DEBUG:colcon.colcon_core.shell:Skip shell extension 'dsv' for command environment
[3.316s] DEBUG:colcon.colcon_core.event_handler.log_command:Invoking command in '/home/lucas/catkin_ws/src/learning_pkg_python': PYTHONPATH=/home/lucas/catkin_ws/install/learning_pkg_python/lib/python3.8/site-packages:${PYTHONPATH} /usr/bin/python3 setup.py egg_info --egg-base ../../build/learning_pkg_python build --build-base /home/lucas/catkin_ws/build/learning_pkg_python/build install --prefix /home/lucas/catkin_ws/install/learning_pkg_python --record /home/lucas/catkin_ws/build/learning_pkg_python/install.log --single-version-externally-managed
[3.455s] Level 1:colcon.colcon_core.environment:checking '/home/lucas/catkin_ws/install/learning_pkg_python' for CMake module files
[3.455s] DEBUG:colcon.colcon_core.event_handler.log_command:Invoked command in '/home/lucas/catkin_ws/src/learning_pkg_python' returned '0': PYTHONPATH=/home/lucas/catkin_ws/install/learning_pkg_python/lib/python3.8/site-packages:${PYTHONPATH} /usr/bin/python3 setup.py egg_info --egg-base ../../build/learning_pkg_python build --build-base /home/lucas/catkin_ws/build/learning_pkg_python/build install --prefix /home/lucas/catkin_ws/install/learning_pkg_python --record /home/lucas/catkin_ws/build/learning_pkg_python/install.log --single-version-externally-managed
[3.455s] Level 1:colcon.colcon_core.environment:checking '/home/lucas/catkin_ws/install/learning_pkg_python' for CMake config files
[3.455s] Level 1:colcon.colcon_core.environment:checking '/home/lucas/catkin_ws/install/learning_pkg_python/lib'
[3.456s] Level 1:colcon.colcon_core.environment:checking '/home/lucas/catkin_ws/install/learning_pkg_python/bin'
[3.456s] Level 1:colcon.colcon_core.environment:checking '/home/lucas/catkin_ws/install/learning_pkg_python/lib/pkgconfig/learning_pkg_python.pc'
[3.456s] Level 1:colcon.colcon_core.environment:checking '/home/lucas/catkin_ws/install/learning_pkg_python/lib/python3.8/site-packages'
[3.456s] Level 1:colcon.colcon_core.shell:create_environment_hook('learning_pkg_python', 'pythonpath')
[3.456s] INFO:colcon.colcon_core.shell:Creating environment descriptor '/home/lucas/catkin_ws/install/learning_pkg_python/share/learning_pkg_python/hook/pythonpath.dsv'
[3.456s] INFO:colcon.colcon_core.shell:Creating environment hook '/home/lucas/catkin_ws/install/learning_pkg_python/share/learning_pkg_python/hook/pythonpath.sh'
[3.457s] Level 1:colcon.colcon_core.environment:checking '/home/lucas/catkin_ws/install/learning_pkg_python/bin'
[3.457s] Level 1:colcon.colcon_core.environment:create_environment_scripts_only(learning_pkg_python)
[3.457s] INFO:colcon.colcon_core.shell:Creating package descriptor '/home/lucas/catkin_ws/install/learning_pkg_python/share/learning_pkg_python/package.dsv'
[3.457s] INFO:colcon.colcon_core.shell:Creating package script '/home/lucas/catkin_ws/install/learning_pkg_python/share/learning_pkg_python/package.sh'
[3.457s] Level 1:colcon.colcon_core.environment:create_file_with_runtime_dependencies(/home/lucas/catkin_ws/install/learning_pkg_python/share/colcon-core/packages/learning_pkg_python)
[3.458s] DEBUG:colcon.colcon_core.executor.sequential:run_until_complete 'learning_pkg_python' finished with '0'
[3.458s] DEBUG:colcon.colcon_core.executor.sequential:run_until_complete 'learning_qos'
[3.458s] INFO:colcon.colcon_ros.task.ament_python.build:Building ROS package in '/home/lucas/catkin_ws/src/learning_qos' with build type 'ament_python'
[3.458s] Level 1:colcon.colcon_core.shell:create_environment_hook('learning_qos', 'ament_prefix_path')
[3.458s] INFO:colcon.colcon_core.shell:Creating environment descriptor '/home/lucas/catkin_ws/install/learning_qos/share/learning_qos/hook/ament_prefix_path.dsv'
[3.458s] INFO:colcon.colcon_core.shell:Creating environment hook '/home/lucas/catkin_ws/install/learning_qos/share/learning_qos/hook/ament_prefix_path.sh'
[3.459s] DEBUG:colcon.colcon_core.shell:Skip shell extension 'dsv' for command environment
[3.566s] INFO:colcon.colcon_core.task.python.build:Building Python package in '/home/lucas/catkin_ws/src/learning_qos'
[3.566s] DEBUG:colcon.colcon_core.shell:Skip shell extension 'dsv' for command environment
[3.758s] DEBUG:colcon.colcon_core.event_handler.log_command:Invoking command in '/home/lucas/catkin_ws/src/learning_qos': PYTHONPATH=/home/lucas/catkin_ws/install/learning_qos/lib/python3.8/site-packages:${PYTHONPATH} /usr/bin/python3 setup.py egg_info --egg-base ../../build/learning_qos build --build-base /home/lucas/catkin_ws/build/learning_qos/build install --prefix /home/lucas/catkin_ws/install/learning_qos --record /home/lucas/catkin_ws/build/learning_qos/install.log --single-version-externally-managed
[3.897s] Level 1:colcon.colcon_core.environment:checking '/home/lucas/catkin_ws/install/learning_qos' for CMake module files
[3.898s] DEBUG:colcon.colcon_core.event_handler.log_command:Invoked command in '/home/lucas/catkin_ws/src/learning_qos' returned '0': PYTHONPATH=/home/lucas/catkin_ws/install/learning_qos/lib/python3.8/site-packages:${PYTHONPATH} /usr/bin/python3 setup.py egg_info --egg-base ../../build/learning_qos build --build-base /home/lucas/catkin_ws/build/learning_qos/build install --prefix /home/lucas/catkin_ws/install/learning_qos --record /home/lucas/catkin_ws/build/learning_qos/install.log --single-version-externally-managed
[3.898s] Level 1:colcon.colcon_core.environment:checking '/home/lucas/catkin_ws/install/learning_qos' for CMake config files
[3.898s] Level 1:colcon.colcon_core.environment:checking '/home/lucas/catkin_ws/install/learning_qos/lib'
[3.898s] Level 1:colcon.colcon_core.environment:checking '/home/lucas/catkin_ws/install/learning_qos/bin'
[3.898s] Level 1:colcon.colcon_core.environment:checking '/home/lucas/catkin_ws/install/learning_qos/lib/pkgconfig/learning_qos.pc'
[3.898s] Level 1:colcon.colcon_core.environment:checking '/home/lucas/catkin_ws/install/learning_qos/lib/python3.8/site-packages'
[3.898s] Level 1:colcon.colcon_core.shell:create_environment_hook('learning_qos', 'pythonpath')
[3.899s] INFO:colcon.colcon_core.shell:Creating environment descriptor '/home/lucas/catkin_ws/install/learning_qos/share/learning_qos/hook/pythonpath.dsv'
[3.899s] INFO:colcon.colcon_core.shell:Creating environment hook '/home/lucas/catkin_ws/install/learning_qos/share/learning_qos/hook/pythonpath.sh'
[3.899s] Level 1:colcon.colcon_core.environment:checking '/home/lucas/catkin_ws/install/learning_qos/bin'
[3.899s] Level 1:colcon.colcon_core.environment:create_environment_scripts_only(learning_qos)
[3.900s] INFO:colcon.colcon_core.shell:Creating package descriptor '/home/lucas/catkin_ws/install/learning_qos/share/learning_qos/package.dsv'
[3.900s] INFO:colcon.colcon_core.shell:Creating package script '/home/lucas/catkin_ws/install/learning_qos/share/learning_qos/package.sh'
[3.900s] Level 1:colcon.colcon_core.environment:create_file_with_runtime_dependencies(/home/lucas/catkin_ws/install/learning_qos/share/colcon-core/packages/learning_qos)
[3.900s] DEBUG:colcon.colcon_core.executor.sequential:run_until_complete 'learning_qos' finished with '0'
[3.900s] DEBUG:colcon.colcon_core.executor.sequential:run_until_complete 'learning_topic'
[3.900s] INFO:colcon.colcon_ros.task.ament_python.build:Building ROS package in '/home/lucas/catkin_ws/src/learning_topic' with build type 'ament_python'
[3.901s] Level 1:colcon.colcon_core.shell:create_environment_hook('learning_topic', 'ament_prefix_path')
[3.901s] INFO:colcon.colcon_core.shell:Creating environment descriptor '/home/lucas/catkin_ws/install/learning_topic/share/learning_topic/hook/ament_prefix_path.dsv'
[3.901s] INFO:colcon.colcon_core.shell:Creating environment hook '/home/lucas/catkin_ws/install/learning_topic/share/learning_topic/hook/ament_prefix_path.sh'
[3.902s] DEBUG:colcon.colcon_core.shell:Skip shell extension 'dsv' for command environment
[4.019s] INFO:colcon.colcon_core.task.python.build:Building Python package in '/home/lucas/catkin_ws/src/learning_topic'
[4.020s] DEBUG:colcon.colcon_core.shell:Skip shell extension 'dsv' for command environment
[4.216s] DEBUG:colcon.colcon_core.event_handler.log_command:Invoking command in '/home/lucas/catkin_ws/src/learning_topic': PYTHONPATH=/home/lucas/catkin_ws/install/learning_topic/lib/python3.8/site-packages:${PYTHONPATH} /usr/bin/python3 setup.py egg_info --egg-base ../../build/learning_topic build --build-base /home/lucas/catkin_ws/build/learning_topic/build install --prefix /home/lucas/catkin_ws/install/learning_topic --record /home/lucas/catkin_ws/build/learning_topic/install.log --single-version-externally-managed
[4.361s] Level 1:colcon.colcon_core.environment:checking '/home/lucas/catkin_ws/install/learning_topic' for CMake module files
[4.361s] DEBUG:colcon.colcon_core.event_handler.log_command:Invoked command in '/home/lucas/catkin_ws/src/learning_topic' returned '0': PYTHONPATH=/home/lucas/catkin_ws/install/learning_topic/lib/python3.8/site-packages:${PYTHONPATH} /usr/bin/python3 setup.py egg_info --egg-base ../../build/learning_topic build --build-base /home/lucas/catkin_ws/build/learning_topic/build install --prefix /home/lucas/catkin_ws/install/learning_topic --record /home/lucas/catkin_ws/build/learning_topic/install.log --single-version-externally-managed
[4.361s] Level 1:colcon.colcon_core.environment:checking '/home/lucas/catkin_ws/install/learning_topic' for CMake config files
[4.361s] Level 1:colcon.colcon_core.environment:checking '/home/lucas/catkin_ws/install/learning_topic/lib'
[4.361s] Level 1:colcon.colcon_core.environment:checking '/home/lucas/catkin_ws/install/learning_topic/bin'
[4.361s] Level 1:colcon.colcon_core.environment:checking '/home/lucas/catkin_ws/install/learning_topic/lib/pkgconfig/learning_topic.pc'
[4.362s] Level 1:colcon.colcon_core.environment:checking '/home/lucas/catkin_ws/install/learning_topic/lib/python3.8/site-packages'
[4.362s] Level 1:colcon.colcon_core.shell:create_environment_hook('learning_topic', 'pythonpath')
[4.362s] INFO:colcon.colcon_core.shell:Creating environment descriptor '/home/lucas/catkin_ws/install/learning_topic/share/learning_topic/hook/pythonpath.dsv'
[4.362s] INFO:colcon.colcon_core.shell:Creating environment hook '/home/lucas/catkin_ws/install/learning_topic/share/learning_topic/hook/pythonpath.sh'
[4.362s] Level 1:colcon.colcon_core.environment:checking '/home/lucas/catkin_ws/install/learning_topic/bin'
[4.363s] Level 1:colcon.colcon_core.environment:create_environment_scripts_only(learning_topic)
[4.363s] INFO:colcon.colcon_core.shell:Creating package descriptor '/home/lucas/catkin_ws/install/learning_topic/share/learning_topic/package.dsv'
[4.363s] INFO:colcon.colcon_core.shell:Creating package script '/home/lucas/catkin_ws/install/learning_topic/share/learning_topic/package.sh'
[4.363s] Level 1:colcon.colcon_core.environment:create_file_with_runtime_dependencies(/home/lucas/catkin_ws/install/learning_topic/share/colcon-core/packages/learning_topic)
[4.363s] DEBUG:colcon.colcon_core.executor.sequential:run_until_complete 'learning_topic' finished with '0'
[4.363s] DEBUG:colcon.colcon_core.executor.sequential:run_until_complete 'learning_service'
[4.363s] INFO:colcon.colcon_ros.task.ament_python.build:Building ROS package in '/home/lucas/catkin_ws/src/learning_service' with build type 'ament_python'
[4.364s] Level 1:colcon.colcon_core.shell:create_environment_hook('learning_service', 'ament_prefix_path')
[4.364s] INFO:colcon.colcon_core.shell:Creating environment descriptor '/home/lucas/catkin_ws/install/learning_service/share/learning_service/hook/ament_prefix_path.dsv'
[4.364s] INFO:colcon.colcon_core.shell:Creating environment hook '/home/lucas/catkin_ws/install/learning_service/share/learning_service/hook/ament_prefix_path.sh'
[4.365s] DEBUG:colcon.colcon_core.shell:Skip shell extension 'dsv' for command environment
[4.476s] INFO:colcon.colcon_core.task.python.build:Building Python package in '/home/lucas/catkin_ws/src/learning_service'
[4.476s] DEBUG:colcon.colcon_core.shell:Skip shell extension 'dsv' for command environment
[4.681s] DEBUG:colcon.colcon_core.event_handler.log_command:Invoking command in '/home/lucas/catkin_ws/src/learning_service': CMAKE_PREFIX_PATH=/home/lucas/catkin_ws/install/learning_interface:/home/lucas/catkin_ws/install/learning_pkg_c PYTHONPATH=/home/lucas/catkin_ws/install/learning_service/lib/python3.8/site-packages:/home/lucas/catkin_ws/install/learning_interface/lib/python3.8/site-packages:/home/lucas/catkin_ws/install/learning_launch/lib/python3.8/site-packages:/home/lucas/catkin_ws/install/learning_topic/lib/python3.8/site-packages:/home/lucas/catkin_ws/install/learning_service/lib/python3.8/site-packages:/home/lucas/catkin_ws/install/learning_qos/lib/python3.8/site-packages:/home/lucas/catkin_ws/install/learning_pkg_python/lib/python3.8/site-packages:/home/lucas/catkin_ws/install/learning_parameter/lib/python3.8/site-packages:/home/lucas/catkin_ws/install/learning_node_python/lib/python3.8/site-packages:/home/lucas/catkin_ws/install/learning_action/lib/python3.8/site-packages:/opt/ros/foxy/lib/python3.8/site-packages /usr/bin/python3 setup.py egg_info --egg-base ../../build/learning_service build --build-base /home/lucas/catkin_ws/build/learning_service/build install --prefix /home/lucas/catkin_ws/install/learning_service --record /home/lucas/catkin_ws/build/learning_service/install.log --single-version-externally-managed
[4.824s] Level 1:colcon.colcon_core.environment:checking '/home/lucas/catkin_ws/install/learning_service' for CMake module files
[4.824s] DEBUG:colcon.colcon_core.event_handler.log_command:Invoked command in '/home/lucas/catkin_ws/src/learning_service' returned '0': CMAKE_PREFIX_PATH=/home/lucas/catkin_ws/install/learning_interface:/home/lucas/catkin_ws/install/learning_pkg_c PYTHONPATH=/home/lucas/catkin_ws/install/learning_service/lib/python3.8/site-packages:/home/lucas/catkin_ws/install/learning_interface/lib/python3.8/site-packages:/home/lucas/catkin_ws/install/learning_launch/lib/python3.8/site-packages:/home/lucas/catkin_ws/install/learning_topic/lib/python3.8/site-packages:/home/lucas/catkin_ws/install/learning_service/lib/python3.8/site-packages:/home/lucas/catkin_ws/install/learning_qos/lib/python3.8/site-packages:/home/lucas/catkin_ws/install/learning_pkg_python/lib/python3.8/site-packages:/home/lucas/catkin_ws/install/learning_parameter/lib/python3.8/site-packages:/home/lucas/catkin_ws/install/learning_node_python/lib/python3.8/site-packages:/home/lucas/catkin_ws/install/learning_action/lib/python3.8/site-packages:/opt/ros/foxy/lib/python3.8/site-packages /usr/bin/python3 setup.py egg_info --egg-base ../../build/learning_service build --build-base /home/lucas/catkin_ws/build/learning_service/build install --prefix /home/lucas/catkin_ws/install/learning_service --record /home/lucas/catkin_ws/build/learning_service/install.log --single-version-externally-managed
[4.825s] Level 1:colcon.colcon_core.environment:checking '/home/lucas/catkin_ws/install/learning_service' for CMake config files
[4.825s] Level 1:colcon.colcon_core.environment:checking '/home/lucas/catkin_ws/install/learning_service/lib'
[4.825s] Level 1:colcon.colcon_core.environment:checking '/home/lucas/catkin_ws/install/learning_service/bin'
[4.825s] Level 1:colcon.colcon_core.environment:checking '/home/lucas/catkin_ws/install/learning_service/lib/pkgconfig/learning_service.pc'
[4.825s] Level 1:colcon.colcon_core.environment:checking '/home/lucas/catkin_ws/install/learning_service/lib/python3.8/site-packages'
[4.825s] Level 1:colcon.colcon_core.shell:create_environment_hook('learning_service', 'pythonpath')
[4.825s] INFO:colcon.colcon_core.shell:Creating environment descriptor '/home/lucas/catkin_ws/install/learning_service/share/learning_service/hook/pythonpath.dsv'
[4.826s] INFO:colcon.colcon_core.shell:Creating environment hook '/home/lucas/catkin_ws/install/learning_service/share/learning_service/hook/pythonpath.sh'
[4.826s] Level 1:colcon.colcon_core.environment:checking '/home/lucas/catkin_ws/install/learning_service/bin'
[4.826s] Level 1:colcon.colcon_core.environment:create_environment_scripts_only(learning_service)
[4.827s] INFO:colcon.colcon_core.shell:Creating package descriptor '/home/lucas/catkin_ws/install/learning_service/share/learning_service/package.dsv'
[4.827s] INFO:colcon.colcon_core.shell:Creating package script '/home/lucas/catkin_ws/install/learning_service/share/learning_service/package.sh'
[4.827s] Level 1:colcon.colcon_core.environment:create_file_with_runtime_dependencies(/home/lucas/catkin_ws/install/learning_service/share/colcon-core/packages/learning_service)
[4.827s] DEBUG:colcon.colcon_core.executor.sequential:run_until_complete 'learning_service' finished with '0'
[4.827s] DEBUG:colcon.colcon_core.executor.sequential:closing loop
[4.828s] DEBUG:colcon.colcon_core.executor.sequential:loop closed
[4.828s] DEBUG:colcon.colcon_core.event_reactor:joining thread
[4.828s] DEBUG:colcon.colcon_core.event_reactor:joined thread
[4.829s] INFO:colcon.colcon_core.shell:Creating prefix script '/home/lucas/catkin_ws/install/local_setup.sh'
[4.829s] INFO:colcon.colcon_core.shell:Creating prefix util module '/home/lucas/catkin_ws/install/_local_setup_util_sh.py'
[4.830s] INFO:colcon.colcon_core.shell:Creating prefix chain script '/home/lucas/catkin_ws/install/setup.sh'
